-------
[train]
-------
         num_workers:0
          pin_memory:False
                seed:1591280374
               gclip:1
              l2_reg:1e-05
            patience:30
           optimizer:adam
                  lr:0.0004
            lr_decay:plateau
     lr_decay_revert:False
     lr_decay_factor:0.5
   lr_decay_patience:2
        lr_decay_min:1e-06
          model_type:SIMRL
            momentum:0.0
            nesterov:False
           disp_freq:30
          batch_size:6
          max_epochs:100
      max_iterations:1000000
        eval_metrics:bleu,loss
        eval_filters:
             de-hyphen
     eval_batch_size:32
           eval_freq:0
        eval_max_len:100
          eval_start:1
           eval_zero:False
   save_best_metrics:True
           save_path:/homes/al4616/experiments/simnmt/nmtpy/w2w_models/en-fr
    save_optim_state:False
     checkpoint_freq:5000
       n_checkpoints:0
     tensorboard_dir:/homes/al4616/experiments/simnmt/nmtpy/w2w_models/en-fr/tb_dir
     pretrained_file:
   pretrained_layers:
       freeze_layers:
          handle_oom:False
           subfolder:en-fr-simrl-multimodal-full
              exp_id:simrl-r348b0
------
[vars]
------
                  sl:en
                  tl:fr
-------
[model]
-------
            att_type:mlp
      att_bottleneck:hid
             enc_dim:320
   enc_bidirectional:False
             dec_dim:320
             emb_dim:200
         dropout_emb:0.4
         dropout_ctx:0.5
         dropout_out:0.5
          n_encoders:2
            tied_emb:2way
             max_len:None
      sched_sampling:0
            dec_init:zero
            bos_type:emb
           out_logic:deep
           direction:src:Text -> trg:Text
        sampler_type:bucket
           bucket_by:src
              splits:val,test
------
[data]
------
            txt_root:/vol/bitbucket/al4616/simmt/data/multi30k/en-fr
    pretrained_model:/homes/al4616/experiments/simnmt/nmtpy/w2w_models/en-fr/snmt-rnn-multimodal-decatt/simultaneousnmt-r5283e-val054.best.bleu_57.120.ckpt
           train_set:
                   src:/vol/bitbucket/al4616/simmt/data/multi30k/en-fr/val.lc.norm.tok.en
                   trg:/vol/bitbucket/al4616/simmt/data/multi30k/en-fr/val.lc.norm.tok.fr
             val_set:
                   src:/vol/bitbucket/al4616/simmt/data/multi30k/en-fr/val.lc.norm.tok.en
                   trg:/vol/bitbucket/al4616/simmt/data/multi30k/en-fr/val.lc.norm.tok.fr
test_2016_flickr_set:
                   src:/vol/bitbucket/al4616/simmt/data/multi30k/en-fr/test_2016_flickr.lc.norm.tok.en
                   trg:/vol/bitbucket/al4616/simmt/data/multi30k/en-fr/test_2016_flickr.lc.norm.tok.fr
test_2017_flickr_set:
                   src:/vol/bitbucket/al4616/simmt/data/multi30k/en-fr/test_2017_flickr.lc.norm.tok.en
                   trg:/vol/bitbucket/al4616/simmt/data/multi30k/en-fr/test_2017_flickr.lc.norm.tok.fr
------------
[vocabulary]
------------
                 src:/vol/bitbucket/al4616/simmt/data/multi30k/en-fr/train.lc.norm.tok.vocab.en
                 trg:/vol/bitbucket/al4616/simmt/data/multi30k/en-fr/train.lc.norm.tok.vocab.fr
----------------------------------------------------------------------

Warning: unused model option: splits
Python 3.7.7 -- torch 1.4.0 with CUDA 10.1 (on machine 'kingfisher.doc.ic.ac.uk')
nmtpytorch 4.1.0
DeviceManager(cuda:0, n_gpu=1)
Seed for further reproducibility: 1591280374
SLURM Job ID: 7299
Loading dataset(s)
Initializing dataset for 'src'...
0sents [00:00, ?sents/s]1014sents [00:00, 151261.67sents/s]
Initializing dataset for 'trg'...
0sents [00:00, ?sents/s]1014sents [00:00, 132455.83sents/s]
MultimodalDataset - (1 source(s) / 1 target(s))
  Sampler type: bucket, bucket_by: src
  Sources:
    --> TextDataset 'val.lc.norm.tok.en' (1014 sentences)
  Targets:
    --> TextDataset 'val.lc.norm.tok.fr' (1014 sentences)

Initializing dataset for 'src'...
0sents [00:00, ?sents/s]1014sents [00:00, 172718.66sents/s]
Initializing dataset for 'trg'...
0sents [00:00, ?sents/s]1014sents [00:00, 139943.54sents/s]
MultimodalDataset - (1 source(s) / 1 target(s))
  Sampler type: bucket, bucket_by: src
  Sources:
    --> TextDataset 'val.lc.norm.tok.en' (1014 sentences)
  Targets:
    --> TextDataset 'val.lc.norm.tok.fr' (1014 sentences)

Initializing dataset for 'src'...
0sents [00:00, ?sents/s]1014sents [00:00, 157356.23sents/s]
Skipping 'trg' as target
MultimodalDataset - (1 source(s) / 0 target(s))
  Sampler type: bucket, bucket_by: src
  Sources:
    --> TextDataset 'val.lc.norm.tok.en' (1014 sentences)

Ignoring batch_size 32 for simultaneous greedy search
Initializing dataset for 'src'...
0sents [00:00, ?sents/s]9246sents [00:00, 57628.35sents/s]26409sents [00:00, 101401.34sents/s]29000sents [00:00, 105060.75sents/s]
Initializing dataset for 'image'...
Skipping 'trg' as target
MultimodalDataset - (2 source(s) / 0 target(s))
  Sampler type: bucket, bucket_by: src
  Sources:
    --> TextDataset 'train.lc.norm.tok.en' (29000 sentences)
    --> NumpyDataset 'train-resnet50-res5c_relu-r256-c256-l2norm.npy' (29000 samples)


Initializing dataset for 'src'...
0sents [00:00, ?sents/s]12601sents [00:00, 125975.58sents/s]25920sents [00:00, 129585.45sents/s]29000sents [00:00, 132668.74sents/s]
Initializing dataset for 'image'...
Skipping 'trg' as target
MultimodalDataset - (2 source(s) / 0 target(s))
  Sampler type: bucket, bucket_by: src
  Sources:
    --> TextDataset 'train.lc.norm.tok.en' (29000 sentences)
    --> NumpyDataset 'train-resnet50-res5c_relu-r256-c256-l2norm.npy' (29000 samples)


SIMRL(
  (critic_loss): MSELoss()
  (emb): Embedding(11048, 200, padding_idx=0)
  (enc): MyConditionalDecoder(
    (emb): Embedding(1, 841, padding_idx=0)
    (dec0): GRUCell(841, 320)
    (do_out): Dropout(p=0.5, inplace=False)
    (hid2out): FF(in_features=320, out_features=841, activ=tanh, bias=True, bias_zero=True)
    (out2prob): FF(in_features=841, out_features=1, activ=linear, bias=True, bias_zero=True)
    (lin_class): Linear(in_features=1, out_features=1, bias=False)
    (nll_loss): NLLLoss()
  )
  (dec): MyConditionalDecoder(
    (emb): Embedding(2, 841, padding_idx=0)
    (dec0): GRUCell(841, 320)
    (do_out): Dropout(p=0.5, inplace=False)
    (hid2out): FF(in_features=320, out_features=841, activ=tanh, bias=True, bias_zero=True)
    (out2prob): FF(in_features=841, out_features=2, activ=linear, bias=True, bias_zero=True)
    (lin_class): Linear(in_features=1, out_features=1, bias=False)
    (nll_loss): NLLLoss()
  )
  (model_trans): SimultaneousNMT(
    (encoders): ModuleDict(
      (image): VisualFeaturesEncoder(
        (output): Sequential(
          (0): FF(in_features=2048, out_features=320, activ=tanh, bias=True, bias_zero=True)
          (1): Dropout(p=0.5, inplace=False)
        )
      )
      (src): TextEncoder(
        (do_emb): Dropout(p=0.4, inplace=False)
        (emb): Embedding(9797, 200, padding_idx=0)
        (enc): GRU(200, 320, num_layers=2)
        (output): Sequential(
          (0): Dropout(p=0.5, inplace=False)
        )
      )
    )
    (dec): SimultaneousConditionalDecoder(
      (emb): Embedding(11048, 200, padding_idx=0)
      (att): ModuleDict(
        (image): MLPAttention(
          (hid2ctx): Linear(in_features=320, out_features=320, bias=False)
          (ctx2ctx): Linear(in_features=320, out_features=320, bias=False)
          (ctx2hid): Linear(in_features=320, out_features=320, bias=False)
          (mlp): Linear(in_features=320, out_features=1, bias=False)
        )
        (src): MLPAttention(
          (hid2ctx): Linear(in_features=320, out_features=320, bias=False)
          (ctx2ctx): Linear(in_features=320, out_features=320, bias=False)
          (ctx2hid): Linear(in_features=320, out_features=320, bias=False)
          (mlp): Linear(in_features=320, out_features=1, bias=False)
        )
      )
      (fusion): Sequential(
        (0): Fusion(type=sum, adaptor=<function Fusion.__init__.<locals>.<lambda> at 0x7f9ff137cf80>, activ=None)
      )
      (dec0): GRUCell(200, 320)
      (dec1): GRUCell(320, 320)
      (do_out): Dropout(p=0.5, inplace=False)
      (hid2out): FF(in_features=840, out_features=200, activ=tanh, bias=True, bias_zero=True)
      (out2prob): FF(in_features=200, out_features=11048, activ=linear, bias=True, bias_zero=True)
      (nll_loss): NLLLoss()
    )
  )
  Vocabulary of 9797 items ('train.lc.norm.tok.vocab.en')
  Vocabulary of 11048 items ('train.lc.norm.tok.vocab.fr')
  # parameters: 7.85M (7.85M learnable)
  
)
Vocabulary of 9797 items ('train.lc.norm.tok.vocab.en')
Vocabulary of 11048 items ('train.lc.norm.tok.vocab.fr')
# parameters: 12.84M (12.84M learnable)

Optimizer => adam (lr: 0.0004, weight_decay: 1e-05, g_clip: 1, lr_decay: (patience=2, factor=0.5))
TensorBoard is active
Training started on 04-06-2020 15:19:51
Starting Epoch 1
[('emb.weight', Parameter containing:
tensor([[0., 0., 0., 0., 0., 0., 0., 0., 0., 0., 0., 0., 0., 0., 0., 0., 0., 0., 0., 0., 0., 0., 0., 0.,
         0., 0., 0., 0., 0., 0., 0., 0., 0., 0., 0., 0., 0., 0., 0., 0., 0., 0., 0., 0., 0., 0., 0., 0.,
         0., 0., 0., 0., 0., 0., 0., 0., 0., 0., 0., 0., 0., 0., 0., 0., 0., 0., 0., 0., 0., 0., 0., 0.,
         0., 0., 0., 0., 0., 0., 0., 0., 0., 0., 0., 0., 0., 0., 0., 0., 0., 0., 0., 0., 0., 0., 0., 0.,
         0., 0., 0., 0., 0., 0., 0., 0., 0., 0., 0., 0., 0., 0., 0., 0., 0., 0., 0., 0., 0., 0., 0., 0.,
         0., 0., 0., 0., 0., 0., 0., 0., 0., 0., 0., 0., 0., 0., 0., 0., 0., 0., 0., 0., 0., 0., 0., 0.,
         0., 0., 0., 0., 0., 0., 0., 0., 0., 0., 0., 0., 0., 0., 0., 0., 0., 0., 0., 0., 0., 0., 0., 0.,
         0., 0., 0., 0., 0., 0., 0., 0., 0., 0., 0., 0., 0., 0., 0., 0., 0., 0., 0., 0., 0., 0., 0., 0.,
         0., 0., 0., 0., 0., 0., 0., 0., 0., 0., 0., 0., 0., 0., 0., 0., 0., 0., 0., 0., 0., 0., 0., 0.,
         0., 0., 0., 0., 0., 0., 0., 0., 0., 0., 0., 0., 0., 0., 0., 0., 0., 0., 0., 0., 0., 0., 0., 0.,
         0., 0., 0., 0., 0., 0., 0., 0., 0., 0., 0., 0., 0., 0., 0., 0., 0., 0., 0., 0., 0., 0., 0., 0.,
         0., 0., 0., 0., 0., 0., 0., 0., 0., 0., 0., 0., 0., 0., 0., 0., 0., 0., 0., 0., 0., 0., 0., 0.,
         0., 0., 0., 0., 0., 0., 0., 0., 0., 0., 0., 0., 0., 0., 0., 0., 0., 0., 0., 0., 0., 0., 0., 0.,
         0., 0., 0., 0., 0., 0., 0., 0., 0., 0., 0., 0., 0., 0., 0., 0., 0., 0., 0., 0., 0., 0., 0., 0.,
         0., 0., 0., 0., 0., 0., 0., 0., 0., 0., 0., 0., 0., 0., 0., 0., 0., 0., 0., 0., 0., 0., 0., 0.,
         0., 0., 0., 0., 0., 0., 0., 0., 0., 0., 0., 0., 0., 0., 0., 0., 0., 0., 0., 0., 0., 0., 0., 0.,
         0., 0., 0., 0., 0., 0., 0., 0., 0., 0., 0., 0., 0., 0., 0., 0., 0., 0., 0., 0., 0., 0., 0., 0.,
         0., 0., 0., 0., 0., 0., 0., 0., 0., 0., 0., 0., 0., 0., 0., 0., 0., 0., 0., 0., 0., 0., 0., 0.,
         0., 0., 0., 0., 0., 0., 0., 0., 0., 0., 0., 0., 0., 0., 0., 0., 0., 0., 0., 0., 0., 0., 0., 0.,
         0., 0., 0., 0., 0., 0., 0., 0., 0., 0., 0., 0., 0., 0., 0., 0., 0., 0., 0., 0., 0., 0., 0., 0.,
         0., 0., 0., 0., 0., 0., 0., 0., 0., 0., 0., 0., 0., 0., 0., 0., 0., 0., 0., 0., 0., 0., 0., 0.,
         0., 0., 0., 0., 0., 0., 0., 0., 0., 0., 0., 0., 0., 0., 0., 0., 0., 0., 0., 0., 0., 0., 0., 0.,
         0., 0., 0., 0., 0., 0., 0., 0., 0., 0., 0., 0., 0., 0., 0., 0., 0., 0., 0., 0., 0., 0., 0., 0.,
         0., 0., 0., 0., 0., 0., 0., 0., 0., 0., 0., 0., 0., 0., 0., 0., 0., 0., 0., 0., 0., 0., 0., 0.,
         0., 0., 0., 0., 0., 0., 0., 0., 0., 0., 0., 0., 0., 0., 0., 0., 0., 0., 0., 0., 0., 0., 0., 0.,
         0., 0., 0., 0., 0., 0., 0., 0., 0., 0., 0., 0., 0., 0., 0., 0., 0., 0., 0., 0., 0., 0., 0., 0.,
         0., 0., 0., 0., 0., 0., 0., 0., 0., 0., 0., 0., 0., 0., 0., 0., 0., 0., 0., 0., 0., 0., 0., 0.,
         0., 0., 0., 0., 0., 0., 0., 0., 0., 0., 0., 0., 0., 0., 0., 0., 0., 0., 0., 0., 0., 0., 0., 0.,
         0., 0., 0., 0., 0., 0., 0., 0., 0., 0., 0., 0., 0., 0., 0., 0., 0., 0., 0., 0., 0., 0., 0., 0.,
         0., 0., 0., 0., 0., 0., 0., 0., 0., 0., 0., 0., 0., 0., 0., 0., 0., 0., 0., 0., 0., 0., 0., 0.,
         0., 0., 0., 0., 0., 0., 0., 0., 0., 0., 0., 0., 0., 0., 0., 0., 0., 0., 0., 0., 0., 0., 0., 0.,
         0., 0., 0., 0., 0., 0., 0., 0., 0., 0., 0., 0., 0., 0., 0., 0., 0., 0., 0., 0., 0., 0., 0., 0.,
         0., 0., 0., 0., 0., 0., 0., 0., 0., 0., 0., 0., 0., 0., 0., 0., 0., 0., 0., 0., 0., 0., 0., 0.,
         0., 0., 0., 0., 0., 0., 0., 0., 0., 0., 0., 0., 0., 0., 0., 0., 0., 0., 0., 0., 0., 0., 0., 0.,
         0., 0., 0., 0., 0., 0., 0., 0., 0., 0., 0., 0., 0., 0., 0., 0., 0., 0., 0., 0., 0., 0., 0., 0.,
         0.]], device='cuda:0', requires_grad=True)), ('dec0.weight_ih', Parameter containing:
tensor([[ 2.0596e-02, -1.0681e-02,  1.0790e-02,  ...,  3.8429e-02,
         -3.8804e-03,  3.8353e-02],
        [ 3.4853e-06, -2.0798e-02, -1.7738e-02,  ...,  3.2787e-02,
         -8.7355e-02, -5.3192e-02],
        [-7.2213e-02,  1.0587e-02, -9.3564e-03,  ...,  1.5322e-02,
          7.8592e-02,  2.1656e-02],
        ...,
        [-1.9489e-02, -3.1558e-02,  8.6304e-02,  ...,  1.8165e-02,
          5.6610e-02, -2.6833e-03],
        [ 1.0393e-01, -6.3188e-03, -9.0301e-02,  ...,  2.3028e-02,
          5.4471e-02, -3.9362e-02],
        [ 3.0320e-02,  7.6550e-02,  2.0470e-02,  ..., -9.3872e-02,
         -4.5875e-02,  1.8062e-02]], device='cuda:0', requires_grad=True)), ('dec0.weight_hh', Parameter containing:
tensor([[ 0.0210, -0.1442, -0.0132,  ...,  0.0230, -0.0898,  0.0194],
        [-0.0165, -0.1313,  0.0908,  ...,  0.0201,  0.0226,  0.0360],
        [ 0.1786, -0.0811,  0.0802,  ...,  0.1077,  0.0123, -0.1027],
        ...,
        [ 0.0563,  0.1272,  0.0426,  ..., -0.0069,  0.0078, -0.1084],
        [-0.0783, -0.0045, -0.0414,  ...,  0.0609, -0.0415,  0.0244],
        [-0.0742,  0.0695, -0.1417,  ..., -0.0263, -0.0149, -0.0345]],
       device='cuda:0', requires_grad=True)), ('dec0.bias_ih', Parameter containing:
tensor([-3.5636e-02,  3.8647e-02, -2.6281e-02, -3.2856e-02, -4.4754e-03,
        -4.6708e-02,  1.9236e-02, -2.5960e-02,  4.8900e-03,  3.2904e-02,
         4.9800e-03,  1.4168e-02,  4.1114e-02,  5.5702e-02, -3.9824e-02,
         4.6681e-02, -3.6776e-02,  5.4972e-02,  5.3622e-02, -1.7333e-02,
        -1.5270e-02, -9.0478e-03, -9.4923e-03,  2.5384e-02,  3.1354e-02,
        -2.4244e-02,  4.2291e-02, -1.3186e-02,  5.5239e-02, -3.1826e-02,
        -3.2577e-02,  2.6915e-02,  4.3106e-02,  4.0616e-02, -3.6257e-02,
        -5.5023e-02, -8.6953e-03,  2.5600e-02,  3.9549e-02,  5.5480e-02,
         2.2682e-02, -5.8915e-03,  3.7487e-04, -3.0259e-02, -4.1608e-02,
        -1.0035e-02,  3.8923e-02, -2.5700e-02,  5.5844e-02,  2.9726e-02,
         2.8184e-02, -1.1301e-02, -3.3093e-03,  2.2438e-02,  2.4457e-02,
         5.2242e-02, -4.4143e-02,  1.4409e-03,  2.4989e-02, -4.1097e-02,
        -2.5177e-03, -5.1382e-02, -1.9948e-02, -3.2743e-02, -2.6332e-02,
         4.7176e-02,  4.7981e-02,  5.3681e-02,  6.3451e-03,  8.2250e-03,
        -1.8413e-02,  3.3648e-02,  7.9514e-03,  3.4467e-02,  6.2467e-03,
         3.6649e-02,  5.3459e-02,  5.2209e-02, -3.3709e-02, -1.3317e-02,
         6.2743e-03, -1.5227e-02,  2.3173e-02,  1.6256e-02, -1.2752e-02,
        -1.6063e-02, -1.6949e-02,  4.3144e-04, -5.1433e-02, -8.4324e-03,
        -5.1562e-02, -3.0734e-02, -1.4962e-03,  1.2472e-02,  4.8443e-02,
        -7.3096e-03,  1.4949e-02,  5.0016e-02, -3.9085e-02,  3.5477e-02,
        -1.5450e-02,  2.1427e-02,  2.5836e-02, -1.0981e-02,  4.3201e-02,
         3.3767e-04, -5.0667e-02, -5.3753e-02, -3.2669e-03, -4.3200e-02,
        -4.0820e-02, -1.6124e-02,  2.5402e-03, -4.2388e-02,  2.2014e-02,
        -4.1045e-02,  5.0405e-02, -4.6461e-03,  2.0400e-02, -3.9405e-02,
         4.9460e-02, -2.0047e-02,  5.2359e-05,  5.1452e-02,  5.1342e-02,
         3.0967e-02,  1.5777e-02,  4.4998e-02,  4.7430e-02, -6.2203e-04,
        -5.0856e-02, -2.5726e-03, -3.7267e-02,  2.4002e-02,  4.2342e-02,
        -3.5962e-03, -4.4897e-02, -2.1828e-02,  2.8870e-02,  5.2439e-03,
         3.4190e-02, -5.8897e-03, -4.5559e-02, -2.6572e-02, -2.9859e-02,
        -4.6973e-02,  3.0677e-02,  5.4051e-03, -5.4819e-03,  3.1893e-02,
        -4.6532e-02, -8.3000e-03,  2.1342e-02,  3.3765e-02,  1.1599e-02,
        -1.7335e-02,  3.3379e-02, -2.2407e-02, -6.5331e-03,  4.5620e-02,
        -4.0618e-02, -3.6736e-02, -3.2081e-02, -5.4100e-02, -3.9308e-02,
        -2.9487e-02, -5.2260e-03, -4.3804e-03, -3.3402e-02, -3.9745e-02,
         1.3338e-02, -4.6758e-02,  4.9807e-02,  5.2400e-02,  2.3635e-02,
         8.0569e-04, -4.3252e-02,  4.8264e-02, -5.1168e-02, -4.3514e-02,
        -3.8044e-02,  1.2068e-02,  1.4143e-02, -5.2323e-02, -1.3964e-02,
         5.3229e-02, -1.3035e-02, -4.7312e-02, -1.6311e-02,  4.3882e-02,
         5.7571e-03, -3.1695e-02,  5.1999e-02, -1.6498e-02,  1.5913e-02,
         2.5036e-02, -1.2394e-02,  6.1795e-03, -1.5208e-02, -4.6834e-02,
        -2.1337e-02,  2.8357e-02, -2.7271e-02,  3.8453e-02, -2.8680e-02,
        -2.5312e-03,  7.4275e-03,  1.6884e-02, -3.5344e-02, -1.3735e-02,
         4.9882e-02, -5.3767e-02,  1.6351e-02, -4.3192e-02,  4.2308e-02,
         5.3167e-03,  5.1005e-02, -3.5490e-02, -1.0581e-02,  1.9068e-02,
         2.9769e-02,  5.2668e-02, -3.7223e-02,  8.9750e-03, -6.4914e-03,
         8.0676e-04, -1.3127e-02, -2.9952e-02,  1.5528e-02,  8.9872e-03,
         4.5720e-02, -1.6188e-02,  5.3419e-02,  5.5941e-03, -8.9607e-03,
        -2.7976e-02,  2.3267e-02, -5.3696e-02,  2.1650e-02, -2.8617e-02,
        -3.1553e-03, -4.3365e-03, -3.6784e-02,  4.8832e-02,  5.5296e-02,
        -3.6640e-02, -1.2661e-02,  5.4302e-02,  1.0017e-02,  3.8671e-02,
         1.4180e-02, -3.1581e-02, -5.1062e-02,  3.7671e-02,  3.4091e-02,
        -3.9401e-02, -3.4697e-02,  4.2912e-02,  3.9175e-03, -4.6781e-02,
         2.2337e-02, -3.5879e-02, -3.3089e-02, -1.1904e-02, -2.6773e-02,
        -5.2285e-02,  1.5519e-02,  2.0330e-02,  1.6368e-02,  4.7948e-02,
         4.0106e-03, -2.5473e-02, -3.2996e-02,  4.2305e-02, -4.3894e-02,
         8.5958e-03,  7.3898e-03, -4.0223e-02, -5.1376e-02,  6.8079e-03,
        -3.7248e-02, -3.6730e-02, -3.4606e-02,  1.5344e-02, -1.4447e-03,
        -1.8656e-02, -2.7120e-02, -4.1428e-02, -2.2351e-02,  3.7230e-02,
        -4.3089e-02, -3.7752e-02,  1.1024e-02, -4.2531e-02, -3.4363e-02,
         2.3619e-02, -2.9934e-02, -5.3114e-03,  2.0997e-02,  2.9724e-02,
        -1.8215e-03,  3.2501e-02, -1.0051e-03, -1.7281e-02, -2.9219e-02,
         1.9789e-02,  3.9780e-02,  4.3188e-02,  1.5625e-03, -1.2116e-02,
         2.4784e-02, -3.0465e-02, -2.8265e-02,  1.4409e-02,  1.8625e-02,
         1.1089e-02,  9.2778e-03, -5.6604e-03, -6.1385e-03,  9.2580e-03,
        -2.7867e-03, -5.2513e-02, -2.6337e-02, -8.1940e-03, -9.0427e-03,
        -4.0933e-02, -5.6402e-03,  5.3480e-03,  4.3752e-02,  3.7329e-02,
         4.5859e-02,  5.2310e-02,  1.3959e-02,  3.4428e-02, -4.6235e-02,
        -1.9466e-02, -3.9958e-02, -4.6741e-02,  5.5636e-02,  4.2455e-02,
        -3.7824e-02,  1.4279e-03,  1.2314e-02, -2.5803e-02, -1.0930e-02,
         1.0863e-02,  2.1443e-02,  3.0938e-02, -9.9245e-03,  1.5821e-02,
         4.1099e-02, -4.0951e-02,  4.8241e-02,  5.5824e-02,  2.3405e-02,
         5.5091e-02,  7.1292e-03,  3.1457e-02, -2.9104e-02, -2.2034e-02,
         1.2382e-02, -1.3140e-02, -5.9541e-04,  4.4450e-02, -1.3759e-02,
        -4.1936e-02, -4.2430e-02, -3.1889e-02, -2.8923e-03,  1.3291e-02,
         5.4362e-02,  2.7921e-02, -3.2380e-02,  4.6104e-02,  4.2890e-02,
         4.0402e-02,  4.8177e-02,  2.7574e-02, -3.0094e-02,  2.2439e-02,
         1.6289e-02, -4.3639e-02,  2.3100e-02, -5.4101e-02,  4.9541e-03,
         3.0282e-02, -2.4374e-02, -3.6655e-02,  2.0913e-02,  2.1645e-03,
        -1.2048e-02,  2.5135e-02, -2.4795e-02,  4.7645e-02,  2.9905e-02,
        -9.7796e-03, -3.3635e-02, -4.6893e-02, -2.6027e-02, -1.6489e-02,
        -1.2416e-02,  4.0337e-02,  1.3274e-02, -3.2822e-02, -4.2052e-02,
        -5.0802e-02,  1.6161e-02,  4.2812e-03,  5.1247e-03, -8.3906e-03,
         4.5068e-02, -2.9292e-02,  4.3028e-02, -2.2320e-02, -7.0602e-03,
         1.2842e-02, -2.2201e-03,  3.8602e-02, -3.3852e-02, -5.0506e-02,
        -4.5241e-02, -2.0378e-02, -4.7121e-02, -5.4479e-02,  1.8101e-02,
        -4.6884e-02, -1.2265e-02,  4.5696e-02, -2.1983e-02, -6.7648e-04,
         5.4209e-03, -4.3400e-02,  4.1965e-02, -6.8470e-03,  4.4286e-02,
         7.7402e-03, -4.8349e-03, -5.0882e-02,  9.2032e-03,  4.8712e-02,
        -4.8433e-02, -3.3826e-02,  1.6071e-02, -2.5724e-03,  3.5842e-02,
        -1.1366e-02, -2.3674e-02,  2.5285e-02,  5.5517e-02, -3.3232e-02,
        -3.6791e-02,  1.6285e-02, -3.3574e-02,  9.9060e-03,  8.2794e-03,
         3.6632e-02,  3.5514e-02, -4.5454e-02,  1.9752e-02, -5.1907e-02,
         4.0093e-02, -5.5763e-02, -3.3095e-02, -2.1016e-02, -7.0147e-03,
         2.8979e-02, -4.4046e-03,  2.7853e-02, -1.4408e-02, -3.9397e-02,
         4.4532e-02,  5.0208e-03, -3.7216e-02, -2.7330e-02,  5.3598e-04,
        -1.0239e-02,  2.3494e-03,  7.3686e-03,  2.5557e-02,  2.2098e-02,
         3.7638e-02, -5.2022e-02,  4.1235e-02,  2.9136e-02, -5.5411e-02,
         2.9600e-02,  1.4179e-02, -2.3371e-02,  4.6464e-02,  4.2119e-02,
        -4.0837e-02, -3.1689e-02, -2.6855e-02,  1.7455e-02,  4.4145e-02,
         5.3756e-02,  5.0836e-02,  2.8833e-02, -4.8559e-02, -4.4450e-02,
        -5.6620e-03,  1.5919e-02,  5.6793e-04,  4.4838e-02,  4.0590e-02,
        -4.0704e-02,  2.2913e-02, -5.3147e-02,  1.0348e-02, -4.3062e-02,
         1.3765e-02,  5.4517e-02, -1.8805e-02,  4.0634e-03,  7.2611e-03,
        -5.0652e-02, -4.8967e-02,  1.2029e-02,  1.6384e-02, -4.0999e-02,
        -2.2726e-02, -5.1305e-02,  1.3922e-02,  5.0092e-02,  9.5797e-04,
         4.3445e-02,  2.3151e-02,  1.4609e-02, -2.5934e-02,  4.6918e-02,
         4.9061e-02,  1.7386e-02, -5.1874e-02,  2.9471e-02,  3.8289e-02,
         2.4556e-02, -5.0184e-02,  5.5179e-02,  4.8481e-02,  2.4148e-04,
        -1.5046e-02, -2.6182e-02,  2.0451e-02, -3.9931e-02,  3.0433e-02,
         1.3467e-02,  1.1659e-02,  4.7521e-02,  5.6034e-03,  5.5269e-02,
        -3.9691e-02, -3.7501e-02,  3.6692e-02, -4.0763e-02, -2.4026e-02,
        -3.3367e-03, -2.7819e-02, -1.5688e-02, -3.3631e-02, -4.0346e-03,
         3.4865e-02, -1.5166e-02, -1.4964e-02, -4.9585e-02, -1.6795e-02,
        -1.8791e-02,  2.8896e-02, -2.4105e-02,  2.3390e-02,  4.8728e-02,
        -4.5174e-02,  3.1648e-02,  3.8803e-03, -4.2745e-02,  1.2006e-02,
        -2.6109e-02, -6.5863e-03, -3.7326e-02, -2.0417e-02,  2.5540e-02,
        -3.3495e-02, -3.6583e-02,  1.9213e-02, -1.9908e-02, -3.1480e-02,
         7.9876e-03, -3.5386e-02, -3.5759e-02, -7.1529e-03,  3.0010e-02,
         5.1906e-02, -3.5789e-02, -2.6858e-03,  9.8946e-04,  1.1488e-02,
        -3.7396e-02,  4.2757e-02, -4.1445e-02,  3.5932e-02,  2.3757e-02,
         3.7368e-02,  2.3754e-02, -2.3129e-02, -3.5874e-02, -2.6989e-02,
         4.8265e-04, -4.1204e-02,  4.6656e-02, -2.8063e-02, -2.4084e-02,
        -3.6477e-02,  3.2755e-02, -4.2210e-02, -4.0151e-02, -2.3146e-02,
        -4.6608e-02, -2.2169e-02, -4.3026e-02,  1.7897e-02,  6.5539e-03,
         7.1429e-03, -9.3092e-03,  2.8681e-02,  2.1280e-02, -6.6064e-03,
         4.9493e-02, -2.5852e-02, -3.0258e-02,  1.6537e-02,  1.9764e-02,
        -2.2663e-02,  3.9790e-02,  1.8865e-02, -1.8286e-02, -1.4156e-02,
         3.4293e-03, -5.3423e-02,  2.3725e-03,  4.2088e-03, -1.7561e-02,
        -4.2588e-02,  4.6459e-02,  3.0497e-02,  1.8075e-02, -3.9249e-02,
        -1.9083e-02,  4.6196e-02,  5.0092e-02, -4.0879e-02,  1.9439e-03,
         2.2168e-02,  3.4450e-02,  8.9514e-03,  4.7329e-02,  1.1233e-02,
        -3.4306e-02, -3.9250e-02, -7.9822e-03, -9.9635e-03, -3.0367e-03,
        -2.8288e-04,  7.5677e-03,  2.8144e-02,  3.3577e-02,  1.5363e-02,
        -1.0538e-02,  1.8413e-02,  2.1980e-02,  2.1934e-02,  2.6733e-02,
        -4.1631e-02, -3.7697e-02,  5.0508e-02, -2.8310e-02,  7.4686e-03,
         1.3938e-02,  4.1638e-02, -2.9841e-02, -1.2781e-02,  2.4670e-02,
        -4.2554e-02,  5.5798e-02, -3.7984e-02,  8.6910e-03,  3.1423e-02,
         3.9941e-02,  1.3968e-02, -5.2114e-02,  1.1593e-02,  6.1082e-04,
         4.2389e-03,  5.2354e-02, -1.3922e-02,  2.5436e-02, -1.9959e-02,
        -3.4036e-02,  3.0909e-02, -1.6010e-03,  3.8694e-02,  2.0196e-02,
        -3.6627e-02, -3.0759e-02,  1.8058e-02,  9.7151e-03,  4.2623e-02,
         1.5516e-02, -1.4673e-02,  2.1541e-02, -2.7033e-02, -3.8549e-02,
         5.0509e-02,  4.1017e-03,  3.1195e-02,  4.8849e-02, -4.8322e-02,
        -3.1924e-03,  3.5490e-02, -3.0230e-02, -4.6304e-03,  4.7830e-02,
         2.0322e-02,  3.9948e-02, -1.3159e-03, -7.8187e-03,  3.3617e-02,
        -5.5881e-02,  2.4778e-02, -4.3525e-02, -2.9205e-02,  1.2557e-02,
        -3.3507e-02,  5.0315e-02,  1.0911e-02, -5.3619e-02,  5.0868e-02,
        -3.0107e-02,  5.2452e-02, -4.8370e-02, -2.6566e-02, -3.5041e-02,
        -1.3181e-02, -2.0728e-02,  1.7768e-03,  1.7482e-02, -2.6164e-02,
        -5.4356e-03, -7.4674e-03,  7.2906e-03, -1.5270e-02, -9.0460e-03,
        -1.7454e-02,  4.5590e-02, -4.9074e-03,  3.9844e-02,  9.4810e-03,
         3.2187e-06, -2.3284e-02,  3.3217e-02,  8.9145e-03,  3.7227e-02,
        -3.6327e-02,  2.9725e-02, -9.2940e-04, -4.5890e-02, -1.8550e-02,
         1.7699e-02, -4.6042e-02,  2.4735e-02,  2.3136e-02, -6.7639e-03,
        -1.0065e-02,  4.4346e-02,  4.1721e-02,  4.4962e-02,  5.4256e-02,
        -3.8003e-02, -1.2505e-02, -2.2675e-02, -1.9178e-02,  5.7975e-03,
        -3.3971e-02, -9.8448e-03, -1.9471e-02, -1.4786e-02, -1.4453e-03,
        -3.7103e-02, -8.6561e-03,  2.5192e-02,  2.6606e-02, -1.8423e-03,
         3.0282e-02,  4.3221e-02,  5.2892e-02, -1.3784e-02,  3.1816e-02,
         2.1817e-02, -5.3370e-02, -3.8870e-02,  3.7615e-02, -3.9458e-02,
         7.0550e-03,  2.5618e-02,  1.6911e-02,  2.3368e-02, -2.7239e-02,
         4.4625e-02, -5.0503e-02,  3.1628e-02,  5.4550e-02, -2.1127e-02,
         1.8299e-02,  2.0747e-02,  5.3885e-03,  1.4013e-02, -7.2592e-03,
         4.7274e-02, -2.1036e-02, -2.6736e-02,  3.1939e-02,  5.4263e-02,
         2.2441e-02,  3.1869e-03,  1.4799e-02,  2.9739e-02,  3.1408e-02,
         4.3214e-02, -5.0285e-02, -1.5832e-02, -5.0624e-02,  5.1769e-03,
         2.8287e-03, -4.2976e-02,  4.6600e-02,  4.3314e-03, -2.6354e-03,
         2.4218e-03, -8.0178e-03,  3.5528e-02, -7.0357e-04,  1.2957e-02,
        -3.2480e-02, -3.0446e-02,  2.6669e-02,  1.0720e-02, -1.9186e-03,
        -3.7738e-02, -7.0276e-04,  1.5867e-02, -1.1064e-02, -1.4150e-02,
        -1.3011e-02,  1.7618e-02,  2.3061e-02,  2.0201e-02, -1.4550e-02,
        -1.4859e-02, -3.2244e-02,  4.5263e-02, -1.0999e-02,  1.0453e-02,
        -5.3561e-02,  3.1066e-02,  3.9001e-02,  4.1610e-02, -2.9841e-02,
        -2.8620e-02,  5.5496e-02, -4.9858e-02, -2.1808e-02, -5.1308e-02,
         9.4021e-03, -3.3677e-03, -1.2860e-02, -2.3974e-03, -4.7589e-02,
        -4.3300e-02,  1.4925e-02,  1.3858e-02,  4.1950e-02, -3.3946e-02,
        -2.9785e-03,  5.0875e-02, -2.8892e-03,  1.4171e-03, -5.3270e-02,
         5.3787e-02,  3.4443e-02,  3.1828e-03, -1.5332e-02,  2.0923e-02,
        -4.7138e-02, -1.8021e-02,  5.2886e-02, -2.0074e-02,  4.7976e-02,
         1.3367e-02, -8.5383e-03, -2.5976e-02, -4.0206e-02,  3.7479e-02,
        -3.0808e-02,  3.0205e-02, -1.5703e-02,  4.2174e-02,  1.2470e-02,
        -5.2983e-02, -4.3125e-02,  8.9677e-03,  7.4415e-03,  4.8498e-02,
         1.1669e-02,  4.4731e-02, -5.4479e-03,  4.6986e-02,  1.6657e-02,
         2.3639e-02, -1.6949e-02, -1.3422e-02,  4.7525e-02,  2.0100e-02,
         3.3647e-02,  2.7749e-02, -5.4089e-02,  1.8836e-03, -4.7717e-02,
         1.1281e-02, -9.4717e-03, -2.9199e-02,  2.0612e-04, -3.1584e-03,
        -4.8310e-02,  4.0903e-02, -9.2744e-03, -4.9832e-02, -3.3545e-02,
         5.4004e-02, -1.1087e-02,  8.3926e-03, -4.2918e-02, -4.3883e-02,
        -3.2013e-02, -4.5325e-02, -2.1120e-02,  3.8044e-02,  4.2478e-02,
        -4.5247e-02,  2.1854e-04, -4.7514e-02, -4.2804e-02, -4.0872e-02,
         5.1987e-02, -8.1074e-03, -3.8584e-02, -2.8031e-02, -2.7451e-02,
        -5.4634e-02, -1.5934e-02, -3.8048e-02, -2.4792e-02,  3.3162e-02],
       device='cuda:0', requires_grad=True)), ('dec0.bias_hh', Parameter containing:
tensor([-1.0566e-02,  3.4403e-02,  1.4828e-02, -1.0482e-02,  4.9395e-02,
         5.2166e-03,  7.5347e-03, -2.4893e-02,  8.0573e-04, -4.1483e-02,
        -1.9358e-02, -5.2250e-02,  3.7468e-03,  3.5265e-02,  1.0992e-02,
         3.9553e-02,  1.0119e-02, -2.1745e-03,  4.6232e-02, -2.1187e-02,
        -1.8624e-02, -9.3938e-04,  3.4993e-02,  1.9271e-03, -2.1491e-02,
         4.4975e-02,  1.2634e-02,  3.3562e-03,  4.1801e-03, -2.7319e-02,
        -3.6108e-02,  1.3156e-02,  2.3271e-02, -4.9154e-02, -1.1643e-02,
         3.7558e-02,  3.2848e-02,  4.6476e-02,  2.4941e-02,  4.5068e-02,
         4.7920e-02, -4.2430e-02, -1.7855e-02, -4.7142e-03,  3.1667e-03,
        -3.9655e-02,  1.3423e-02,  5.0927e-02,  3.0087e-03, -3.0812e-02,
        -4.1868e-02,  3.2564e-02,  2.7479e-02,  2.4711e-02,  3.4747e-02,
        -3.1973e-02, -4.4826e-02,  2.3175e-02,  4.0143e-02, -5.5675e-02,
        -1.4079e-02,  5.1715e-02, -4.2063e-02, -2.8240e-02,  7.6424e-03,
         1.3027e-02, -4.9025e-02, -4.7008e-02, -2.1085e-02, -3.9826e-02,
         3.5798e-02,  1.2978e-02,  4.5687e-02,  4.9929e-02, -1.8107e-02,
         1.9545e-03, -1.9139e-02, -2.7900e-02, -4.5338e-02, -2.5781e-02,
        -1.2690e-02, -2.7094e-02,  3.9742e-03,  3.6723e-02, -4.3125e-02,
        -2.5203e-02,  3.1215e-02,  3.4676e-02,  2.3605e-02,  2.2192e-02,
        -3.8500e-02,  5.1859e-02,  5.1338e-02, -1.8286e-03,  2.9819e-03,
         5.0708e-03, -3.8741e-02,  6.8854e-03,  3.0134e-02,  5.4551e-02,
        -4.8454e-02,  3.1886e-02,  1.6523e-02,  2.9109e-02, -5.3664e-02,
        -2.9784e-02,  4.5442e-02,  4.8136e-02, -2.0312e-02,  3.6940e-02,
         1.1575e-02, -3.7435e-02, -3.6784e-02, -1.7991e-02,  4.5977e-02,
        -1.2052e-02, -2.0158e-02,  3.6278e-02,  2.4517e-02,  1.8490e-02,
         1.7647e-02,  1.1317e-03, -1.4584e-02,  2.1136e-03,  2.3977e-02,
        -3.3935e-02, -1.0186e-02, -4.3166e-02,  4.2608e-03,  2.8517e-02,
         3.1460e-02,  3.9785e-02, -4.8489e-02, -3.0994e-02,  4.9452e-02,
        -3.1414e-02, -1.4428e-02, -2.1740e-02,  4.3413e-04, -1.1434e-02,
         3.7725e-02,  1.4801e-02, -3.9290e-02, -4.6969e-02,  1.1916e-03,
         5.4749e-02,  2.8943e-02,  5.0250e-02, -4.8520e-02, -2.1731e-02,
        -4.2551e-02,  2.4226e-02, -2.2965e-02, -3.0576e-02,  4.6237e-02,
        -4.7770e-02,  2.7173e-02,  1.5173e-03,  2.8573e-02, -4.4280e-02,
        -2.0918e-02,  3.3750e-02, -2.3748e-02, -4.0512e-02,  3.0886e-02,
         2.7052e-02, -3.8731e-02, -1.4813e-03,  5.2726e-02,  2.0838e-02,
         4.8193e-03, -4.1784e-02, -5.4384e-02, -4.0509e-02, -8.2522e-04,
        -4.8059e-02,  4.4099e-02, -1.1190e-02, -1.5487e-02,  2.2303e-02,
         3.2310e-02,  3.1505e-02, -2.0451e-02, -2.4593e-02, -5.4666e-02,
        -1.8494e-02,  2.8841e-02,  2.5257e-02,  9.8476e-04,  3.7246e-02,
         4.4638e-02, -1.8575e-02,  4.4153e-02,  1.6982e-02, -5.5570e-02,
         4.7986e-02,  3.0558e-02,  3.3031e-02, -4.0552e-02, -1.9912e-02,
        -1.9821e-02,  3.4362e-02, -3.8002e-02,  4.1808e-02, -2.3864e-02,
         3.6526e-02,  1.8786e-02, -2.8777e-02,  1.9552e-02,  9.0180e-03,
         3.6965e-02,  4.4166e-02, -3.9700e-02,  5.3070e-02, -3.3149e-02,
        -7.1080e-03, -2.2158e-02,  4.8762e-02,  1.3927e-02, -2.6073e-02,
         2.0668e-02, -4.0149e-02,  4.5415e-02,  1.4011e-03,  4.0140e-02,
        -2.7750e-02,  2.0316e-02, -1.8250e-02, -2.7515e-02,  3.3003e-02,
        -4.3312e-02,  4.5482e-02,  4.5896e-02,  1.3817e-03, -3.1302e-02,
         5.1473e-02,  5.0843e-02, -1.3726e-02,  3.1621e-02, -1.5355e-02,
        -5.1559e-02, -1.5490e-02, -3.0944e-02, -8.4790e-03, -2.9988e-02,
         6.9292e-03, -5.1700e-03, -2.8623e-03, -3.3085e-02,  6.4476e-03,
        -2.8254e-02,  2.6525e-02,  1.9386e-02, -8.2250e-03, -3.6485e-02,
         2.0399e-03,  4.8597e-02, -3.5298e-02, -8.7942e-03, -3.9103e-02,
         4.6733e-02, -1.4375e-02, -1.2639e-02, -3.3448e-02,  5.2632e-02,
        -4.9339e-02, -2.7678e-02,  1.6382e-03, -3.4172e-02, -2.9991e-02,
         3.1651e-02, -1.2110e-02,  3.3652e-02, -1.8520e-02, -3.1165e-03,
        -1.3151e-02, -5.3195e-02, -4.0784e-02, -2.3927e-03,  5.2787e-03,
        -6.8184e-03, -2.2720e-02,  1.4382e-02, -4.6196e-02, -3.9345e-02,
         4.5126e-02, -1.4376e-02, -3.8522e-03, -2.3961e-02,  4.5332e-02,
         8.7524e-03, -2.2018e-02, -2.9936e-02, -1.2235e-02, -4.9794e-02,
         1.8766e-02, -4.1581e-02,  4.5168e-02, -4.6671e-02, -3.8032e-02,
         1.2064e-02, -3.9068e-02, -1.9603e-02, -2.2986e-03, -4.1655e-02,
        -4.7646e-03,  2.3728e-02, -2.1472e-03,  2.7204e-02,  2.8159e-02,
         2.9969e-02,  7.3138e-04,  2.1018e-02, -5.8617e-03,  3.9341e-02,
         1.8845e-03, -4.9169e-02, -2.9190e-03, -1.2815e-02,  3.3681e-02,
        -2.6624e-02,  8.1347e-03, -4.3030e-02, -4.7598e-02,  2.7987e-02,
         2.2724e-02,  7.1290e-03, -5.0333e-02, -2.1618e-02,  4.3557e-02,
        -2.7223e-03,  1.9954e-02, -4.3237e-02, -3.0225e-02, -2.3742e-02,
         5.5039e-02, -1.5591e-02,  2.7521e-02, -4.9512e-02,  1.9696e-02,
         5.1273e-02,  4.7346e-02,  2.2336e-02,  1.3421e-02, -5.8388e-03,
         3.4658e-02, -3.0263e-02, -3.4108e-02, -3.7562e-02, -5.5430e-02,
        -4.7032e-02,  4.2698e-02,  1.6260e-02, -3.3607e-02, -5.4775e-02,
        -3.6049e-03, -1.0201e-02,  3.9347e-02,  4.4544e-03,  4.6936e-02,
         4.0022e-02, -5.4351e-02, -4.6027e-02,  4.1849e-02,  5.2296e-02,
         3.3052e-02,  4.4288e-02, -7.4191e-03, -4.5880e-02,  5.3744e-02,
         2.5458e-02, -1.4530e-02, -1.3340e-02,  4.9209e-02, -2.1174e-02,
        -4.3445e-02,  1.7296e-02,  6.5808e-03, -5.2611e-02,  1.4097e-02,
        -2.7466e-02,  2.1272e-02, -2.9893e-02,  1.0076e-02,  4.1201e-02,
         4.4782e-02,  2.5250e-02, -2.1571e-03, -4.6211e-02,  4.2396e-02,
         3.3960e-02,  4.9526e-02, -3.3921e-02, -4.6454e-02, -3.7382e-02,
        -1.1307e-03, -5.0649e-02, -4.5623e-02,  4.9760e-02,  3.6489e-02,
        -1.2442e-02, -3.2926e-02,  3.5979e-02,  1.0539e-02,  2.9753e-03,
        -1.7419e-03,  3.6612e-02, -7.7670e-03,  3.9664e-02,  2.6068e-02,
         2.9422e-03,  2.0098e-02, -1.5301e-02,  2.7710e-02,  5.0450e-02,
         1.4796e-03,  4.3843e-03,  2.3182e-02, -4.6636e-03,  2.6239e-02,
        -2.2696e-02, -3.3729e-02,  2.3056e-02,  4.2503e-02, -1.0265e-02,
         3.4246e-03,  1.5733e-02,  1.0862e-02, -3.0869e-02, -4.2861e-02,
        -1.1626e-02,  1.8398e-02, -4.7252e-02,  1.0749e-02, -4.2768e-02,
         1.3981e-02, -4.8054e-02,  1.4932e-03, -4.0067e-02, -3.1200e-02,
         1.8920e-03, -5.2727e-02,  3.2315e-02, -2.7091e-02, -4.6178e-02,
        -4.6881e-02, -8.1916e-03,  4.3784e-02,  3.5070e-03,  5.2909e-02,
         2.0618e-02,  5.3342e-02,  4.9795e-02,  1.6735e-03, -1.9837e-02,
        -5.0166e-02,  5.4793e-03,  7.3830e-03, -3.6002e-02, -2.5517e-02,
         2.8538e-02,  8.1892e-04,  1.3928e-02,  2.5080e-02,  9.6543e-03,
        -5.3039e-02, -5.1752e-02, -3.2706e-02,  1.2747e-02, -4.5384e-02,
         1.2822e-02, -3.9582e-02, -1.8017e-02, -5.1304e-02, -2.6002e-02,
         3.0684e-02, -4.1270e-02,  3.8912e-02, -5.1528e-02, -4.6403e-02,
         4.9939e-02,  3.2622e-02, -7.7476e-04, -6.6351e-03, -4.2584e-02,
         4.2663e-02, -3.1272e-02, -3.5610e-02, -9.6448e-05, -1.1456e-02,
         3.3785e-02, -2.7729e-02, -1.5239e-02,  4.8031e-02,  4.0490e-02,
        -3.9037e-02, -2.5584e-02, -1.7857e-02, -4.2336e-02,  2.5136e-02,
         1.2669e-02,  4.1933e-02, -2.8035e-02,  3.2988e-02, -1.9487e-02,
        -4.9464e-02, -1.8188e-02, -1.5354e-02, -4.9417e-02,  8.8182e-03,
        -5.3992e-03, -2.3954e-02, -1.6554e-02,  1.6836e-02,  5.2033e-02,
         4.2262e-02, -4.9273e-02,  2.8264e-02, -2.8038e-02,  2.5147e-02,
        -5.5388e-03,  4.8242e-02,  4.5041e-02, -3.4655e-02,  2.2341e-02,
         9.1675e-03, -1.7931e-03,  2.6742e-03,  2.3201e-02,  1.2892e-02,
        -5.1189e-02, -3.9776e-02, -4.7354e-02, -4.8254e-02, -4.3696e-02,
        -4.0218e-02,  1.3606e-02, -4.4751e-02, -9.1062e-03, -5.4670e-02,
        -1.9802e-02, -1.1762e-02, -2.2754e-02,  5.5676e-02, -4.7751e-02,
         3.4809e-02,  5.5695e-02, -3.0439e-02, -2.3331e-02, -2.0274e-02,
         4.8429e-03, -1.4096e-02, -3.5598e-03, -4.6259e-02,  7.6251e-03,
        -5.4603e-02,  1.6729e-02, -4.3119e-02, -2.3166e-02,  1.0748e-02,
        -1.7462e-02, -1.2349e-02, -7.0978e-03, -2.8989e-04,  3.8282e-02,
        -9.8402e-03, -1.3360e-02, -1.9483e-02, -2.1377e-02, -7.8402e-03,
         2.4132e-02, -2.0176e-02, -2.8530e-02,  1.9502e-02,  7.9260e-03,
         5.4390e-02, -4.3142e-02, -2.7712e-02,  2.3156e-02, -3.2474e-02,
        -3.2389e-02, -4.1784e-02,  4.3962e-02,  1.0163e-02,  1.3948e-02,
         5.0944e-02, -2.3670e-02,  2.0165e-02,  3.8018e-02, -2.6386e-02,
        -5.6236e-03, -8.5681e-03,  2.8833e-02,  1.1385e-02,  4.4909e-02,
        -5.5698e-02,  2.7758e-02, -4.0218e-02, -1.9885e-03, -3.4298e-02,
        -1.6165e-02, -4.4413e-02, -1.1354e-02, -1.8250e-02,  2.7892e-02,
        -2.9616e-02, -3.6335e-02,  4.9591e-02,  2.5751e-02, -4.0973e-02,
         3.8561e-02,  3.2959e-02,  2.2958e-02,  2.5461e-02,  2.6671e-02,
         9.6559e-04, -4.1880e-02, -4.0510e-03, -1.6639e-02, -2.4351e-02,
        -1.2672e-02, -4.6160e-02, -4.5101e-02,  4.6226e-02, -2.1552e-02,
         4.0065e-02, -5.0666e-02, -6.7891e-03,  5.1628e-02,  2.4841e-02,
        -1.2276e-02, -2.2183e-02,  1.0643e-03, -3.5212e-02,  1.1426e-02,
         4.6909e-02,  3.7468e-02,  4.4670e-03,  1.4115e-02,  8.9198e-05,
         4.9391e-02, -2.3740e-02,  1.8364e-02,  4.3054e-03, -8.9250e-03,
        -5.2255e-02, -9.0990e-03,  3.7788e-02, -3.1405e-02, -3.5496e-02,
        -6.7924e-04,  3.3489e-02,  1.3222e-03, -4.0070e-02,  4.8980e-02,
        -4.2048e-02, -2.9753e-02, -4.2142e-02,  3.6815e-02,  5.0729e-02,
         3.7828e-02, -1.2077e-02,  1.0916e-02, -1.0615e-02,  3.0496e-02,
         4.1382e-02, -1.6612e-02,  3.7201e-02,  5.2839e-02, -2.4242e-02,
        -2.5750e-02,  4.6642e-02,  1.2837e-02,  3.1678e-02,  2.8911e-02,
        -1.5734e-02, -3.8709e-03, -1.2011e-02, -3.3665e-02, -2.6360e-02,
        -3.6928e-02, -1.5355e-02,  4.2576e-02, -1.2475e-02, -2.6288e-02,
         3.5139e-02, -3.1960e-02,  5.1092e-02,  4.9620e-02,  3.8314e-02,
         8.6796e-03, -1.9411e-03, -2.3860e-03,  6.0409e-05,  4.3277e-02,
         2.4495e-02,  5.2686e-02, -2.2297e-03,  1.9052e-02, -3.2714e-02,
         3.0988e-03,  5.5505e-02, -2.4319e-02, -5.4759e-02,  2.5207e-02,
         5.0938e-02, -2.0973e-02, -5.5211e-02, -4.4973e-02, -2.6334e-02,
        -3.6816e-02,  5.0283e-02,  2.2888e-02,  3.0519e-02,  2.9673e-02,
         4.8160e-02,  1.0431e-02, -3.2226e-02,  7.9384e-03,  1.2718e-02,
        -5.5428e-02,  3.5540e-02,  2.1955e-02, -3.7767e-02, -3.5107e-02,
        -1.3316e-03,  1.5377e-02,  3.5548e-02,  5.1762e-02, -4.1502e-02,
        -3.1380e-02,  2.2704e-02, -3.3523e-02,  4.3492e-02,  3.0265e-02,
         4.5137e-02, -5.5030e-03,  1.2082e-02, -1.2346e-02, -4.6647e-02,
         3.6561e-03, -5.2792e-03,  3.0695e-02, -1.0807e-02, -5.3474e-02,
        -2.6574e-02, -4.0236e-02,  1.0326e-03,  2.9939e-02, -5.3198e-02,
         1.8908e-03,  5.4973e-02, -1.9670e-02,  4.7030e-02, -4.1572e-02,
        -2.8781e-02, -8.7061e-03,  2.8322e-02, -1.5968e-02, -3.3412e-02,
        -3.1065e-02,  3.1300e-02, -4.5629e-02, -9.5518e-03,  2.3358e-02,
        -3.3075e-02,  2.6993e-02,  9.2756e-04,  3.4156e-02,  7.6750e-03,
        -3.5660e-02, -1.9602e-02,  2.7645e-02, -1.4399e-02, -4.8051e-02,
        -2.4037e-02,  2.8222e-02, -4.4124e-04,  7.5779e-03,  1.7755e-02,
        -9.9394e-04, -3.2462e-03,  1.4055e-02,  4.7766e-03,  1.1647e-02,
        -4.9881e-03,  3.5974e-02,  3.4174e-02, -2.1546e-02, -3.5035e-02,
        -6.8026e-03, -1.4124e-02, -1.6246e-03,  4.2895e-02, -7.0088e-03,
        -2.9195e-02, -3.9751e-02, -4.9721e-02, -8.8450e-03,  1.6546e-02,
         6.1299e-03, -4.2613e-02, -4.1768e-02, -5.3702e-02,  5.2047e-02,
        -3.9508e-02,  4.9374e-02,  3.7836e-02,  6.7075e-03,  2.2936e-02,
         4.6334e-02,  4.7126e-02,  5.2185e-02, -4.3981e-02,  3.8361e-02,
         4.2499e-02, -3.5673e-02,  3.3850e-02, -4.5471e-02,  3.2132e-02,
        -2.0863e-03,  3.0948e-02, -3.7218e-02,  4.9298e-02,  4.3231e-02,
         4.5495e-02,  1.5261e-02, -4.3313e-02,  2.8491e-02, -3.1996e-02,
         5.3736e-03,  4.5560e-02, -1.6047e-02, -2.9881e-02, -8.8134e-03,
        -4.9014e-02, -4.6869e-02,  8.8215e-03, -1.4033e-02,  3.1491e-02,
        -2.3170e-02, -1.0518e-03,  2.0843e-02,  4.7318e-02,  4.8641e-02,
        -4.3707e-02, -4.7358e-02, -3.5507e-03,  2.3770e-03,  3.8201e-02,
        -9.6698e-03, -1.0919e-02,  1.4644e-02, -4.0222e-02, -1.5268e-02,
         5.0518e-02, -2.6568e-02,  3.9820e-02, -4.7045e-02, -4.2366e-02,
         1.4943e-03,  2.1634e-02,  1.2673e-03,  4.2102e-02,  2.2651e-02,
         7.2922e-03, -2.9785e-02, -5.4330e-02,  3.3807e-02,  2.4879e-02,
        -4.7688e-02, -1.0003e-02,  4.3753e-02,  4.7418e-02, -3.1610e-02,
        -8.5646e-04,  2.9680e-03, -2.6949e-02,  5.3279e-02,  1.9353e-02,
        -1.0879e-02, -4.0992e-02, -1.4384e-02,  6.4791e-03, -3.7340e-02,
         5.1664e-02, -4.2842e-02, -4.9345e-02,  5.1366e-02,  1.4393e-02,
         5.1689e-02,  9.4123e-03, -2.0247e-02, -1.4709e-02,  1.0629e-02,
        -7.2469e-03,  2.8856e-02,  1.4381e-02,  2.7679e-02, -4.5222e-03,
         3.6393e-03, -2.7546e-02, -4.6245e-02, -3.8106e-02,  3.0358e-02,
        -3.6328e-02,  1.8484e-02,  3.2380e-02, -6.4058e-04, -5.2709e-02,
         3.2203e-02,  4.1992e-02,  4.3563e-02,  1.2562e-02, -5.2075e-02,
         3.4102e-02, -3.8088e-02,  1.9254e-02, -3.5825e-02, -2.1962e-02,
        -1.6953e-02, -5.4951e-02, -3.5795e-02, -6.8112e-03,  5.2573e-02,
         3.6400e-03, -2.1879e-02,  2.4880e-02,  5.5116e-02, -4.8848e-02,
        -2.3514e-02,  9.2210e-03, -5.2401e-02, -4.6123e-02,  9.7755e-03,
         7.4084e-03, -2.0241e-02, -2.2932e-02, -5.2293e-02, -4.2683e-02,
        -5.4829e-02, -4.6909e-02, -8.0097e-04,  2.8752e-02,  5.7951e-05,
         7.0363e-03,  2.8440e-02,  1.4283e-03,  6.0562e-03,  5.4276e-02,
        -1.7829e-02,  4.7458e-02, -2.4091e-02,  5.0462e-02, -4.9305e-03,
         5.2237e-02, -3.1000e-02,  3.9527e-02,  3.3650e-02,  1.2672e-02],
       device='cuda:0', requires_grad=True)), ('hid2out.weight', Parameter containing:
tensor([[ 0.1170,  0.1021,  0.0533,  ..., -0.0357, -0.0868, -0.0188],
        [-0.1014,  0.0408,  0.1500,  ..., -0.0597, -0.0410, -0.1384],
        [-0.1069, -0.0254, -0.0677,  ...,  0.1295, -0.0717, -0.0962],
        ...,
        [ 0.1473, -0.0627,  0.0698,  ..., -0.1051, -0.0697,  0.0547],
        [-0.1206, -0.0210, -0.0177,  ..., -0.0355,  0.1193, -0.0170],
        [-0.0358, -0.0403, -0.0169,  ..., -0.0691, -0.0376, -0.0382]],
       device='cuda:0', requires_grad=True)), ('hid2out.bias', Parameter containing:
tensor([0., 0., 0., 0., 0., 0., 0., 0., 0., 0., 0., 0., 0., 0., 0., 0., 0., 0., 0., 0., 0., 0., 0., 0.,
        0., 0., 0., 0., 0., 0., 0., 0., 0., 0., 0., 0., 0., 0., 0., 0., 0., 0., 0., 0., 0., 0., 0., 0.,
        0., 0., 0., 0., 0., 0., 0., 0., 0., 0., 0., 0., 0., 0., 0., 0., 0., 0., 0., 0., 0., 0., 0., 0.,
        0., 0., 0., 0., 0., 0., 0., 0., 0., 0., 0., 0., 0., 0., 0., 0., 0., 0., 0., 0., 0., 0., 0., 0.,
        0., 0., 0., 0., 0., 0., 0., 0., 0., 0., 0., 0., 0., 0., 0., 0., 0., 0., 0., 0., 0., 0., 0., 0.,
        0., 0., 0., 0., 0., 0., 0., 0., 0., 0., 0., 0., 0., 0., 0., 0., 0., 0., 0., 0., 0., 0., 0., 0.,
        0., 0., 0., 0., 0., 0., 0., 0., 0., 0., 0., 0., 0., 0., 0., 0., 0., 0., 0., 0., 0., 0., 0., 0.,
        0., 0., 0., 0., 0., 0., 0., 0., 0., 0., 0., 0., 0., 0., 0., 0., 0., 0., 0., 0., 0., 0., 0., 0.,
        0., 0., 0., 0., 0., 0., 0., 0., 0., 0., 0., 0., 0., 0., 0., 0., 0., 0., 0., 0., 0., 0., 0., 0.,
        0., 0., 0., 0., 0., 0., 0., 0., 0., 0., 0., 0., 0., 0., 0., 0., 0., 0., 0., 0., 0., 0., 0., 0.,
        0., 0., 0., 0., 0., 0., 0., 0., 0., 0., 0., 0., 0., 0., 0., 0., 0., 0., 0., 0., 0., 0., 0., 0.,
        0., 0., 0., 0., 0., 0., 0., 0., 0., 0., 0., 0., 0., 0., 0., 0., 0., 0., 0., 0., 0., 0., 0., 0.,
        0., 0., 0., 0., 0., 0., 0., 0., 0., 0., 0., 0., 0., 0., 0., 0., 0., 0., 0., 0., 0., 0., 0., 0.,
        0., 0., 0., 0., 0., 0., 0., 0., 0., 0., 0., 0., 0., 0., 0., 0., 0., 0., 0., 0., 0., 0., 0., 0.,
        0., 0., 0., 0., 0., 0., 0., 0., 0., 0., 0., 0., 0., 0., 0., 0., 0., 0., 0., 0., 0., 0., 0., 0.,
        0., 0., 0., 0., 0., 0., 0., 0., 0., 0., 0., 0., 0., 0., 0., 0., 0., 0., 0., 0., 0., 0., 0., 0.,
        0., 0., 0., 0., 0., 0., 0., 0., 0., 0., 0., 0., 0., 0., 0., 0., 0., 0., 0., 0., 0., 0., 0., 0.,
        0., 0., 0., 0., 0., 0., 0., 0., 0., 0., 0., 0., 0., 0., 0., 0., 0., 0., 0., 0., 0., 0., 0., 0.,
        0., 0., 0., 0., 0., 0., 0., 0., 0., 0., 0., 0., 0., 0., 0., 0., 0., 0., 0., 0., 0., 0., 0., 0.,
        0., 0., 0., 0., 0., 0., 0., 0., 0., 0., 0., 0., 0., 0., 0., 0., 0., 0., 0., 0., 0., 0., 0., 0.,
        0., 0., 0., 0., 0., 0., 0., 0., 0., 0., 0., 0., 0., 0., 0., 0., 0., 0., 0., 0., 0., 0., 0., 0.,
        0., 0., 0., 0., 0., 0., 0., 0., 0., 0., 0., 0., 0., 0., 0., 0., 0., 0., 0., 0., 0., 0., 0., 0.,
        0., 0., 0., 0., 0., 0., 0., 0., 0., 0., 0., 0., 0., 0., 0., 0., 0., 0., 0., 0., 0., 0., 0., 0.,
        0., 0., 0., 0., 0., 0., 0., 0., 0., 0., 0., 0., 0., 0., 0., 0., 0., 0., 0., 0., 0., 0., 0., 0.,
        0., 0., 0., 0., 0., 0., 0., 0., 0., 0., 0., 0., 0., 0., 0., 0., 0., 0., 0., 0., 0., 0., 0., 0.,
        0., 0., 0., 0., 0., 0., 0., 0., 0., 0., 0., 0., 0., 0., 0., 0., 0., 0., 0., 0., 0., 0., 0., 0.,
        0., 0., 0., 0., 0., 0., 0., 0., 0., 0., 0., 0., 0., 0., 0., 0., 0., 0., 0., 0., 0., 0., 0., 0.,
        0., 0., 0., 0., 0., 0., 0., 0., 0., 0., 0., 0., 0., 0., 0., 0., 0., 0., 0., 0., 0., 0., 0., 0.,
        0., 0., 0., 0., 0., 0., 0., 0., 0., 0., 0., 0., 0., 0., 0., 0., 0., 0., 0., 0., 0., 0., 0., 0.,
        0., 0., 0., 0., 0., 0., 0., 0., 0., 0., 0., 0., 0., 0., 0., 0., 0., 0., 0., 0., 0., 0., 0., 0.,
        0., 0., 0., 0., 0., 0., 0., 0., 0., 0., 0., 0., 0., 0., 0., 0., 0., 0., 0., 0., 0., 0., 0., 0.,
        0., 0., 0., 0., 0., 0., 0., 0., 0., 0., 0., 0., 0., 0., 0., 0., 0., 0., 0., 0., 0., 0., 0., 0.,
        0., 0., 0., 0., 0., 0., 0., 0., 0., 0., 0., 0., 0., 0., 0., 0., 0., 0., 0., 0., 0., 0., 0., 0.,
        0., 0., 0., 0., 0., 0., 0., 0., 0., 0., 0., 0., 0., 0., 0., 0., 0., 0., 0., 0., 0., 0., 0., 0.,
        0., 0., 0., 0., 0., 0., 0., 0., 0., 0., 0., 0., 0., 0., 0., 0., 0., 0., 0., 0., 0., 0., 0., 0.,
        0.], device='cuda:0', requires_grad=True)), ('out2prob.bias', Parameter containing:
tensor([0.], device='cuda:0', requires_grad=True)), ('lin_class.weight', Parameter containing:
tensor([[1.7022]], device='cuda:0', requires_grad=True))]
mumu
[('emb.weight', Parameter containing:
tensor([[-0.0084,  0.0260,  0.0092,  ...,  0.0146,  0.0068, -0.0742],
        [-0.0119,  0.0633,  0.0237,  ...,  0.0744,  0.0748, -0.0615]],
       device='cuda:0', requires_grad=True)), ('dec0.weight_ih', Parameter containing:
tensor([[ 0.0288, -0.0305, -0.0932,  ..., -0.0033,  0.0255,  0.0105],
        [-0.0404,  0.0499,  0.0057,  ..., -0.0322, -0.0377,  0.0114],
        [-0.0964, -0.0021,  0.0356,  ..., -0.0131,  0.0150, -0.0339],
        ...,
        [-0.0242, -0.0021, -0.0250,  ..., -0.0139,  0.0028,  0.0059],
        [-0.0228,  0.0773,  0.0492,  ...,  0.0642,  0.0460,  0.0234],
        [ 0.0008, -0.0239,  0.0263,  ..., -0.0625, -0.0372,  0.0244]],
       device='cuda:0', requires_grad=True)), ('dec0.weight_hh', Parameter containing:
tensor([[-0.0167,  0.1402,  0.0420,  ..., -0.0168,  0.0350, -0.1512],
        [ 0.0314,  0.1876, -0.0400,  ...,  0.0528, -0.1633, -0.0137],
        [-0.0563,  0.0198,  0.1269,  ...,  0.1282,  0.0483, -0.0404],
        ...,
        [ 0.0560,  0.0509,  0.0069,  ...,  0.1409, -0.0248,  0.0364],
        [-0.0339,  0.0334,  0.0490,  ..., -0.0345, -0.0209,  0.0080],
        [-0.0413,  0.0158,  0.0711,  ..., -0.0081,  0.0214, -0.0719]],
       device='cuda:0', requires_grad=True)), ('dec0.bias_ih', Parameter containing:
tensor([ 4.3570e-03, -3.1728e-02,  3.0714e-02, -3.2746e-02,  2.5237e-03,
         5.1385e-02, -1.3717e-02, -2.8704e-02,  3.8379e-02,  2.7444e-02,
        -3.8968e-03, -1.8943e-02,  1.0783e-02,  4.2985e-02, -4.2593e-02,
         2.5637e-04,  2.5761e-02, -1.6106e-02, -4.9259e-02,  1.0579e-02,
         3.7496e-02,  5.3213e-02,  5.5477e-02, -3.8692e-02, -4.9906e-02,
         6.3342e-03, -2.1245e-02,  2.3022e-02, -2.3528e-02,  1.5495e-03,
         1.3404e-02,  1.9656e-02,  1.4695e-02,  2.5701e-02, -4.8547e-02,
         1.3661e-02, -2.1965e-02,  1.9303e-02, -4.1882e-02,  1.7469e-02,
         2.6004e-02, -9.9865e-03, -1.3916e-02,  2.9642e-02, -4.4482e-02,
         4.7805e-02, -2.7925e-02, -3.2736e-02, -1.2555e-02, -3.8317e-02,
         1.9975e-02,  2.2817e-02,  5.2799e-02, -3.2281e-02,  5.4364e-02,
        -1.9441e-02,  4.7170e-02,  1.6141e-02, -4.5395e-02, -1.3131e-02,
        -1.1453e-02, -3.1830e-02,  3.7650e-02, -4.4971e-03,  4.1135e-03,
        -5.0102e-02,  2.6498e-03, -4.6313e-02,  3.0280e-02, -5.3053e-02,
        -1.8087e-02,  2.6238e-02,  1.4356e-02, -1.5711e-02, -5.3122e-02,
        -7.9175e-03, -4.7592e-02, -1.9501e-02, -4.2349e-02, -4.5513e-02,
         3.3694e-02, -5.0879e-02,  3.7920e-02, -4.9061e-02, -2.4719e-02,
         3.4687e-02, -3.7865e-02, -4.3623e-02,  1.2288e-02,  5.5713e-02,
         2.9339e-02,  4.3580e-02,  4.1014e-02,  3.6687e-02,  3.6021e-02,
        -3.9645e-02,  2.5052e-02,  1.6449e-02, -3.0665e-02, -3.4138e-02,
         3.1769e-02,  1.0177e-02,  3.0035e-02, -5.4958e-02,  1.6622e-02,
        -2.6517e-02,  7.2274e-04,  8.3163e-03, -2.5111e-02, -4.9289e-02,
         1.9427e-02,  2.6294e-02,  4.0197e-03,  4.1089e-02, -1.4392e-02,
        -4.2597e-02,  2.2925e-02,  1.3459e-02,  3.3880e-02,  4.0980e-02,
         1.1033e-02,  2.5394e-02, -3.7880e-02,  1.4043e-02, -5.5592e-02,
         2.0061e-02, -3.2696e-02,  2.2505e-02, -3.4633e-02,  4.5595e-02,
         4.4022e-02,  4.8143e-02,  5.5723e-02,  4.6497e-02,  2.7112e-02,
         3.9260e-02,  2.6260e-03, -7.9594e-03,  4.5961e-02, -3.5640e-02,
         1.0401e-02, -5.0679e-02, -1.2452e-02,  1.4929e-02, -2.2259e-02,
        -4.1318e-02, -5.3940e-02, -4.0194e-02, -4.7655e-02,  4.9378e-02,
        -1.0108e-02, -2.0337e-02,  6.6692e-03,  1.2953e-03,  5.5641e-03,
         1.4526e-02,  2.7964e-02, -2.2050e-02, -5.4575e-02, -2.8263e-02,
        -1.6508e-02,  5.5543e-02, -2.2688e-02,  3.6971e-02, -2.9434e-02,
         3.0580e-02, -5.6554e-03, -1.3356e-02,  2.3662e-02, -1.3012e-02,
        -4.7621e-02,  4.4749e-02, -4.5196e-02, -1.3698e-02,  3.0144e-03,
         8.2129e-03, -5.0508e-02, -2.8098e-02,  6.1428e-03, -4.9892e-02,
        -2.8109e-02, -1.3963e-02, -4.3562e-02,  1.4709e-02, -2.6460e-02,
        -4.0539e-02, -1.6316e-02, -5.2367e-02,  5.5310e-02, -2.8284e-02,
         3.6866e-02,  3.8318e-02,  2.2439e-02,  1.5326e-02, -2.3007e-02,
        -2.1985e-02, -4.0406e-04, -1.5821e-02,  3.9791e-02,  3.5009e-02,
         1.2174e-02,  4.4557e-02,  4.2495e-02,  2.5555e-02,  1.8636e-03,
         4.1999e-02, -2.8726e-02, -5.0635e-02,  2.9932e-02,  2.9650e-02,
        -1.8819e-02,  2.4415e-02,  2.2465e-03,  2.2163e-02,  3.9302e-02,
         3.9049e-02, -2.1530e-02, -3.8072e-02, -7.7133e-03, -3.2829e-02,
         5.3564e-03,  2.5613e-02, -4.3764e-02,  3.1457e-02,  4.2852e-02,
         1.2369e-02,  1.8637e-02, -2.6381e-02,  2.4070e-02, -9.6569e-03,
         2.0273e-02,  5.0043e-03, -1.5613e-02,  3.9556e-02, -4.9677e-02,
        -6.9799e-03,  1.9079e-02, -3.9129e-02,  4.4471e-02, -6.8330e-03,
         5.0273e-02,  5.1906e-02, -1.3357e-03,  6.0336e-03, -2.9652e-02,
         4.5700e-02, -2.5015e-02,  1.6813e-02,  1.5358e-02, -1.3400e-02,
         2.4433e-02,  4.0305e-02,  6.7886e-03, -5.5578e-03,  4.8957e-02,
         4.2730e-02,  2.6855e-02,  4.4957e-04,  1.4347e-02, -2.9403e-02,
        -1.2726e-02,  3.1529e-02, -3.9057e-02, -1.1091e-02,  2.7474e-02,
         7.1046e-04, -3.1285e-02, -3.4990e-02, -1.0228e-03, -4.6166e-02,
        -5.5261e-02,  2.1370e-02, -1.2111e-02,  1.2002e-03,  2.5139e-02,
         5.0041e-02,  2.1676e-04, -3.5094e-02,  1.6136e-02, -2.3821e-02,
         1.4898e-03,  5.5591e-02,  2.1714e-02,  1.0833e-02,  3.3315e-02,
         2.1963e-02,  5.5261e-03,  3.5736e-02,  3.4658e-02,  2.9605e-02,
         9.1014e-03,  3.4244e-02,  4.2999e-02, -1.4289e-02,  1.1967e-02,
        -4.7758e-02,  1.0225e-02,  1.4989e-02,  2.9271e-02, -5.0944e-02,
         1.8426e-02, -6.5108e-03, -3.7646e-04,  4.2322e-02,  1.3346e-02,
        -5.2224e-02, -4.6480e-02,  3.0868e-02,  5.1081e-02, -2.4099e-02,
        -3.5086e-02,  4.6363e-03,  4.4894e-02, -3.8890e-02, -4.4121e-02,
         5.4645e-03,  3.5003e-02,  1.2894e-03, -2.8602e-02,  7.7412e-03,
        -8.5104e-05,  1.9323e-02,  5.1091e-02, -3.0564e-02,  5.0265e-02,
        -1.6117e-02, -1.7699e-02,  4.8417e-02, -5.7550e-03,  2.7181e-02,
        -6.7925e-03, -4.4283e-02,  2.7427e-02,  4.4876e-03,  2.6958e-02,
        -2.5335e-02,  3.8685e-02,  4.2208e-02, -1.7075e-02,  4.2127e-02,
         3.4314e-02,  4.2101e-02,  3.0457e-02, -4.0284e-02, -7.8960e-03,
        -3.4753e-03, -3.3414e-02, -1.9254e-02, -3.1647e-02, -3.7750e-02,
         2.7853e-02, -5.1398e-02, -3.2339e-05,  5.5280e-02,  7.8797e-03,
        -1.0993e-02, -3.7262e-02, -1.2590e-02,  1.8110e-02,  3.5243e-02,
        -5.4423e-02, -3.1878e-03, -1.8024e-02,  2.6737e-03, -2.3784e-02,
         3.0025e-03,  8.8097e-03,  1.0136e-02,  1.4699e-02,  5.1287e-02,
         1.7759e-02, -1.0822e-02,  3.8675e-02,  3.8929e-02, -2.3901e-02,
        -1.9164e-02, -5.4354e-02, -2.2263e-02, -3.6055e-02, -3.8968e-02,
        -4.5495e-02,  2.5028e-02, -8.7055e-03,  5.7941e-03,  5.0233e-02,
         1.9158e-03,  6.3466e-03,  4.4818e-02,  3.3000e-02, -1.7406e-02,
        -4.4628e-02, -2.3571e-03,  1.8849e-02,  1.2185e-02, -1.7777e-02,
        -2.3754e-02, -1.2511e-02,  4.4862e-02, -1.2260e-02, -1.3853e-02,
         2.8844e-02, -1.2441e-02, -2.7277e-03,  4.7939e-02,  2.6338e-02,
        -5.4561e-02,  2.9624e-02, -2.2737e-02, -4.0443e-02,  7.6021e-03,
         4.3397e-02, -3.9901e-02, -3.5820e-02,  3.4470e-02, -2.1952e-02,
        -5.5268e-02,  2.9847e-02,  5.4999e-02,  2.2235e-02, -4.3917e-02,
        -4.3842e-02, -4.1053e-02, -2.7984e-02, -3.5426e-02,  2.2816e-02,
        -4.0020e-02, -4.6184e-02,  2.2498e-02,  2.4103e-02, -2.8914e-02,
        -1.6640e-02,  7.6080e-03,  4.4523e-02, -3.6956e-02, -1.0437e-02,
         2.6758e-02, -2.0539e-02, -1.7956e-02,  2.4268e-02,  4.3382e-02,
         4.8430e-02,  2.4720e-02,  4.2880e-02,  1.7461e-03,  4.8095e-02,
         1.4136e-02,  8.8586e-03, -1.5452e-02, -1.4760e-02,  2.2695e-02,
        -1.2090e-03,  4.9448e-02, -4.1467e-02, -2.4364e-02,  1.6122e-02,
         3.0108e-02, -2.7949e-02, -4.9472e-02,  3.9538e-02, -5.4765e-04,
        -5.4465e-02, -4.8556e-02, -4.4335e-02,  4.8302e-02, -4.4632e-02,
         3.9601e-02,  2.7477e-02, -4.5857e-02, -2.3918e-02, -3.7685e-02,
         2.8814e-02,  2.3082e-02,  4.5200e-03,  1.3660e-02, -1.3888e-02,
        -3.8701e-03, -3.4974e-02, -2.3506e-02, -2.4383e-02, -1.7928e-02,
         5.7457e-03,  1.2328e-02, -3.1466e-02, -2.5627e-02,  7.8725e-03,
        -2.0597e-02,  3.8524e-03,  4.7446e-02,  5.2553e-02, -2.2085e-02,
         2.4180e-02, -2.2523e-02, -1.8270e-02,  3.5460e-02, -1.7768e-02,
        -1.6773e-02, -1.7917e-02,  3.5391e-02, -3.0016e-02, -7.9147e-03,
         4.9101e-02,  4.5070e-02,  6.5676e-03,  1.9031e-02, -3.8010e-02,
        -3.6361e-02, -4.7398e-02, -2.6157e-03, -3.1268e-02,  1.4840e-02,
         4.2693e-02,  4.2527e-02, -1.8941e-02,  3.5642e-02,  5.2039e-02,
         3.7834e-02,  5.8404e-03,  2.9948e-02,  6.9293e-03, -1.6526e-02,
        -4.7149e-02, -2.0051e-03, -1.8151e-02,  2.3010e-02, -2.1643e-02,
        -5.3448e-02, -5.7195e-03,  4.2334e-02,  2.8445e-02,  5.1958e-02,
         4.8500e-02, -9.4889e-03,  4.8592e-02, -1.0443e-02, -4.3504e-02,
        -3.9030e-02, -1.7420e-02,  2.3731e-02, -1.9150e-02, -7.9235e-03,
        -3.8207e-02, -4.8434e-02, -9.9644e-03,  3.5660e-02, -5.8543e-03,
         2.1391e-02, -1.0638e-02, -4.3388e-02, -4.7175e-02, -4.2466e-02,
        -3.6504e-02,  4.0255e-02, -2.3884e-02, -4.8651e-02,  4.0155e-02,
         9.8948e-03, -9.8862e-03,  3.1056e-02,  1.4912e-02, -7.0459e-03,
        -2.9064e-02, -4.8380e-02, -1.4904e-02,  3.1196e-02,  2.4488e-02,
        -5.5411e-02, -9.4154e-04, -3.6518e-02, -4.7929e-02,  3.1226e-02,
         3.0997e-02,  1.0489e-02,  1.9785e-02, -6.7391e-04,  4.5536e-02,
        -2.9817e-02,  4.8315e-02,  3.9311e-02,  4.2774e-02, -3.8446e-02,
        -3.0094e-02,  6.5341e-03,  9.9152e-03, -1.9509e-02,  1.7281e-02,
        -2.3730e-02, -1.7397e-02,  3.0489e-02, -4.7979e-03, -3.0789e-02,
         4.8771e-02, -5.5784e-02, -8.1891e-03,  4.6145e-02,  2.2673e-02,
        -9.8576e-03, -5.2991e-02, -7.4667e-03,  7.8442e-03, -4.0274e-02,
        -2.6972e-02,  1.9319e-02, -2.5022e-02,  3.4393e-02, -1.7632e-03,
         2.8972e-02,  4.8506e-02,  5.4309e-02, -2.1102e-02, -3.1026e-02,
         5.5583e-03,  4.5295e-02, -1.4271e-02, -3.1615e-02, -2.1378e-02,
        -2.3797e-02, -2.4153e-02, -4.6511e-02, -4.2821e-03, -2.6733e-02,
        -1.0631e-02,  2.7216e-02,  2.2396e-02, -1.5726e-02,  3.9127e-02,
         1.7854e-02,  4.9811e-03, -2.0063e-02, -4.5798e-03,  5.1049e-02,
        -1.4940e-02, -1.4533e-02,  2.0474e-02, -3.4071e-02, -1.2442e-02,
        -4.5381e-04, -5.1186e-02, -3.5664e-02,  1.0401e-02,  3.4586e-02,
         4.8430e-02,  4.5114e-02,  1.9808e-02, -3.0123e-02, -3.4584e-02,
        -2.6566e-02,  5.2772e-02, -2.7286e-02, -3.3993e-02,  7.5629e-03,
         1.1823e-02, -3.1726e-02, -4.9973e-02, -7.9505e-03, -2.6329e-02,
        -5.0729e-02, -9.2300e-04, -2.2431e-02, -4.6221e-02, -2.6849e-02,
         8.8699e-03,  2.1202e-03,  2.3034e-02, -8.3928e-04,  3.0942e-02,
        -5.1075e-02, -3.5009e-02, -2.3967e-02, -4.4136e-02, -2.9282e-02,
         3.5147e-02, -8.3334e-03,  4.3569e-02,  4.8724e-02,  8.3289e-03,
         2.5338e-03, -3.2689e-02, -4.1023e-02, -1.4676e-02, -1.5184e-02,
         1.3537e-02,  5.5274e-02,  1.2418e-02,  3.2242e-02,  4.8574e-02,
         5.2376e-02, -1.9367e-02, -3.0298e-02, -4.9711e-02,  2.5029e-02,
        -4.9162e-02, -4.9441e-02,  3.9930e-02,  7.5353e-03,  3.6974e-02,
         1.1452e-02,  2.4562e-02, -4.6648e-02, -1.6896e-03, -1.4215e-02,
        -3.7364e-02,  4.1706e-02, -1.4583e-02, -3.2887e-03, -3.7985e-02,
        -4.2429e-02, -5.5526e-02,  5.3308e-02,  5.5770e-02, -3.8250e-02,
         6.9956e-03, -3.7583e-02,  5.5131e-02, -2.9767e-02,  8.1134e-03,
        -3.6411e-03,  3.8077e-02,  2.7001e-02,  3.3579e-02,  2.0550e-02,
         1.2556e-02,  1.7147e-02, -2.9839e-03,  5.3114e-02, -4.3916e-03,
         5.0171e-02,  5.2380e-02, -1.7358e-03, -4.2234e-02, -4.1461e-02,
         4.1312e-02, -4.4773e-02, -3.4804e-02,  1.6743e-02,  4.0585e-03,
         4.4912e-02, -2.5768e-02, -2.9473e-02,  1.0934e-03, -2.5804e-02,
         4.9296e-02,  1.8198e-02,  2.3216e-02, -1.8244e-02,  3.9426e-02,
         4.8533e-02,  3.2773e-02,  3.8884e-02,  2.8129e-02,  1.8856e-02,
         4.6615e-02,  5.1650e-02,  3.5825e-02, -1.0857e-02, -1.8138e-02,
        -2.0171e-02, -4.6312e-02,  2.4619e-02, -1.0337e-02,  4.6597e-02,
         3.8435e-03, -3.6752e-02, -4.9237e-02, -4.9115e-02,  2.4739e-02,
        -4.7764e-02, -2.3229e-02,  3.8808e-02,  3.9866e-02, -8.2917e-03,
        -3.4766e-03,  2.9870e-02,  6.6080e-03, -3.1232e-02, -1.9408e-02,
         1.2930e-02,  4.6403e-04, -5.1416e-02, -3.5036e-02, -1.5858e-02,
        -4.6541e-02,  4.6549e-02,  5.4336e-02,  8.6414e-03,  2.2242e-02,
         3.2046e-03, -7.1227e-03, -3.9878e-02,  1.3529e-02, -3.5259e-02,
         4.4046e-03, -5.0354e-02,  3.9285e-02,  5.2945e-02,  4.3548e-02,
         4.6721e-02,  1.5410e-02, -4.0036e-02, -1.5308e-02,  4.5949e-02,
         1.4202e-02, -3.1569e-02, -1.7742e-02,  4.5093e-02,  6.4589e-03,
         3.9714e-02, -1.8996e-02,  3.7287e-02, -2.2884e-02,  4.3709e-02,
         7.3249e-03,  8.1187e-04,  5.3312e-03, -3.2838e-02,  2.4758e-02,
         1.1386e-02, -4.2647e-02, -4.8847e-02,  4.9477e-03,  3.9768e-02,
        -2.6847e-02, -3.7644e-02,  4.0758e-02,  1.9067e-02, -3.3992e-03,
         1.7937e-02, -1.5729e-02, -3.6080e-03,  1.4775e-04,  5.1030e-02,
         1.0677e-02, -5.5083e-02, -2.4902e-02, -1.1672e-02, -2.5147e-02,
         3.6404e-02, -3.9944e-02,  9.6653e-03, -9.6702e-03, -3.2453e-02,
        -3.6300e-02, -1.9165e-02,  3.7616e-02,  3.8486e-02,  2.7244e-04,
        -1.1645e-02, -5.6883e-03,  3.5361e-03, -2.8781e-02, -6.7867e-03,
         3.5018e-02, -3.6350e-02,  1.6455e-02, -2.6060e-02, -1.3408e-02,
        -1.4260e-02, -1.3694e-02,  1.0844e-02,  6.6046e-03, -1.9532e-02,
         2.3920e-02,  1.4324e-02,  2.4121e-02, -4.3065e-02,  1.2784e-02,
         1.8796e-02,  1.4182e-02,  2.6528e-02, -4.9631e-02, -3.2432e-02,
        -6.8386e-03,  3.0135e-02,  4.6822e-02,  6.5421e-03, -1.8440e-02,
        -5.4180e-02,  2.9472e-02, -1.3919e-02, -4.1803e-02,  2.1584e-02,
         4.9616e-02, -3.4205e-02,  3.7476e-02,  2.5253e-03, -3.5992e-04,
         1.8685e-02, -4.1060e-02, -6.0204e-03,  9.5818e-03,  1.1143e-02,
         4.3885e-02, -4.9566e-02,  3.0577e-02,  4.7731e-02,  5.4984e-02,
        -2.5307e-02,  4.0928e-02, -1.1904e-02, -3.8063e-02, -1.9767e-02,
        -3.2562e-02, -5.8770e-03, -1.0605e-02,  6.0902e-03, -1.4667e-02,
         4.1490e-02,  3.9561e-03,  1.6230e-02,  9.9508e-04,  1.5418e-04,
        -4.3380e-02, -3.9405e-02,  2.4105e-02, -2.7982e-02, -4.5825e-02,
        -2.2540e-02, -3.4463e-02,  5.5291e-02,  2.5433e-02, -4.5223e-02,
        -5.3475e-02, -3.9702e-02,  1.2517e-02,  7.9243e-03,  2.9678e-02,
         2.2672e-02, -4.0510e-02, -5.5695e-02,  3.2835e-02, -1.5616e-02,
        -3.3015e-02,  2.3527e-02, -7.3978e-03, -5.1101e-02, -5.4055e-02,
        -5.1566e-02, -2.4098e-02,  5.1588e-02,  2.2312e-02, -4.2573e-02,
         2.3547e-02,  3.0642e-02, -1.6643e-02,  1.4229e-02, -1.9994e-02,
         2.3925e-02, -1.8406e-02,  5.0815e-02,  3.8739e-04,  4.3981e-02,
        -3.0373e-02, -2.8094e-02,  2.2225e-02,  1.9213e-02, -4.8294e-02,
         1.8879e-02,  4.0812e-02,  4.1570e-02, -1.2898e-02,  1.5864e-02],
       device='cuda:0', requires_grad=True)), ('dec0.bias_hh', Parameter containing:
tensor([ 3.6175e-02,  2.4794e-02,  4.4088e-02,  1.3836e-02,  2.9974e-02,
         4.4700e-02,  1.8610e-02,  4.8110e-02,  2.4315e-02, -3.5480e-02,
        -5.4391e-02, -2.5549e-02, -3.9207e-02, -4.9255e-02,  7.9606e-03,
         3.7288e-02,  1.7545e-02,  3.5178e-02,  4.0944e-02,  7.4302e-03,
         1.5672e-02,  1.0035e-02,  3.1131e-02,  4.0465e-02, -4.5400e-02,
         2.3589e-02, -1.7419e-02,  5.3005e-02,  9.1149e-03,  4.2506e-02,
         2.0856e-02, -4.6289e-02,  5.2073e-02, -4.2487e-02,  7.4225e-03,
        -4.0585e-02,  2.5340e-02,  4.3132e-02, -3.7002e-04, -4.5043e-02,
        -3.2856e-02, -4.4861e-02,  1.9593e-02,  6.2285e-03, -4.2680e-04,
         5.5526e-03,  2.0458e-02, -5.4315e-02, -2.4427e-02,  5.2749e-02,
         3.9271e-02, -2.9167e-02,  3.6538e-05, -8.6292e-03,  8.1696e-03,
         1.1096e-02, -3.5198e-02,  6.0236e-03,  3.8998e-02,  2.1872e-02,
         3.6545e-03,  5.2076e-02,  3.6662e-02,  2.7616e-02,  3.5476e-02,
        -2.4451e-02,  7.0596e-03,  1.2529e-02, -3.2958e-02,  2.2544e-02,
         3.5329e-02,  2.8672e-02,  4.8688e-03, -1.4202e-02,  4.8521e-02,
        -2.7483e-02,  7.0534e-03,  3.7759e-03, -2.4178e-02, -1.6797e-03,
         5.1217e-02, -5.0794e-02, -3.4234e-02,  2.7506e-02,  5.3825e-03,
         5.2880e-02, -3.0254e-02, -3.8975e-02,  1.9813e-02, -1.5165e-02,
        -5.0156e-02,  1.6869e-02, -1.4688e-02, -5.4789e-02,  1.9902e-02,
         4.8508e-02, -1.7591e-02,  2.2799e-02,  1.8275e-02, -2.9964e-02,
        -5.5639e-02, -2.0993e-02,  3.5949e-02,  4.5080e-02,  4.7490e-02,
         7.0932e-03,  3.8792e-02, -3.7139e-02, -2.3672e-02,  2.4893e-02,
        -1.5845e-02, -2.5511e-02,  8.6936e-03, -1.8005e-02, -4.4983e-02,
        -2.3892e-02, -3.7290e-02, -3.1152e-02,  3.7678e-02, -5.0744e-02,
        -2.4223e-02,  4.5790e-02,  4.4041e-02, -3.6295e-02, -2.2476e-02,
         4.6521e-02,  1.4729e-02,  5.5319e-02, -9.9276e-03, -3.6021e-02,
        -5.2008e-02,  3.0133e-04, -3.8022e-02,  2.8184e-02, -8.0777e-03,
         2.2314e-02, -2.3650e-02,  2.6278e-02,  3.1978e-02, -4.1970e-02,
         2.8182e-02, -3.2553e-02,  1.0454e-02, -5.2836e-02, -5.8437e-03,
        -1.1581e-02,  5.2880e-02,  4.3555e-02, -2.5615e-03,  1.6721e-02,
         5.3578e-03,  8.1805e-03, -4.8035e-02,  6.1330e-03,  3.5096e-02,
         1.6957e-02,  2.3777e-02,  3.7600e-02, -2.1060e-02,  3.5646e-02,
        -2.7646e-03, -7.9928e-03,  2.8550e-03,  4.2303e-02, -3.0007e-03,
        -2.2826e-03, -4.2051e-02, -2.3080e-02, -4.8794e-02, -7.1781e-03,
        -4.2378e-02,  2.0928e-02,  3.4990e-02,  1.5353e-04,  4.0452e-02,
        -7.9855e-03, -5.4754e-02, -4.7865e-02, -2.2415e-02, -5.0424e-02,
         2.5382e-03,  2.2219e-02, -3.8761e-02,  2.5119e-02,  3.5150e-02,
         7.4413e-04, -3.5224e-02,  3.5065e-03,  1.9776e-02, -4.1690e-02,
        -5.3371e-02,  1.1937e-02, -2.7051e-02,  1.3384e-02,  5.5309e-03,
         4.9657e-02, -4.1958e-02,  8.6428e-04, -4.6246e-02, -2.7739e-02,
         4.7577e-02, -3.8953e-03,  2.1263e-02, -1.8921e-02,  4.0129e-02,
        -1.5173e-02, -4.5586e-02, -2.6254e-02, -3.0861e-02,  2.9541e-02,
         1.9102e-02,  2.0815e-02,  4.2809e-02, -1.5799e-02,  4.1752e-02,
         2.9823e-02,  4.6271e-02,  4.4345e-02,  3.3386e-02,  2.5646e-02,
         5.0534e-02,  1.4505e-02,  4.1581e-02, -1.7453e-02, -2.6937e-02,
        -2.9213e-02,  7.3729e-03, -3.2889e-02,  2.3861e-02,  1.4488e-02,
        -1.5060e-02,  3.2718e-02,  1.8893e-02,  4.7423e-02,  2.2717e-02,
        -4.8352e-02, -4.0712e-02,  4.3234e-02, -1.8082e-02, -3.0562e-02,
         5.3735e-02,  3.9879e-02,  4.6222e-02,  2.8431e-02, -2.2778e-02,
         4.4073e-02, -3.9050e-02,  5.0744e-02, -3.0795e-02,  1.7916e-02,
         2.8603e-02,  6.6224e-03, -5.5852e-02, -3.6340e-02, -2.4667e-02,
         3.0335e-02,  3.6822e-02, -2.9836e-02,  3.5849e-02, -2.3599e-02,
         3.0401e-02,  3.8065e-02, -2.3181e-02,  1.8851e-02,  3.8087e-02,
         2.9106e-02, -3.6425e-02, -2.1410e-02, -3.0186e-02,  1.6791e-02,
        -3.9347e-02, -2.0350e-02,  2.0990e-02,  5.5741e-02,  1.2550e-02,
        -5.4016e-02,  3.3453e-02,  2.6412e-02,  4.4741e-02, -1.9118e-02,
         7.7310e-03,  1.1559e-03,  5.1142e-02, -4.6357e-03,  2.1955e-02,
         2.9758e-02,  5.1951e-02, -5.3006e-02, -4.4632e-02,  9.2080e-03,
        -5.1996e-02, -2.0866e-02,  4.5637e-02,  5.1160e-02,  2.4183e-02,
         4.1698e-03,  2.1836e-02,  5.5396e-02, -5.0416e-02, -9.3096e-03,
         5.9438e-03,  4.9292e-02,  2.2741e-02,  3.2151e-02,  1.1830e-02,
        -1.2567e-02,  3.4019e-02,  3.7778e-02,  3.9120e-02,  5.0703e-02,
        -2.1655e-02,  5.4689e-02, -3.3052e-02, -3.2787e-02, -3.1153e-02,
        -2.8990e-02,  1.2593e-02, -3.6231e-02, -3.6727e-02, -4.6803e-03,
        -4.5109e-02, -2.0087e-02, -7.0381e-03, -1.8097e-02, -3.9135e-02,
        -5.3065e-02, -4.8295e-02, -1.4911e-02,  2.8682e-02, -3.0785e-03,
         9.1854e-03, -4.1284e-02, -2.4971e-02,  3.8096e-02, -4.0292e-02,
        -2.1384e-02, -5.3694e-02, -3.2394e-02, -5.6299e-03, -4.8611e-02,
         1.0159e-02,  5.8088e-03,  1.3383e-02, -2.3916e-02, -9.7854e-03,
        -3.4069e-02, -4.9882e-02, -3.5371e-02, -1.2087e-02,  2.9400e-02,
        -5.0679e-02, -4.2948e-02,  4.8598e-02,  4.2100e-02,  2.1556e-02,
        -3.3991e-03, -2.2965e-02,  4.6501e-02, -5.0229e-02, -2.5031e-03,
         3.4674e-02, -2.2834e-02, -3.7237e-02,  4.8558e-03,  5.2416e-02,
         4.1640e-02,  1.9162e-02, -1.5846e-02,  5.4750e-02,  1.0749e-02,
        -3.7414e-02,  5.5450e-02,  4.1124e-02, -5.3179e-02, -3.2011e-02,
        -4.0534e-02, -2.0736e-02,  2.1990e-02, -1.1906e-02,  4.6130e-02,
        -4.8368e-02, -4.7985e-02, -2.1210e-02, -1.8445e-03, -1.3860e-03,
        -5.2182e-02, -1.1975e-02, -2.3606e-02, -3.1014e-02,  3.4540e-02,
         3.5688e-02, -3.9979e-02, -5.3359e-02, -4.9162e-02, -1.4499e-02,
        -2.9862e-02, -1.5136e-02, -5.3488e-02, -4.2303e-02, -2.8796e-02,
         4.7704e-03, -1.5387e-02, -4.8185e-02, -3.4462e-02,  2.0747e-02,
         3.7023e-02,  3.8402e-02,  2.7365e-02, -5.2751e-02,  4.4532e-02,
        -4.7984e-02, -4.6605e-02,  4.7826e-02, -3.7039e-02, -3.7227e-03,
        -2.4212e-02,  2.6048e-02, -6.3271e-03,  2.8994e-02, -1.4953e-02,
         1.8183e-02,  5.1577e-02, -5.2543e-02,  2.5522e-02, -7.5498e-03,
        -1.5878e-02, -1.8781e-02,  5.3197e-02, -1.0455e-02,  1.7444e-02,
         3.3811e-02,  4.3585e-02, -3.1413e-02, -2.7658e-02, -1.1280e-02,
        -3.1983e-02, -2.5615e-02,  3.6464e-03,  2.5773e-02, -4.5195e-02,
        -2.2146e-02,  3.9025e-02, -2.6753e-02, -4.2206e-02, -8.4832e-03,
        -7.1831e-03,  4.2246e-02, -5.1589e-02,  4.9497e-02,  1.3691e-02,
        -2.0323e-02,  3.7873e-02, -5.5564e-02, -2.8373e-02, -3.2650e-02,
         3.3689e-02, -3.5695e-02, -5.0306e-02, -1.7213e-03,  2.7970e-02,
        -9.3528e-03, -5.4283e-02, -4.5082e-02,  2.6967e-03, -5.3900e-02,
        -1.0199e-02, -4.3868e-02,  4.3792e-02, -2.3347e-02, -1.5753e-02,
        -6.0598e-03,  3.6463e-02, -6.3200e-03, -1.4055e-02,  3.0507e-02,
         4.7084e-02, -5.5078e-02, -4.8751e-02,  5.5334e-03,  1.7172e-03,
        -3.6422e-02,  1.9095e-02,  4.3176e-02, -7.0106e-03,  5.0414e-02,
        -1.4745e-03, -1.7520e-02,  1.2107e-02,  2.3798e-02,  4.6892e-02,
        -4.3129e-02, -1.2633e-02,  3.6985e-02,  3.3793e-02, -3.8294e-02,
         2.7053e-02,  4.7172e-02, -1.2209e-02, -4.6253e-02, -1.1200e-02,
        -4.2942e-02, -3.8917e-02, -2.6929e-02, -3.6033e-02,  3.5001e-02,
         3.6696e-02, -3.6114e-02, -3.8226e-02, -1.2598e-02,  1.4621e-02,
        -5.4574e-02,  2.9216e-02,  9.2792e-03,  2.9666e-02, -3.8774e-02,
         3.4989e-02, -3.2255e-02, -1.6854e-02, -3.7020e-02, -1.2775e-02,
        -2.7895e-02, -1.8295e-02, -1.7839e-02, -1.7115e-03,  1.3915e-02,
        -4.1474e-02,  4.2669e-03,  9.5836e-03,  1.4449e-02, -1.7278e-02,
         2.2817e-02, -4.6416e-02, -5.0501e-02, -2.7967e-03, -4.8929e-02,
        -4.1008e-02,  1.0322e-02, -3.3204e-02, -4.3127e-02,  2.9199e-02,
         3.6446e-03,  1.3264e-02,  4.0823e-02,  4.5849e-02,  3.6261e-03,
        -2.2527e-02, -3.7643e-03, -3.8961e-02,  5.3320e-02,  4.7487e-02,
        -2.3273e-03,  2.9906e-03,  5.5475e-02,  3.7779e-02,  2.2101e-02,
        -4.7717e-02, -3.9348e-02, -1.4851e-02,  4.7199e-03,  5.5880e-02,
         3.1579e-03, -6.1829e-03,  3.3102e-02, -4.7848e-02, -4.5730e-02,
        -2.2528e-02,  2.6212e-02,  5.4280e-02, -1.6876e-02, -4.6160e-02,
         2.5020e-02,  2.7678e-02, -2.1695e-02, -2.1527e-02,  4.2591e-02,
        -3.7062e-02,  2.8729e-02, -2.1564e-02, -5.2003e-02,  1.9551e-02,
         4.0782e-02, -2.8905e-02,  4.5324e-02,  4.6127e-02,  3.8060e-02,
        -5.9950e-03, -1.8532e-02,  1.3703e-02,  2.3897e-02,  1.1436e-02,
         1.1846e-02,  6.1132e-03, -2.0981e-02,  4.0732e-02,  4.6862e-02,
         2.6192e-02,  7.6081e-03, -4.2874e-02,  4.1447e-02, -1.5026e-02,
         1.0130e-02, -2.6454e-02, -2.0727e-02,  2.7640e-02, -4.0260e-02,
        -1.5471e-02,  7.7798e-03, -2.6039e-02,  3.4979e-02,  3.2811e-02,
         2.9397e-02,  4.2166e-02, -2.9354e-02,  5.5314e-02,  2.0377e-02,
         1.0239e-02,  1.1896e-02, -1.1655e-02, -1.9551e-02,  5.4640e-02,
         4.9634e-02,  4.1707e-02, -1.7143e-02,  2.2767e-02,  2.3339e-02,
         1.3269e-02, -3.1866e-02, -3.0300e-04,  3.2070e-02,  9.2804e-03,
        -3.2842e-02, -4.3228e-02,  8.5947e-03, -3.3001e-03,  4.5384e-02,
        -7.7819e-03, -2.7653e-02, -3.8620e-02, -5.2010e-02,  8.0745e-03,
         3.4867e-02,  4.5351e-02,  1.0828e-02, -3.5145e-02, -2.3323e-02,
         4.8187e-03, -1.4717e-02,  3.4646e-02,  1.2518e-02,  8.8650e-03,
        -1.9643e-02, -2.0646e-02,  4.2837e-02,  1.5187e-02,  1.0543e-02,
         5.5547e-02,  1.1050e-02, -8.9719e-03, -3.4250e-02, -5.2294e-02,
         3.3784e-02,  4.2336e-02,  3.9487e-02, -4.6684e-03, -4.0645e-02,
        -3.3672e-02,  1.8332e-03, -8.6392e-03,  4.7265e-02,  2.2257e-02,
         1.2779e-02, -1.8923e-02,  3.6838e-02, -7.5166e-03, -4.1903e-02,
         3.5555e-02, -4.3533e-02, -6.9201e-03,  3.8991e-02, -4.2542e-02,
        -5.0335e-02, -4.8514e-02, -2.8589e-02, -4.9360e-02, -5.3830e-02,
        -5.2607e-02, -9.6041e-03,  2.8440e-02,  8.0796e-03,  1.8113e-02,
        -4.6343e-02, -5.4919e-02,  3.9739e-02, -3.5697e-02,  2.2973e-02,
         2.2692e-02, -1.7490e-02,  3.1660e-02, -2.5760e-02, -4.0689e-02,
         2.8939e-02, -2.8897e-02,  3.0775e-02,  1.8721e-03,  6.5250e-03,
        -7.7255e-03, -5.4821e-02,  9.9457e-03,  4.9499e-02, -4.7609e-03,
         3.0669e-02, -4.1754e-02, -1.6397e-02,  5.1197e-02, -2.2355e-02,
        -3.0211e-02, -4.6211e-03, -4.1448e-02,  3.7816e-02, -1.8608e-02,
        -4.5024e-02,  2.8866e-02,  2.4756e-03, -8.7464e-03, -5.2940e-02,
         5.3915e-03,  2.1463e-02, -3.7493e-02,  1.1209e-02,  1.1006e-02,
         1.9181e-02, -3.4648e-02, -3.6017e-02, -3.7171e-02,  3.3459e-02,
        -2.9213e-02,  1.1634e-02, -4.1272e-02,  2.1491e-02,  2.5137e-02,
         5.2245e-02, -4.2746e-02, -1.3660e-02,  9.9006e-03, -4.8024e-02,
        -1.1226e-02, -4.0712e-03,  1.9349e-02, -1.0524e-02, -3.7173e-04,
         3.2996e-02,  4.3313e-02,  3.9558e-02,  3.5621e-02,  3.1566e-02,
        -2.4012e-02, -3.3512e-02, -2.7258e-02,  3.3004e-02, -2.0420e-02,
         2.5434e-02, -8.7432e-04, -8.6404e-03, -5.2467e-02,  1.2372e-02,
         3.7011e-02, -5.4729e-02, -1.5379e-02, -9.0450e-03,  4.2366e-02,
        -4.4597e-03, -4.2813e-02, -4.0547e-02,  4.3608e-02,  5.4582e-02,
        -5.0157e-02,  8.4169e-03, -3.9935e-02,  2.3905e-02, -5.7147e-03,
        -5.4460e-02,  5.1760e-02, -2.9562e-02,  1.6419e-04, -1.6155e-02,
         4.2737e-02, -4.4080e-02, -1.7087e-02, -3.9884e-02, -3.7906e-02,
        -4.8252e-02,  5.5369e-02,  3.9472e-02, -2.5450e-02, -1.6982e-02,
        -3.8308e-02,  4.8215e-03, -4.3765e-02, -3.6531e-02,  4.6241e-02,
        -5.0630e-03,  6.0502e-03,  4.9762e-02,  1.7774e-03,  3.3715e-02,
        -2.8829e-02,  5.5826e-02, -3.9452e-02, -6.4774e-03, -3.1140e-02,
         3.3510e-02, -2.6328e-02,  1.9636e-02,  7.0857e-03,  2.8470e-02,
        -6.6347e-03, -8.3066e-03, -3.6079e-03, -3.7831e-02,  5.2296e-02,
         5.1234e-02, -2.1431e-02, -5.5142e-02, -3.2689e-02, -1.0459e-02,
         1.0952e-03,  3.3667e-02,  3.7790e-02, -3.1419e-02, -4.2902e-02,
        -4.0522e-03, -4.1996e-02,  1.0835e-02, -4.6225e-02,  3.6240e-02,
        -4.7766e-02, -2.2142e-02, -9.7750e-04, -2.0660e-02, -2.1514e-02,
         1.6475e-02, -1.8027e-03, -7.3086e-03,  4.5141e-02,  3.8130e-02,
        -2.8012e-02,  3.7376e-02,  3.6346e-02,  5.1921e-02,  5.1197e-02,
        -5.2637e-02,  2.8651e-02,  5.3488e-02, -1.2007e-02, -2.0881e-03,
         5.5049e-03, -2.1058e-02,  8.5042e-03, -1.9678e-02, -5.1051e-02,
         2.6949e-02,  5.4963e-02, -2.5093e-02, -2.0114e-02, -5.2089e-02,
        -2.5373e-02,  1.1623e-03,  3.0651e-02, -4.5151e-03,  1.8578e-02,
         2.2579e-02, -1.1540e-02, -6.8536e-03, -4.4255e-02, -2.7015e-02,
        -1.2340e-02,  3.6251e-02,  6.5812e-03, -4.5050e-02,  5.0291e-02,
         1.5982e-03,  3.8803e-02,  2.3866e-02,  3.0848e-02, -4.5014e-02,
         3.1614e-02, -3.1055e-02,  3.8548e-02, -2.2791e-02, -1.4935e-02,
         3.3662e-02, -1.3926e-02,  4.6600e-02, -4.4770e-03, -1.2650e-02,
        -3.5919e-02,  1.7720e-02,  2.2430e-02,  5.1980e-02, -2.2312e-02,
         3.9066e-02,  4.6726e-02,  1.2027e-02,  1.1210e-02, -5.1599e-02,
        -4.5454e-02, -5.0465e-02, -2.4049e-02, -2.0607e-02,  2.1077e-02,
        -8.4053e-03, -4.1540e-02,  8.3659e-03, -6.7684e-03,  2.6278e-02,
        -1.0664e-02, -4.8992e-02,  4.1644e-02,  3.5218e-02,  1.2629e-04,
        -4.9173e-02,  1.5175e-03, -1.1289e-04,  2.5631e-02, -9.7119e-03,
        -1.9515e-02, -3.9989e-02,  3.3036e-02,  5.5452e-03,  2.3246e-02,
         1.2984e-02,  4.8893e-02,  3.2547e-02, -2.1414e-02, -5.5674e-02,
        -2.2199e-02, -2.0982e-02, -2.4346e-03,  1.1774e-02, -1.3504e-02,
        -2.0657e-02, -3.2434e-02,  2.3126e-02,  2.8616e-02, -5.1725e-02,
        -3.0105e-02,  2.4541e-02, -3.0973e-02,  4.9021e-02,  4.5702e-02,
         3.2002e-02, -3.9971e-02, -4.8777e-02, -4.8913e-02, -5.3714e-02,
        -3.1891e-02,  4.1197e-02, -1.0356e-03,  1.3795e-02, -5.0903e-02],
       device='cuda:0', requires_grad=True)), ('hid2out.weight', Parameter containing:
tensor([[ 0.0710, -0.0614,  0.0152,  ...,  0.1173,  0.0893,  0.0047],
        [-0.0150,  0.0625, -0.0704,  ..., -0.0276, -0.0703, -0.0386],
        [ 0.0962, -0.0745, -0.0073,  ..., -0.0783,  0.0516,  0.0230],
        ...,
        [-0.0738,  0.0925,  0.0097,  ...,  0.0424, -0.0520, -0.0549],
        [-0.0032, -0.1042,  0.0632,  ...,  0.0136,  0.0714,  0.0627],
        [ 0.1403, -0.0731, -0.0743,  ..., -0.0469,  0.0589,  0.0030]],
       device='cuda:0', requires_grad=True)), ('hid2out.bias', Parameter containing:
tensor([0., 0., 0., 0., 0., 0., 0., 0., 0., 0., 0., 0., 0., 0., 0., 0., 0., 0., 0., 0., 0., 0., 0., 0.,
        0., 0., 0., 0., 0., 0., 0., 0., 0., 0., 0., 0., 0., 0., 0., 0., 0., 0., 0., 0., 0., 0., 0., 0.,
        0., 0., 0., 0., 0., 0., 0., 0., 0., 0., 0., 0., 0., 0., 0., 0., 0., 0., 0., 0., 0., 0., 0., 0.,
        0., 0., 0., 0., 0., 0., 0., 0., 0., 0., 0., 0., 0., 0., 0., 0., 0., 0., 0., 0., 0., 0., 0., 0.,
        0., 0., 0., 0., 0., 0., 0., 0., 0., 0., 0., 0., 0., 0., 0., 0., 0., 0., 0., 0., 0., 0., 0., 0.,
        0., 0., 0., 0., 0., 0., 0., 0., 0., 0., 0., 0., 0., 0., 0., 0., 0., 0., 0., 0., 0., 0., 0., 0.,
        0., 0., 0., 0., 0., 0., 0., 0., 0., 0., 0., 0., 0., 0., 0., 0., 0., 0., 0., 0., 0., 0., 0., 0.,
        0., 0., 0., 0., 0., 0., 0., 0., 0., 0., 0., 0., 0., 0., 0., 0., 0., 0., 0., 0., 0., 0., 0., 0.,
        0., 0., 0., 0., 0., 0., 0., 0., 0., 0., 0., 0., 0., 0., 0., 0., 0., 0., 0., 0., 0., 0., 0., 0.,
        0., 0., 0., 0., 0., 0., 0., 0., 0., 0., 0., 0., 0., 0., 0., 0., 0., 0., 0., 0., 0., 0., 0., 0.,
        0., 0., 0., 0., 0., 0., 0., 0., 0., 0., 0., 0., 0., 0., 0., 0., 0., 0., 0., 0., 0., 0., 0., 0.,
        0., 0., 0., 0., 0., 0., 0., 0., 0., 0., 0., 0., 0., 0., 0., 0., 0., 0., 0., 0., 0., 0., 0., 0.,
        0., 0., 0., 0., 0., 0., 0., 0., 0., 0., 0., 0., 0., 0., 0., 0., 0., 0., 0., 0., 0., 0., 0., 0.,
        0., 0., 0., 0., 0., 0., 0., 0., 0., 0., 0., 0., 0., 0., 0., 0., 0., 0., 0., 0., 0., 0., 0., 0.,
        0., 0., 0., 0., 0., 0., 0., 0., 0., 0., 0., 0., 0., 0., 0., 0., 0., 0., 0., 0., 0., 0., 0., 0.,
        0., 0., 0., 0., 0., 0., 0., 0., 0., 0., 0., 0., 0., 0., 0., 0., 0., 0., 0., 0., 0., 0., 0., 0.,
        0., 0., 0., 0., 0., 0., 0., 0., 0., 0., 0., 0., 0., 0., 0., 0., 0., 0., 0., 0., 0., 0., 0., 0.,
        0., 0., 0., 0., 0., 0., 0., 0., 0., 0., 0., 0., 0., 0., 0., 0., 0., 0., 0., 0., 0., 0., 0., 0.,
        0., 0., 0., 0., 0., 0., 0., 0., 0., 0., 0., 0., 0., 0., 0., 0., 0., 0., 0., 0., 0., 0., 0., 0.,
        0., 0., 0., 0., 0., 0., 0., 0., 0., 0., 0., 0., 0., 0., 0., 0., 0., 0., 0., 0., 0., 0., 0., 0.,
        0., 0., 0., 0., 0., 0., 0., 0., 0., 0., 0., 0., 0., 0., 0., 0., 0., 0., 0., 0., 0., 0., 0., 0.,
        0., 0., 0., 0., 0., 0., 0., 0., 0., 0., 0., 0., 0., 0., 0., 0., 0., 0., 0., 0., 0., 0., 0., 0.,
        0., 0., 0., 0., 0., 0., 0., 0., 0., 0., 0., 0., 0., 0., 0., 0., 0., 0., 0., 0., 0., 0., 0., 0.,
        0., 0., 0., 0., 0., 0., 0., 0., 0., 0., 0., 0., 0., 0., 0., 0., 0., 0., 0., 0., 0., 0., 0., 0.,
        0., 0., 0., 0., 0., 0., 0., 0., 0., 0., 0., 0., 0., 0., 0., 0., 0., 0., 0., 0., 0., 0., 0., 0.,
        0., 0., 0., 0., 0., 0., 0., 0., 0., 0., 0., 0., 0., 0., 0., 0., 0., 0., 0., 0., 0., 0., 0., 0.,
        0., 0., 0., 0., 0., 0., 0., 0., 0., 0., 0., 0., 0., 0., 0., 0., 0., 0., 0., 0., 0., 0., 0., 0.,
        0., 0., 0., 0., 0., 0., 0., 0., 0., 0., 0., 0., 0., 0., 0., 0., 0., 0., 0., 0., 0., 0., 0., 0.,
        0., 0., 0., 0., 0., 0., 0., 0., 0., 0., 0., 0., 0., 0., 0., 0., 0., 0., 0., 0., 0., 0., 0., 0.,
        0., 0., 0., 0., 0., 0., 0., 0., 0., 0., 0., 0., 0., 0., 0., 0., 0., 0., 0., 0., 0., 0., 0., 0.,
        0., 0., 0., 0., 0., 0., 0., 0., 0., 0., 0., 0., 0., 0., 0., 0., 0., 0., 0., 0., 0., 0., 0., 0.,
        0., 0., 0., 0., 0., 0., 0., 0., 0., 0., 0., 0., 0., 0., 0., 0., 0., 0., 0., 0., 0., 0., 0., 0.,
        0., 0., 0., 0., 0., 0., 0., 0., 0., 0., 0., 0., 0., 0., 0., 0., 0., 0., 0., 0., 0., 0., 0., 0.,
        0., 0., 0., 0., 0., 0., 0., 0., 0., 0., 0., 0., 0., 0., 0., 0., 0., 0., 0., 0., 0., 0., 0., 0.,
        0., 0., 0., 0., 0., 0., 0., 0., 0., 0., 0., 0., 0., 0., 0., 0., 0., 0., 0., 0., 0., 0., 0., 0.,
        0.], device='cuda:0', requires_grad=True)), ('out2prob.bias', Parameter containing:
tensor([0., 0.], device='cuda:0', requires_grad=True)), ('lin_class.weight', Parameter containing:
tensor([[1.2045]], device='cuda:0', requires_grad=True))]
Traceback (most recent call last):
  File "/vol/bitbucket/al4616/miniconda3/envs/simnmt-ozan/bin/nmtpy", line 7, in <module>
    exec(compile(f.read(), __file__, 'exec'))
  File "/vol/bitbucket/al4616/simmt/bin/nmtpy", line 135, in <module>
    loop()
  File "/vol/bitbucket/al4616/simmt/nmtpytorch/mainloop.py", line 329, in __call__
    while self.train_epoch():
  File "/vol/bitbucket/al4616/simmt/nmtpytorch/mainloop.py", line 195, in train_epoch
    nn_sec += self.train_batch(batch)
  File "/vol/bitbucket/al4616/simmt/nmtpytorch/mainloop.py", line 160, in train_batch
    out = self.net(batch, uctr=self.monitor.uctr, ectr=self.monitor.ectr)
  File "/vol/bitbucket/al4616/miniconda3/envs/simnmt-ozan/lib/python3.7/site-packages/torch/nn/modules/module.py", line 532, in __call__
    result = self.forward(*input, **kwargs)
  File "/vol/bitbucket/al4616/simmt/nmtpytorch/models/simmmtrl.py", line 416, in forward
    self.model_trans.cache_enc_states(batch)
  File "/vol/bitbucket/al4616/simmt/nmtpytorch/models/snmt.py", line 241, in cache_enc_states
    _ = enc(batch[key])
KeyError: 'image'

Thu Jun  4 15:19:52 2020       
+-----------------------------------------------------------------------------+
| NVIDIA-SMI 435.21       Driver Version: 435.21       CUDA Version: 10.1     |
|-------------------------------+----------------------+----------------------+
| GPU  Name        Persistence-M| Bus-Id        Disp.A | Volatile Uncorr. ECC |
| Fan  Temp  Perf  Pwr:Usage/Cap|         Memory-Usage | GPU-Util  Compute M. |
|===============================+======================+======================|
|   0  TITAN Xp            On   | 00000000:1C:00.0 Off |                  N/A |
| 23%   31C    P0    61W / 250W |      0MiB / 12196MiB |     14%      Default |
+-------------------------------+----------------------+----------------------+
                                                                               
+-----------------------------------------------------------------------------+
| Processes:                                                       GPU Memory |
|  GPU       PID   Type   Process name                             Usage      |
|=============================================================================|
|  No running processes found                                                 |
+-----------------------------------------------------------------------------+
 15:19:52 up 16 days,  6:09,  2 users,  load average: 16.07, 14.87, 14.58
