[('emb.weight', Parameter containing:
tensor([[0., 0., 0., 0., 0., 0., 0., 0., 0., 0., 0., 0., 0., 0., 0., 0., 0., 0., 0., 0., 0., 0., 0., 0.,
         0., 0., 0., 0., 0., 0., 0., 0., 0., 0., 0., 0., 0., 0., 0., 0., 0., 0., 0., 0., 0., 0., 0., 0.,
         0., 0., 0., 0., 0., 0., 0., 0., 0., 0., 0., 0., 0., 0., 0., 0., 0., 0., 0., 0., 0., 0., 0., 0.,
         0., 0., 0., 0., 0., 0., 0., 0., 0., 0., 0., 0., 0., 0., 0., 0., 0., 0., 0., 0., 0., 0., 0., 0.,
         0., 0., 0., 0., 0., 0., 0., 0., 0., 0., 0., 0., 0., 0., 0., 0., 0., 0., 0., 0., 0., 0., 0., 0.,
         0., 0., 0., 0., 0., 0., 0., 0., 0., 0., 0., 0., 0., 0., 0., 0., 0., 0., 0., 0., 0., 0., 0., 0.,
         0., 0., 0., 0., 0., 0., 0., 0., 0., 0., 0., 0., 0., 0., 0., 0., 0., 0., 0., 0., 0., 0., 0., 0.,
         0., 0., 0., 0., 0., 0., 0., 0., 0., 0., 0., 0., 0., 0., 0., 0., 0., 0., 0., 0., 0., 0., 0., 0.,
         0., 0., 0., 0., 0., 0., 0., 0., 0., 0., 0., 0., 0., 0., 0., 0., 0., 0., 0., 0., 0., 0., 0., 0.,
         0., 0., 0., 0., 0., 0., 0., 0., 0., 0., 0., 0., 0., 0., 0., 0., 0., 0., 0., 0., 0., 0., 0., 0.,
         0., 0., 0., 0., 0., 0., 0., 0., 0., 0., 0., 0., 0., 0., 0., 0., 0., 0., 0., 0., 0., 0., 0., 0.,
         0., 0., 0., 0., 0., 0., 0., 0., 0., 0., 0., 0., 0., 0., 0., 0., 0., 0., 0., 0., 0., 0., 0., 0.,
         0., 0., 0., 0., 0., 0., 0., 0., 0., 0., 0., 0., 0., 0., 0., 0., 0., 0., 0., 0., 0., 0., 0., 0.,
         0., 0., 0., 0., 0., 0., 0., 0., 0., 0., 0., 0., 0., 0., 0., 0., 0., 0., 0., 0., 0., 0., 0., 0.,
         0., 0., 0., 0., 0., 0., 0., 0., 0., 0., 0., 0., 0., 0., 0., 0., 0., 0., 0., 0., 0., 0., 0., 0.,
         0., 0., 0., 0., 0., 0., 0., 0., 0., 0., 0., 0., 0., 0., 0., 0., 0., 0., 0., 0., 0., 0., 0., 0.,
         0., 0., 0., 0., 0., 0., 0., 0., 0., 0., 0., 0., 0., 0., 0., 0., 0., 0., 0., 0., 0., 0., 0., 0.,
         0., 0., 0., 0., 0., 0., 0., 0., 0., 0., 0., 0., 0., 0., 0., 0., 0., 0., 0., 0., 0., 0., 0., 0.,
         0., 0., 0., 0., 0., 0., 0., 0., 0., 0., 0., 0., 0., 0., 0., 0., 0., 0., 0., 0., 0., 0., 0., 0.,
         0., 0., 0., 0., 0., 0., 0., 0., 0., 0., 0., 0., 0., 0., 0., 0., 0., 0., 0., 0., 0., 0., 0., 0.,
         0., 0., 0., 0., 0., 0., 0., 0., 0., 0., 0., 0., 0., 0., 0., 0., 0., 0., 0., 0., 0., 0., 0., 0.,
         0., 0., 0., 0., 0., 0., 0., 0., 0., 0., 0., 0., 0., 0., 0., 0., 0., 0., 0., 0., 0., 0., 0., 0.,
         0., 0., 0., 0., 0., 0., 0., 0., 0., 0., 0., 0., 0., 0., 0., 0., 0., 0., 0., 0., 0., 0., 0., 0.,
         0., 0., 0., 0., 0., 0., 0., 0., 0., 0., 0., 0., 0., 0., 0., 0., 0., 0., 0., 0., 0., 0., 0., 0.,
         0., 0., 0., 0., 0., 0., 0., 0., 0., 0., 0., 0., 0., 0., 0., 0., 0., 0., 0., 0., 0., 0., 0., 0.,
         0., 0., 0., 0., 0., 0., 0., 0., 0., 0., 0., 0., 0., 0., 0., 0., 0., 0., 0., 0., 0., 0., 0., 0.,
         0., 0., 0., 0., 0., 0., 0., 0., 0., 0., 0., 0., 0., 0., 0., 0., 0., 0., 0., 0., 0., 0., 0., 0.,
         0., 0., 0., 0., 0., 0., 0., 0., 0., 0., 0., 0., 0., 0., 0., 0., 0., 0., 0., 0., 0., 0., 0., 0.,
         0., 0., 0., 0., 0., 0., 0., 0., 0., 0., 0., 0., 0., 0., 0., 0., 0., 0., 0., 0., 0., 0., 0., 0.,
         0., 0., 0., 0., 0., 0., 0., 0., 0., 0., 0., 0., 0., 0., 0., 0., 0., 0., 0., 0., 0., 0., 0., 0.,
         0., 0., 0., 0., 0., 0., 0., 0., 0., 0., 0., 0., 0., 0., 0., 0., 0., 0., 0., 0., 0., 0., 0., 0.,
         0., 0., 0., 0., 0., 0., 0., 0., 0., 0., 0., 0., 0., 0., 0., 0., 0., 0., 0., 0., 0., 0., 0., 0.,
         0., 0., 0., 0., 0., 0., 0., 0., 0., 0., 0., 0., 0., 0., 0., 0., 0., 0., 0., 0., 0., 0., 0., 0.,
         0., 0., 0., 0., 0., 0., 0., 0., 0., 0., 0., 0., 0., 0., 0., 0., 0., 0., 0., 0., 0., 0., 0., 0.,
         0., 0., 0., 0., 0., 0., 0., 0., 0., 0., 0., 0., 0., 0., 0., 0., 0., 0., 0., 0., 0., 0., 0., 0.,
         0.]], device='cuda:0', requires_grad=True)), ('dec0.weight_ih', Parameter containing:
tensor([[ 1.1197e-02, -2.2005e-03, -5.6220e-02,  ...,  1.4642e-02,
         -1.2120e-02,  2.1237e-02],
        [ 1.0166e-02,  1.5542e-02, -2.1513e-02,  ...,  4.6378e-02,
          8.8841e-03, -1.7829e-02],
        [ 1.0596e-01, -1.2566e-01, -7.4644e-03,  ..., -3.9842e-02,
          1.6837e-02, -6.5584e-02],
        ...,
        [ 8.8919e-02, -4.7814e-02, -3.8740e-02,  ..., -3.9074e-02,
          2.7892e-02,  1.8743e-03],
        [ 4.9343e-02, -2.5025e-03,  5.8585e-03,  ..., -6.4303e-02,
         -3.1156e-02, -4.7612e-03],
        [-8.5360e-03,  2.9977e-02, -1.5915e-06,  ...,  5.2883e-02,
         -4.4709e-02, -2.7587e-02]], device='cuda:0', requires_grad=True)), ('dec0.weight_hh', Parameter containing:
tensor([[ 0.0910, -0.0295,  0.1153,  ...,  0.0666, -0.0076,  0.1352],
        [-0.1228, -0.1472, -0.0566,  ...,  0.0411,  0.0533, -0.0335],
        [ 0.0897,  0.0627,  0.1118,  ...,  0.0831, -0.0745, -0.0466],
        ...,
        [-0.0199,  0.1040, -0.0646,  ..., -0.0260, -0.0025, -0.0548],
        [ 0.0654,  0.0445,  0.1624,  ..., -0.1099, -0.0981,  0.1332],
        [ 0.1159,  0.0395,  0.0004,  ..., -0.1006, -0.1328,  0.0240]],
       device='cuda:0', requires_grad=True)), ('dec0.bias_ih', Parameter containing:
tensor([-3.2382e-02,  2.3466e-02, -5.4917e-02,  4.1048e-02, -2.3823e-02,
        -5.3781e-02, -3.3909e-02, -3.5017e-02, -4.0635e-02,  2.6032e-02,
         7.1016e-03, -4.8500e-02,  3.9113e-02, -3.8323e-02,  5.2723e-02,
        -2.1269e-02,  4.4411e-02,  5.1165e-02, -2.5691e-02, -4.9143e-02,
        -2.4231e-02, -1.4962e-02, -5.0471e-02, -5.3559e-02,  2.9070e-02,
         4.8396e-03, -2.5680e-02, -2.0404e-02,  6.3325e-03, -2.9770e-02,
        -4.8685e-02, -4.8271e-02, -2.3414e-02, -5.4181e-02, -2.6532e-02,
        -3.3262e-02, -2.8966e-02,  3.3592e-02,  3.9885e-02,  3.5290e-02,
         2.2204e-02,  2.8919e-02, -1.3720e-02, -3.9166e-02,  1.2631e-02,
        -3.4451e-03,  3.2621e-02, -2.2919e-02, -4.6811e-02, -2.6010e-03,
         5.5581e-02,  3.5337e-02,  5.4047e-02,  1.8770e-02, -4.9943e-02,
         4.3971e-02,  3.9458e-02,  2.4988e-02,  1.4763e-02,  3.2150e-02,
        -3.1680e-02, -3.0862e-02, -5.3217e-02, -1.3000e-02, -5.3355e-02,
        -4.7422e-02,  3.8332e-02, -3.2310e-03, -1.0246e-02,  2.3878e-02,
        -4.9641e-02,  1.4000e-02,  5.1548e-02, -3.0062e-02, -2.8078e-03,
        -1.7648e-02, -1.5704e-02,  3.5781e-02, -8.7532e-04, -1.8294e-03,
         2.1992e-02, -7.1732e-03, -6.7911e-03, -2.5328e-02, -3.6044e-02,
        -1.2991e-02,  3.8140e-02,  5.0523e-02, -1.2209e-03, -2.4733e-02,
         5.2904e-02, -1.2257e-02,  4.9905e-02,  2.6453e-04, -1.6301e-02,
        -3.8822e-02, -5.0004e-02,  1.1533e-02, -2.6800e-02,  4.6975e-02,
        -2.5258e-02,  5.6769e-03,  6.8048e-03,  4.8982e-02,  3.2474e-03,
        -1.4862e-02, -4.4959e-02,  2.6149e-02, -3.9415e-03,  5.5121e-03,
         2.4445e-02, -3.4128e-02, -4.1154e-04,  2.2186e-02,  4.6042e-02,
        -1.8891e-02,  1.1323e-02,  2.9337e-02, -2.4188e-02,  2.2435e-03,
         5.2039e-02, -1.6664e-02,  2.8721e-02, -1.2486e-02,  1.6577e-02,
         5.0516e-02,  3.3699e-02, -2.0960e-02, -3.7037e-02, -9.6086e-03,
         5.3385e-02,  4.4526e-02,  3.8478e-02,  2.3281e-02, -3.8773e-02,
        -3.5888e-02, -9.0213e-04,  4.4757e-02, -3.7377e-02, -3.8109e-02,
         3.2179e-02, -1.2784e-02, -5.1568e-02,  4.9711e-02,  3.2604e-02,
        -2.7996e-02,  1.5971e-02,  5.5587e-02, -4.3351e-02,  2.2911e-02,
        -3.2919e-02,  4.3666e-02,  4.3445e-02,  3.2433e-02,  3.8415e-02,
         3.4277e-02,  4.5292e-02,  2.8116e-02, -2.4496e-02,  1.2557e-02,
        -1.1068e-02, -7.1897e-04,  5.1507e-02,  3.6750e-02,  4.3523e-02,
         2.2747e-02,  3.4947e-02,  2.0409e-02, -1.1381e-02,  4.3638e-03,
        -3.9724e-02,  4.3430e-03, -2.8666e-02,  5.2564e-02,  2.7140e-02,
         5.5760e-02,  3.5803e-02, -6.1722e-03, -2.7712e-02, -4.9604e-02,
        -4.6584e-02, -3.2734e-03, -3.7387e-02, -3.7874e-02,  5.2110e-02,
        -4.8270e-02, -4.0366e-02, -3.9306e-02,  2.3831e-02,  1.9397e-02,
        -4.9702e-02,  1.5331e-03, -5.4396e-02,  1.1940e-02, -3.7766e-02,
         2.5259e-03,  5.0480e-02,  3.6766e-02,  2.0847e-02,  5.4754e-02,
        -3.3692e-02,  3.0623e-03, -4.3472e-02, -2.8600e-02, -5.5783e-02,
        -3.7695e-02,  6.3175e-03, -3.8375e-02, -4.0974e-02, -3.1603e-02,
         1.2557e-02,  2.2615e-02,  1.7733e-02, -4.2808e-02,  3.3331e-02,
         3.2711e-02,  1.5212e-03, -2.3337e-02, -3.3009e-02, -4.5938e-02,
        -4.4035e-02, -4.8872e-02, -4.0022e-02,  3.2510e-02, -5.0987e-02,
        -2.5145e-02,  3.5038e-02, -1.5020e-02, -4.4080e-02,  2.9288e-02,
         2.3017e-02,  4.5447e-03, -5.2167e-02, -3.8730e-02,  3.3364e-02,
         2.1545e-02,  1.0321e-02,  2.4849e-02, -2.8862e-02, -5.5300e-02,
        -1.3106e-02,  5.7183e-06, -4.3397e-03, -2.6998e-02,  1.9631e-02,
         4.5528e-02, -4.4551e-02,  4.6685e-02, -5.1886e-02, -2.4459e-02,
        -5.4967e-02, -2.4812e-02,  9.4964e-03,  2.5035e-02,  2.9249e-02,
        -3.3061e-02,  6.2264e-03,  5.3047e-02, -2.6250e-02,  4.0192e-02,
        -5.3912e-02,  1.2882e-02,  4.5895e-03, -3.9929e-02, -1.7715e-02,
        -4.6051e-02, -2.1271e-02,  9.9766e-03,  2.2088e-02, -3.3276e-02,
         5.4228e-02, -3.0808e-02,  3.3841e-02, -5.2415e-02, -2.1783e-02,
        -1.7484e-02, -4.8414e-02, -1.3349e-02, -2.0699e-02,  2.2535e-02,
        -4.4434e-02, -1.7950e-02, -2.8400e-02,  1.3368e-02, -4.7508e-02,
        -3.1600e-02, -4.6988e-02,  2.4802e-02,  3.0806e-02,  4.1403e-03,
         2.8309e-02, -4.4215e-02, -2.0884e-02,  3.8837e-02,  4.9793e-02,
        -5.2191e-03, -8.6341e-03, -1.6939e-02,  1.3168e-02, -3.3155e-03,
        -2.6723e-02, -2.0977e-02,  3.1026e-02,  5.4168e-02,  3.0378e-02,
         8.3297e-03,  4.1818e-02, -1.4747e-02, -2.5805e-02, -9.9081e-03,
         4.1030e-02, -2.3257e-02, -1.0131e-02, -5.0641e-02,  5.0344e-02,
        -4.8510e-02,  3.8360e-03, -3.4720e-02, -4.5956e-02,  9.6246e-03,
        -5.3820e-02,  2.8997e-02, -5.0422e-02,  5.1455e-02,  1.2443e-02,
         4.7553e-02,  3.5797e-02,  1.3061e-02,  3.9137e-02, -3.7549e-02,
         4.8499e-02, -4.9053e-03,  6.3303e-03,  1.4770e-02,  2.6033e-02,
        -2.2113e-02,  2.8834e-02,  3.2305e-02,  5.0554e-02,  2.0507e-02,
         3.8278e-02, -4.3240e-02,  1.4669e-02, -2.2827e-02,  9.2816e-05,
         5.0201e-02, -1.5422e-02, -2.9124e-02,  3.9525e-02, -5.1052e-02,
        -1.5094e-02,  2.9397e-02, -4.9555e-02,  4.0733e-02, -1.7276e-02,
         2.7032e-02, -1.0904e-02, -3.4601e-02, -1.3838e-02,  5.4888e-02,
         1.6004e-02, -5.5444e-02, -5.0219e-02, -5.3341e-02, -4.4631e-02,
         1.5666e-02, -1.2216e-02, -3.9065e-02,  5.2380e-02,  3.7314e-02,
         3.0480e-02, -3.9463e-02,  2.3312e-02,  2.7165e-02, -2.7248e-02,
        -3.0869e-02,  2.3542e-02,  1.9044e-02, -4.9739e-02, -3.9049e-03,
        -1.2722e-02,  1.3962e-02,  3.6002e-02, -1.7778e-02, -2.9128e-02,
        -1.2429e-03,  4.7684e-02, -1.0616e-02, -3.7513e-02, -3.3774e-02,
         5.1715e-02,  8.6992e-04,  3.0871e-02,  3.6954e-02, -5.0097e-02,
        -2.4431e-02,  3.9164e-02, -4.9794e-03, -3.1632e-02,  3.7902e-02,
        -5.1424e-02,  2.6732e-02, -3.3808e-02, -3.1200e-02,  2.5555e-02,
        -2.4596e-02, -2.9169e-02,  1.4733e-02,  4.2855e-02,  5.4010e-02,
        -1.0476e-02,  9.1046e-03, -3.5039e-02,  4.7948e-02,  5.3082e-02,
        -1.1168e-02,  3.0379e-02, -3.5688e-03, -8.8581e-03,  9.4749e-03,
         4.0396e-02,  5.4887e-02,  2.4681e-02, -2.5158e-02,  4.0266e-02,
        -1.0282e-02,  9.7420e-03,  1.9845e-02, -2.3903e-02,  7.6200e-03,
        -5.3802e-02, -3.9649e-02, -2.7061e-02,  3.0786e-02,  4.3395e-02,
         2.1236e-02, -1.8533e-02,  2.7303e-02, -1.8419e-02,  5.2956e-02,
        -5.1082e-02,  8.5769e-03,  4.3117e-02, -2.4872e-02, -3.5108e-02,
         4.3511e-02,  5.5581e-02,  3.2256e-02,  6.4039e-03,  2.3836e-02,
        -5.4799e-03, -1.3214e-02,  4.6956e-02, -5.1158e-02, -2.0646e-02,
         4.0830e-02, -2.9962e-02, -1.4989e-02,  2.4164e-03, -5.3524e-02,
         5.3243e-02, -5.1517e-02,  1.5643e-02, -3.4293e-02, -4.5543e-02,
         2.2790e-02, -5.5520e-02,  2.7213e-02, -1.1927e-02,  2.0218e-02,
        -3.3726e-02,  5.0361e-02, -4.6324e-02, -5.3134e-02,  1.6819e-02,
        -3.2726e-02,  2.5629e-02,  2.6064e-02,  4.6961e-05,  4.6206e-02,
        -1.1470e-02,  5.3336e-02,  2.8514e-02, -5.3962e-02,  7.5215e-04,
         5.4791e-02, -3.2858e-02, -3.7627e-03,  4.9319e-02, -5.2771e-02,
        -2.4033e-02,  3.4186e-03, -1.2909e-02, -5.8868e-03, -1.0681e-02,
        -4.4288e-02,  4.5422e-02, -5.4134e-03,  5.3727e-02, -2.7151e-04,
         2.0152e-02, -8.4578e-03,  9.0462e-03, -3.7225e-02, -1.6131e-02,
         4.9788e-02, -3.2549e-03,  3.2419e-02, -8.3560e-03,  5.3321e-02,
         2.3119e-02, -4.5933e-02,  2.2671e-02,  3.1978e-02,  1.4220e-02,
        -5.5473e-02,  1.3802e-02, -1.6603e-02, -1.0844e-02, -2.5983e-03,
        -3.2433e-02, -3.2328e-02,  4.6422e-02, -2.9423e-02,  1.6334e-03,
        -5.2955e-02, -2.2838e-02,  1.5628e-02, -1.5154e-03, -6.1140e-03,
         2.8026e-02, -5.0590e-02,  4.0015e-02,  3.4271e-02, -5.5864e-02,
         3.7836e-02,  3.3112e-02, -5.3439e-02,  2.4104e-02, -5.1226e-02,
        -5.2086e-02,  3.8858e-02, -1.1361e-02, -4.6336e-02, -3.6780e-02,
        -2.4728e-02, -3.0087e-02, -2.7046e-02,  3.7998e-03,  4.5488e-02,
        -2.7056e-02,  8.3247e-03,  1.3249e-03, -4.9907e-02,  2.0210e-02,
        -4.7810e-02,  5.1144e-02,  5.0703e-02,  2.4012e-02,  2.3261e-02,
        -5.0904e-02, -5.0649e-02, -2.3277e-02,  2.0374e-02, -3.0065e-02,
         4.3684e-02,  7.3532e-03, -2.4145e-02, -3.0601e-02,  1.3089e-02,
        -3.6367e-02,  1.9816e-02, -4.8781e-03, -3.8309e-02,  1.9610e-02,
         2.1949e-02, -3.1634e-03, -7.1753e-03, -4.2347e-02, -2.7538e-02,
        -3.0298e-02, -3.6489e-02, -3.9061e-02, -1.0667e-02,  1.5557e-02,
         8.6298e-03,  5.3972e-03,  2.5414e-02,  3.0426e-02, -8.5988e-03,
        -1.6441e-02, -1.2439e-02,  4.6905e-02,  2.4592e-02, -2.2107e-02,
        -4.8649e-03, -4.9663e-02,  4.1920e-02, -1.5807e-02, -3.7975e-02,
        -2.9884e-02, -3.8670e-02,  1.7775e-02, -2.5699e-02, -4.3629e-02,
         9.9808e-03, -1.5058e-02,  3.4749e-02,  4.8310e-02, -4.0579e-02,
        -5.0329e-02, -4.2992e-02,  4.5926e-02, -5.4506e-02, -2.1404e-02,
        -5.1245e-02, -4.9622e-02, -4.9057e-03, -4.0381e-02,  4.1139e-02,
         4.8435e-02,  1.4442e-02,  3.2337e-02,  2.8429e-03, -4.3455e-02,
         4.5555e-02,  1.3535e-02,  6.5103e-04,  5.0200e-02,  4.4334e-02,
         4.2377e-02,  2.2754e-02,  3.6958e-02,  4.7333e-02, -2.4515e-02,
        -6.9873e-03, -4.0851e-02, -4.6437e-02,  3.9127e-02,  8.3949e-03,
        -3.9288e-02, -4.9134e-02, -3.0640e-02,  4.3575e-02,  2.8583e-02,
         1.7658e-02,  5.5498e-03, -4.1729e-02, -1.9328e-02,  3.9994e-02,
        -1.9948e-02, -5.0332e-02, -3.5966e-02, -7.5848e-03, -1.3344e-02,
        -2.1580e-02, -2.1866e-02,  1.1077e-02,  1.9883e-02,  4.0974e-02,
        -2.7377e-02, -1.0572e-02, -3.2926e-02, -3.5063e-02, -1.4376e-02,
        -1.1710e-02, -5.5432e-02, -1.7030e-02,  6.0956e-03,  1.2406e-02,
         1.3915e-02,  2.1256e-02, -3.8955e-02,  3.4523e-02,  6.6799e-04,
        -2.8872e-02, -5.3083e-02, -5.1815e-02,  1.7801e-03,  1.6310e-02,
         3.1285e-02, -3.1482e-02, -2.2936e-02,  4.1131e-02,  5.8972e-03,
        -1.4333e-02, -3.2811e-02,  5.0832e-02,  4.9057e-02,  5.1722e-02,
        -4.1652e-02,  3.5443e-02, -4.0657e-03,  4.7942e-02, -3.3829e-02,
         1.4421e-02,  6.6505e-03,  3.6233e-03, -3.5718e-02,  3.9131e-02,
        -3.1033e-02,  3.1744e-02,  2.1605e-02, -2.3702e-02,  2.5551e-02,
        -1.5225e-02, -9.4987e-03,  3.5395e-02,  2.6660e-02, -4.8509e-02,
        -3.6023e-02,  4.4555e-02, -2.7644e-02, -2.5313e-02,  3.9380e-02,
         2.6001e-02, -4.9607e-02, -1.8859e-02,  1.1654e-02,  9.8813e-03,
        -1.9852e-03,  3.9534e-02, -5.2213e-02,  9.1507e-03,  4.5356e-03,
         3.7419e-02, -2.4349e-02, -4.6315e-02,  2.0989e-02,  1.2295e-02,
        -5.8016e-03,  4.4213e-02,  8.2841e-04, -1.7070e-02,  1.3141e-02,
         8.2362e-03, -2.9421e-02,  4.8405e-02,  1.6104e-02, -4.8286e-02,
         3.0959e-02,  7.3941e-03, -4.7050e-02,  5.1938e-02, -5.3181e-02,
         2.5415e-02,  5.2176e-03, -2.5642e-02, -1.3094e-02,  5.4564e-02,
        -1.3215e-02, -1.6481e-02,  2.4763e-02,  1.9314e-02, -3.3835e-02,
         3.2189e-02,  1.4625e-02,  3.1535e-03,  4.2570e-02, -4.2207e-03,
        -2.2415e-02, -4.4516e-02, -4.5760e-02, -2.7338e-02,  1.4942e-02,
        -1.0057e-03, -3.1666e-02, -8.2801e-03, -1.5017e-02,  4.4993e-02,
         2.6163e-02, -5.8419e-03,  5.4436e-02, -1.9873e-02, -4.5596e-02,
        -5.1514e-02, -4.8058e-02,  3.4623e-02, -2.5834e-02, -9.4636e-03,
        -5.2050e-03, -3.8847e-02,  3.8931e-02,  5.2177e-02,  4.8634e-02,
        -5.0207e-03, -1.3064e-02, -3.8493e-02,  1.9225e-03,  1.1742e-02,
        -4.8624e-02,  3.0017e-02,  5.8624e-03,  5.4651e-02,  3.6738e-02,
        -8.3676e-03, -3.8733e-02,  2.6106e-03,  9.7043e-03, -3.8838e-02,
         4.4918e-02,  1.3547e-02,  2.8538e-02, -4.3621e-02,  1.5849e-03,
        -1.8412e-02, -3.1712e-02, -8.7566e-03, -3.8592e-02, -1.1693e-02,
        -3.1176e-02,  4.8757e-02, -5.0772e-02,  2.7346e-02, -5.5205e-02,
         1.0291e-02,  4.2548e-02, -4.6221e-02,  4.4557e-02, -4.2946e-02,
         4.6786e-02, -3.6399e-03, -9.6209e-03,  4.4053e-02, -1.0152e-02,
         5.2624e-02, -4.8194e-02,  4.1696e-02,  4.3398e-02, -6.5252e-03,
         4.4952e-03, -3.0003e-02,  5.0919e-02, -2.2524e-02,  3.5489e-02,
         1.6767e-02,  1.1211e-02, -2.7494e-02,  3.9351e-02, -1.6684e-02,
        -5.3501e-02, -1.6278e-03, -2.6762e-02, -3.8381e-02,  1.4481e-02,
        -3.9205e-02,  5.2651e-02, -5.0463e-02, -5.1454e-02, -1.2835e-02,
        -1.1423e-02, -2.8317e-02, -1.4347e-02, -5.0412e-02, -3.0289e-03,
        -3.5344e-03, -5.7069e-04,  3.2945e-02,  2.1209e-02, -4.6883e-02,
        -2.5996e-02,  3.4314e-02,  2.4349e-02, -5.0236e-02,  2.3713e-02,
        -5.4412e-02,  5.5267e-02, -3.6729e-02,  5.1303e-02, -1.6017e-02,
         4.8506e-02,  3.2869e-02, -2.4358e-02, -1.9025e-03, -3.4446e-02,
        -4.7634e-04,  8.3003e-03,  5.3281e-02, -3.7975e-02,  5.5692e-02,
         2.9176e-02,  3.8516e-02,  5.6869e-03, -8.6011e-04, -5.4632e-02,
         4.6348e-02,  1.6196e-02,  1.9826e-02,  2.4240e-02, -5.0164e-02,
        -3.9018e-02, -1.1141e-02, -5.3337e-02,  1.8380e-02,  1.4155e-02,
         2.4270e-02,  2.1785e-02,  3.2283e-02,  5.0884e-02,  2.1158e-02,
        -6.5078e-03,  5.2768e-02, -1.4851e-02, -2.5746e-02, -3.6345e-03,
         2.6255e-02, -1.6207e-02, -4.9247e-02,  4.6062e-02,  2.0031e-02,
         1.9859e-02, -4.7636e-02, -4.8907e-03, -3.6830e-02, -1.2824e-02,
        -4.9030e-02, -4.0295e-02,  1.6072e-02, -3.3580e-02, -3.8250e-02,
         1.9496e-02, -2.8184e-02, -3.4363e-03,  2.7836e-02,  2.4815e-02,
        -1.4315e-02,  3.3538e-02,  1.8985e-02,  1.5887e-04, -4.2119e-02,
         3.8485e-02, -3.2397e-02,  2.9262e-02,  2.4377e-02, -2.0996e-02,
        -2.0731e-02,  3.6777e-02,  2.9404e-02, -7.1137e-03,  3.1351e-02,
        -5.4498e-02, -5.5314e-02, -1.1676e-02, -4.1657e-02, -4.4076e-02,
        -1.4341e-02,  3.4455e-02, -2.0975e-03,  4.0140e-02,  3.5129e-02,
         4.1878e-02, -5.2821e-02,  9.1972e-03,  5.3293e-02, -4.0257e-02,
         9.2004e-03, -4.5168e-02,  3.2807e-02,  9.4566e-03, -2.1051e-03],
       device='cuda:0', requires_grad=True)), ('dec0.bias_hh', Parameter containing:
tensor([ 2.6167e-02, -8.7547e-03,  1.4533e-02,  4.0167e-02, -4.1967e-04,
         3.8461e-02,  1.3466e-02, -2.9319e-02, -2.5201e-02, -4.6073e-02,
         2.8653e-02,  6.9420e-03, -1.9179e-02,  4.6623e-02,  1.3788e-02,
         1.4418e-02, -2.0138e-02, -5.8592e-03,  1.2886e-02, -1.8474e-02,
         2.7206e-02,  5.1466e-02, -2.3060e-03, -4.0090e-02, -4.2803e-02,
         5.3341e-02, -5.3103e-02, -4.9193e-02,  1.5377e-02, -6.5236e-03,
         2.3556e-02,  3.4448e-02,  1.8585e-02,  2.8602e-02,  4.6782e-02,
         2.5347e-02, -7.6774e-03, -1.3678e-02, -1.5982e-02, -4.8595e-02,
         8.3642e-03,  1.3697e-04, -9.1189e-03, -3.3835e-02,  2.9746e-03,
         1.8179e-02,  1.7095e-02, -4.6987e-02, -4.7763e-02,  4.8564e-02,
         3.5259e-02, -1.2382e-02, -5.1022e-02, -1.0203e-02, -8.6102e-03,
        -2.4261e-02, -3.5805e-02, -1.7492e-03,  3.3694e-02,  2.0343e-02,
        -2.6223e-02,  3.8746e-02,  2.4113e-02,  1.5267e-02,  4.7623e-02,
        -4.6390e-03,  1.7611e-02, -2.9658e-02, -5.1467e-02, -5.2776e-03,
         3.5004e-02, -1.0775e-03, -1.3086e-02,  4.1250e-02, -1.5313e-02,
         8.4462e-03, -7.3701e-03,  5.1134e-02, -5.4201e-02, -5.4857e-02,
        -7.1916e-03,  5.2736e-02, -3.1283e-02, -1.1446e-02, -2.9340e-02,
         1.2991e-02,  4.2308e-02,  4.4364e-02, -3.7843e-02,  4.3426e-02,
        -6.8754e-03,  4.4862e-02,  8.9083e-03, -5.4301e-02,  3.4251e-02,
         5.0325e-02,  3.9815e-02,  3.4694e-02,  5.0219e-02,  4.4673e-02,
        -1.8367e-02, -5.3833e-02, -1.3590e-02, -3.1542e-02, -3.4913e-02,
         7.8181e-03, -2.9721e-02,  5.1118e-02, -5.9874e-03, -1.8098e-03,
        -5.3185e-02, -5.3452e-02,  5.4373e-02,  2.2935e-02,  5.2459e-02,
        -1.0610e-02, -3.4295e-02,  7.7219e-03,  2.4189e-02,  2.1553e-02,
         5.1540e-02, -4.7592e-03,  4.9154e-02,  8.5266e-03,  4.4537e-02,
        -3.6012e-02,  5.4065e-02, -2.4333e-02,  4.6427e-03, -2.0176e-02,
         3.3074e-02, -2.3548e-02, -4.9517e-02,  5.4645e-02, -2.5020e-02,
        -4.3969e-02,  2.1897e-02, -4.0872e-02,  3.6124e-03, -5.1006e-02,
         5.0220e-02,  2.7867e-02, -5.1661e-02,  3.9341e-02, -2.6128e-02,
        -4.9282e-02,  3.2202e-02,  3.8255e-02,  1.6549e-03,  8.1986e-03,
        -5.3112e-02, -5.1649e-02,  2.6853e-03,  4.6164e-03, -6.4480e-03,
        -3.0059e-02,  4.8748e-02, -2.6820e-02, -3.1467e-02,  2.4342e-02,
        -1.2042e-02,  2.6046e-03, -3.8902e-02,  3.4306e-02, -3.2269e-02,
        -4.7645e-02, -1.9837e-02, -8.0593e-03,  3.2658e-02, -3.7204e-02,
        -3.1897e-02,  1.1762e-02, -4.3157e-02,  1.0244e-02, -1.7955e-02,
         6.5685e-03,  4.4555e-02,  3.7284e-02, -3.0632e-02,  2.4731e-02,
         3.3531e-02,  5.1566e-03, -4.8043e-02, -3.5628e-02,  4.5180e-02,
        -5.3301e-02,  3.5693e-02, -1.4669e-02, -2.0338e-02, -2.4132e-02,
        -1.2836e-02, -1.6749e-04,  4.0902e-03,  5.0897e-02,  9.7641e-03,
         2.7705e-02, -4.6103e-02,  2.5614e-02,  4.9665e-02, -3.7824e-02,
         2.0192e-02, -1.3618e-02,  3.3269e-02,  3.4644e-02, -5.3134e-02,
         2.1478e-02,  2.6366e-02,  4.8367e-02,  1.3655e-02,  2.7073e-02,
         1.5129e-02, -4.2901e-02, -4.0737e-02, -8.3041e-03,  3.9703e-02,
         4.3217e-02, -2.9089e-02,  7.9765e-03,  5.1919e-02, -1.8383e-03,
         1.2140e-02, -2.1393e-02,  4.8434e-03,  2.7515e-02,  1.6078e-03,
         4.3462e-03, -5.0023e-02,  3.3462e-02, -2.2802e-03,  2.4550e-02,
        -2.6705e-02,  3.5387e-02, -3.8390e-02, -4.5605e-02, -8.6928e-03,
        -4.7078e-02,  2.7366e-02, -1.7803e-02,  2.2369e-02, -1.9495e-02,
         1.1408e-02, -5.1981e-02,  5.1751e-02,  3.7156e-02,  4.1971e-02,
        -2.8991e-02, -2.8821e-02,  2.2947e-02, -1.4300e-02,  9.2972e-03,
        -9.1234e-03, -4.8271e-02,  2.4229e-02, -4.9835e-02,  2.3022e-02,
        -4.7653e-02, -2.9573e-02,  1.6260e-02, -1.4987e-02,  2.3390e-02,
         1.7191e-03,  3.5185e-02, -2.8965e-02,  6.8392e-04, -3.4433e-02,
         1.0824e-03,  9.9989e-03, -3.1349e-02, -4.5718e-02,  2.7688e-02,
         2.1679e-02,  3.6870e-02,  2.2120e-02, -3.4307e-03, -3.3572e-03,
        -3.6478e-02,  5.3089e-02,  8.2095e-03, -2.9319e-02,  2.8832e-02,
        -3.9183e-02, -1.3931e-02,  4.3479e-02,  7.4579e-03, -1.9764e-02,
        -1.5574e-02, -4.5925e-02,  4.6987e-02,  4.4574e-02,  7.3705e-03,
        -1.4291e-02, -5.1986e-02,  3.0639e-02,  4.8676e-02, -1.4097e-02,
        -3.0800e-02, -2.1891e-02, -1.6915e-02,  2.3454e-02,  1.6595e-02,
        -4.1764e-02, -3.4676e-02, -5.1455e-03, -2.1873e-02,  5.3802e-02,
        -2.3400e-02, -4.4900e-02, -5.5559e-04, -1.3958e-02,  1.9028e-02,
        -8.9534e-03, -2.6112e-02, -1.6601e-02, -1.3050e-02,  2.4269e-02,
        -2.7035e-02, -6.8974e-04, -1.6968e-02, -5.3716e-02, -1.3002e-02,
         4.4795e-02, -1.8976e-02, -1.7232e-02, -4.7471e-03, -5.0138e-02,
        -9.5065e-03,  2.4700e-02,  5.3684e-02, -4.8342e-02,  8.4329e-03,
         1.2430e-02, -3.2689e-03, -9.2645e-03, -1.1038e-02, -3.4632e-02,
        -5.4509e-02,  5.3154e-02,  7.9685e-03,  2.0034e-02, -1.8015e-02,
         1.4581e-02, -1.6034e-02,  9.0044e-03,  7.6290e-05,  4.4265e-02,
        -4.7646e-02,  3.1777e-02, -3.0460e-02, -4.0782e-02,  2.2632e-02,
        -3.3835e-02,  1.3727e-02,  1.3947e-02,  1.0718e-02,  4.3657e-02,
         1.3840e-02, -8.9543e-03,  7.1223e-03, -4.5537e-02, -2.7907e-02,
        -3.7794e-02,  1.1975e-02,  1.3182e-02,  5.3908e-02,  2.1646e-02,
         1.8153e-02, -3.7485e-02,  1.6221e-02,  1.4460e-02, -2.6113e-03,
        -6.2513e-03, -5.1356e-03,  5.3306e-02, -5.6235e-03, -3.5397e-02,
         1.0688e-02,  1.4641e-02, -1.8849e-02, -5.4984e-02,  1.2084e-02,
        -2.0479e-02,  4.3906e-02,  4.1484e-02,  3.4378e-02,  4.1833e-02,
         1.8611e-02,  1.5367e-02, -2.5391e-02,  3.1542e-02, -7.3551e-03,
         3.7893e-02, -4.4276e-02, -2.0179e-02, -2.8452e-02, -2.5837e-02,
         3.2730e-02, -1.7066e-02,  3.4765e-03, -4.6124e-02, -9.5950e-03,
        -5.0194e-02, -1.3521e-02,  6.2328e-03, -5.2277e-02, -3.7952e-02,
        -4.6767e-02, -4.4745e-02,  3.5910e-02, -4.6535e-02, -2.2919e-02,
         2.5076e-02, -3.5818e-02,  2.1050e-02,  5.4787e-02, -6.1193e-03,
         2.3632e-02,  4.0383e-02, -7.7661e-03, -5.3073e-02,  1.5350e-02,
         2.6573e-02, -1.4304e-02, -3.2138e-02,  2.8401e-02,  1.2268e-02,
        -2.3989e-02, -3.1296e-02,  1.3198e-02, -5.4571e-02,  1.3105e-02,
         8.5516e-03, -1.1597e-02, -2.3382e-02, -5.5383e-02, -1.6724e-02,
        -1.4626e-02, -3.9008e-02,  4.6350e-03, -5.2946e-02, -1.6446e-02,
        -2.5415e-02, -1.2127e-02,  3.1709e-02,  5.5108e-02, -5.2934e-03,
         3.2876e-02, -2.5668e-02,  3.7365e-02,  2.6966e-02, -4.9255e-02,
         4.2525e-02,  2.2282e-03, -2.0665e-02,  4.5281e-02, -3.2582e-02,
         4.7190e-02,  4.5153e-02,  1.9113e-02,  4.3261e-02,  5.1408e-02,
        -1.6667e-02, -1.1911e-02, -4.4997e-02,  3.1771e-02,  2.8047e-02,
         7.1918e-03,  3.8295e-02,  9.2863e-03, -3.3202e-02, -2.0280e-02,
         1.9477e-02, -2.9562e-02, -5.3625e-02, -2.1276e-02, -8.5915e-03,
        -2.9725e-02,  4.0356e-02,  3.3113e-02, -3.7454e-02,  4.4282e-02,
         4.9917e-02,  2.2114e-02,  2.7926e-02,  2.1692e-02, -3.0764e-03,
         2.9847e-02, -1.6547e-02,  3.2454e-02,  1.5390e-02, -4.3062e-02,
        -1.8748e-02, -4.1252e-03,  5.1397e-02,  2.1945e-02,  2.0774e-02,
         2.0582e-02, -1.7968e-02,  4.4516e-02,  4.7712e-02, -1.2331e-02,
        -3.9324e-02, -5.1134e-02,  1.8299e-02,  2.6411e-02,  1.0952e-02,
        -5.1520e-02, -4.9351e-02,  2.6588e-03,  5.5143e-02, -5.9294e-03,
        -5.5165e-02,  1.8504e-02, -1.0058e-02, -2.7456e-02, -4.9945e-02,
         4.2473e-02, -2.4716e-02, -4.0605e-02,  4.0540e-02, -2.4316e-02,
         2.2482e-02,  1.5135e-02,  5.3495e-02, -3.2786e-02, -2.9659e-02,
        -1.0608e-02, -1.1165e-04,  1.2867e-02,  1.7636e-02, -1.6031e-02,
        -1.6765e-02, -4.7310e-02, -4.5769e-02, -3.7652e-02, -4.7860e-02,
         1.0424e-02,  4.2786e-02, -3.1971e-02,  1.5618e-02, -4.1932e-02,
         5.2371e-02, -2.7136e-02,  9.1204e-04,  3.9765e-02, -1.4956e-02,
        -4.5131e-02,  1.0754e-02, -5.0957e-02, -5.2277e-02,  2.1547e-02,
         1.7190e-02, -2.5483e-02, -1.7924e-02,  4.2369e-02, -2.8714e-03,
        -2.0193e-03, -2.4025e-02,  4.8195e-02, -2.1638e-02, -5.1656e-02,
         5.5338e-02, -3.5453e-03, -5.1613e-02, -2.0420e-02, -1.7426e-02,
        -3.7713e-02,  3.7506e-02,  1.6286e-02, -4.4465e-02,  4.4320e-02,
        -5.0694e-02,  4.6123e-03,  2.2122e-02,  3.0590e-02,  2.0081e-03,
        -5.4706e-02, -5.5026e-02,  3.7134e-02,  1.1847e-02,  3.7243e-02,
        -7.3911e-03, -4.6237e-02, -1.3281e-02,  3.8478e-02,  8.1413e-03,
         3.8990e-02, -2.9118e-02,  1.7460e-02, -4.8822e-02,  4.1428e-02,
         8.5951e-04,  3.0595e-02, -4.9136e-02,  1.1408e-02,  4.7787e-02,
        -4.6376e-02, -4.0659e-02,  4.1103e-03,  1.5236e-02, -3.9683e-02,
         5.4132e-02,  1.5850e-02, -2.9051e-02, -1.6485e-02, -2.6193e-02,
        -1.6522e-02,  4.0491e-02, -2.7750e-02, -4.8952e-02,  5.4465e-02,
         4.9501e-02, -3.7303e-02,  3.3118e-03,  6.6423e-03, -3.5336e-02,
        -4.7572e-02,  4.4611e-02,  4.6974e-02,  2.5069e-03,  4.6989e-02,
        -3.1001e-02, -2.3421e-02,  1.3894e-02, -2.6549e-02,  4.3098e-02,
         2.8814e-02, -5.3617e-02, -2.0973e-02,  3.6613e-02,  4.1380e-02,
         7.0144e-03, -4.4232e-02, -1.1423e-02,  2.6975e-02,  5.0693e-02,
        -1.1169e-02,  2.0565e-02,  9.8878e-03, -5.3277e-02, -2.6289e-02,
         6.0716e-03,  3.6319e-02,  4.7892e-02,  3.8693e-02,  3.1967e-02,
        -4.6518e-02,  2.7345e-02, -4.1040e-02,  1.8336e-03,  4.5420e-02,
         5.2454e-02,  3.1605e-04,  4.4004e-02,  3.6499e-02, -9.0263e-03,
         1.4548e-02, -3.6038e-03, -2.1584e-02,  9.8993e-03,  5.4093e-02,
        -1.6499e-02, -3.6458e-02, -3.4380e-02,  2.0169e-02,  1.1765e-02,
        -2.3154e-03, -3.3355e-02, -2.3711e-02,  1.0716e-02,  4.2371e-02,
        -2.7492e-03,  4.9028e-02,  1.9533e-02,  3.1669e-02,  5.0109e-02,
        -3.8065e-02, -3.0164e-02,  3.7606e-02, -4.8092e-02,  2.0490e-02,
        -4.6914e-02,  2.9827e-02, -3.2291e-02, -3.3883e-02,  8.1055e-03,
         4.5410e-02, -3.8888e-02,  2.3715e-02,  2.2441e-02,  5.0230e-03,
        -2.0366e-02, -2.3237e-02,  3.1123e-02, -9.9178e-03,  1.8458e-02,
        -5.3220e-02,  5.4722e-02,  7.7300e-03,  4.1445e-02, -2.5076e-02,
        -4.3502e-02, -4.4383e-02, -4.9049e-02,  1.0688e-02,  3.3866e-02,
        -5.1049e-02, -4.8386e-02, -4.9961e-02,  1.9542e-02,  4.5951e-02,
        -2.3312e-02,  3.8292e-02, -3.9593e-02,  4.3314e-02, -4.7855e-02,
        -5.0380e-02,  2.9559e-03,  1.9751e-02,  3.2695e-02,  2.2401e-02,
        -2.3279e-02,  4.6190e-02,  2.5617e-02, -1.3583e-02,  4.1417e-03,
         3.8523e-03, -1.0975e-02,  4.7656e-04, -4.3983e-02, -5.2572e-02,
         4.9697e-03,  1.7438e-02,  3.9731e-02, -2.9873e-02,  5.5685e-02,
        -2.4936e-02, -1.5969e-02, -3.9911e-02,  4.2230e-02,  4.6015e-03,
        -2.3574e-02,  3.1825e-02, -3.9307e-02, -2.2677e-02,  1.8446e-02,
        -2.7432e-02, -3.9789e-02, -6.3581e-03,  5.3991e-02,  5.5241e-02,
         3.5162e-02, -8.4718e-03,  3.6533e-02, -9.0269e-03, -8.2090e-03,
         5.2594e-02,  1.0132e-02, -3.5482e-02, -1.3678e-02,  1.4880e-02,
         5.0668e-02,  3.0001e-02, -6.1423e-03, -3.3862e-02, -1.3050e-02,
        -1.9079e-02, -1.6640e-02,  4.4676e-02, -8.4054e-03,  3.9027e-02,
        -2.9431e-03, -3.1086e-02,  1.1670e-02,  4.9844e-02, -5.3045e-02,
        -1.1471e-02,  4.2148e-02, -2.9282e-02,  3.2919e-02, -5.1044e-02,
         2.0160e-02,  8.7089e-03, -1.9766e-02, -7.3260e-03,  4.6703e-03,
         4.9832e-02,  5.4650e-02, -3.6916e-02, -1.5428e-02,  4.1042e-02,
        -4.7275e-02,  5.5840e-02,  3.6655e-02,  9.3165e-04,  2.3247e-02,
        -3.3431e-02, -1.6297e-02, -1.4188e-02, -6.6385e-03, -7.2045e-03,
        -2.7656e-02,  4.0848e-02,  4.3368e-02,  3.4772e-02, -3.3703e-02,
        -3.5321e-04,  4.3722e-02, -2.5590e-02,  4.8562e-02,  3.8601e-02,
         4.2541e-02,  4.5273e-02, -2.6164e-02, -7.3134e-03, -3.7962e-02,
         2.3332e-02,  5.4166e-03, -3.6372e-02,  2.8327e-02, -5.7392e-03,
         4.3898e-02, -5.0391e-02,  4.2962e-02,  9.6087e-03, -2.9900e-02,
        -4.4660e-02,  1.5129e-02, -4.7126e-03,  4.2552e-02,  3.9185e-02,
        -7.2382e-03, -4.0421e-02, -3.9612e-02,  6.7218e-03,  1.7057e-02,
         3.0055e-02,  3.8131e-02, -2.9194e-02,  1.1687e-02,  4.2101e-02,
         3.5928e-02, -2.3126e-02,  1.8747e-02,  4.4619e-02,  5.2385e-02,
        -1.4990e-02,  2.0138e-02, -2.7617e-03, -5.0910e-02, -3.8567e-02,
        -4.7742e-02, -5.2618e-03, -5.6531e-03,  3.1530e-02,  5.3480e-05,
         3.9300e-02,  4.3770e-03,  2.3399e-02, -3.3501e-02, -2.1847e-02,
        -4.8310e-02, -1.7936e-02,  2.9066e-02,  1.4753e-02,  2.5277e-02,
        -1.3309e-02, -9.1705e-03,  5.4663e-02,  3.6602e-02,  2.5727e-02,
        -5.3618e-02, -2.2649e-02, -2.6023e-02, -5.2878e-02, -4.4879e-02,
        -3.4076e-02,  5.0470e-02,  1.4364e-02, -4.2087e-03,  3.3046e-03,
        -3.4987e-02, -5.3020e-02,  7.6096e-03,  5.4144e-02,  3.1241e-04,
         3.4777e-02, -3.4057e-02,  2.0834e-02, -2.0663e-02,  3.2415e-02,
        -3.5519e-02,  3.4443e-02,  1.6742e-02, -4.7892e-03,  3.7451e-02,
         7.0971e-03, -1.1009e-02,  2.4593e-02,  3.6404e-02,  2.7030e-02,
         2.9118e-03,  3.5363e-02, -8.8448e-03, -1.7822e-02, -2.6327e-02,
        -5.1464e-02,  2.5551e-03, -1.7025e-02,  5.4122e-02,  3.1576e-02,
         2.4887e-03, -2.6038e-02, -4.4957e-02,  5.3086e-02, -6.8556e-03,
        -3.9621e-02,  1.0648e-02, -2.1797e-03, -3.7723e-02,  2.7913e-02,
        -1.1161e-02,  2.9234e-02, -4.9890e-02, -1.4485e-02, -1.1367e-02,
        -4.7946e-02, -3.3903e-02,  4.9613e-02,  2.6941e-02,  4.4700e-02,
        -2.0562e-02,  3.8880e-02, -1.9373e-02,  1.7142e-02, -5.0246e-02,
        -5.4801e-03, -1.8810e-02,  1.0484e-02,  2.9093e-02,  1.4575e-02,
        -2.0526e-02, -1.1046e-02, -4.4210e-02, -2.5871e-02, -5.5827e-02,
         2.9924e-02, -2.6793e-02,  2.8085e-02,  2.7824e-02, -2.3282e-02,
        -1.3933e-02,  1.4469e-02,  4.1438e-02,  2.9627e-02, -5.5889e-02,
        -3.6023e-02, -1.0049e-02, -7.5297e-03,  4.3789e-03,  4.5893e-02],
       device='cuda:0', requires_grad=True)), ('hid2out.weight', Parameter containing:
tensor([[-0.1295,  0.1244, -0.0220,  ...,  0.0404, -0.0529, -0.0220],
        [-0.1459,  0.0085,  0.1826,  ..., -0.0871,  0.0212, -0.0169],
        [ 0.0199, -0.0912, -0.1601,  ..., -0.0249, -0.0690,  0.0684],
        ...,
        [-0.0381,  0.0359, -0.0448,  ...,  0.0640, -0.0125, -0.0135],
        [-0.0544,  0.0358,  0.1758,  ...,  0.0208, -0.0154, -0.0326],
        [ 0.1147, -0.1422,  0.1450,  ..., -0.1420,  0.0465, -0.1239]],
       device='cuda:0', requires_grad=True)), ('hid2out.bias', Parameter containing:
tensor([0., 0., 0., 0., 0., 0., 0., 0., 0., 0., 0., 0., 0., 0., 0., 0., 0., 0., 0., 0., 0., 0., 0., 0.,
        0., 0., 0., 0., 0., 0., 0., 0., 0., 0., 0., 0., 0., 0., 0., 0., 0., 0., 0., 0., 0., 0., 0., 0.,
        0., 0., 0., 0., 0., 0., 0., 0., 0., 0., 0., 0., 0., 0., 0., 0., 0., 0., 0., 0., 0., 0., 0., 0.,
        0., 0., 0., 0., 0., 0., 0., 0., 0., 0., 0., 0., 0., 0., 0., 0., 0., 0., 0., 0., 0., 0., 0., 0.,
        0., 0., 0., 0., 0., 0., 0., 0., 0., 0., 0., 0., 0., 0., 0., 0., 0., 0., 0., 0., 0., 0., 0., 0.,
        0., 0., 0., 0., 0., 0., 0., 0., 0., 0., 0., 0., 0., 0., 0., 0., 0., 0., 0., 0., 0., 0., 0., 0.,
        0., 0., 0., 0., 0., 0., 0., 0., 0., 0., 0., 0., 0., 0., 0., 0., 0., 0., 0., 0., 0., 0., 0., 0.,
        0., 0., 0., 0., 0., 0., 0., 0., 0., 0., 0., 0., 0., 0., 0., 0., 0., 0., 0., 0., 0., 0., 0., 0.,
        0., 0., 0., 0., 0., 0., 0., 0., 0., 0., 0., 0., 0., 0., 0., 0., 0., 0., 0., 0., 0., 0., 0., 0.,
        0., 0., 0., 0., 0., 0., 0., 0., 0., 0., 0., 0., 0., 0., 0., 0., 0., 0., 0., 0., 0., 0., 0., 0.,
        0., 0., 0., 0., 0., 0., 0., 0., 0., 0., 0., 0., 0., 0., 0., 0., 0., 0., 0., 0., 0., 0., 0., 0.,
        0., 0., 0., 0., 0., 0., 0., 0., 0., 0., 0., 0., 0., 0., 0., 0., 0., 0., 0., 0., 0., 0., 0., 0.,
        0., 0., 0., 0., 0., 0., 0., 0., 0., 0., 0., 0., 0., 0., 0., 0., 0., 0., 0., 0., 0., 0., 0., 0.,
        0., 0., 0., 0., 0., 0., 0., 0., 0., 0., 0., 0., 0., 0., 0., 0., 0., 0., 0., 0., 0., 0., 0., 0.,
        0., 0., 0., 0., 0., 0., 0., 0., 0., 0., 0., 0., 0., 0., 0., 0., 0., 0., 0., 0., 0., 0., 0., 0.,
        0., 0., 0., 0., 0., 0., 0., 0., 0., 0., 0., 0., 0., 0., 0., 0., 0., 0., 0., 0., 0., 0., 0., 0.,
        0., 0., 0., 0., 0., 0., 0., 0., 0., 0., 0., 0., 0., 0., 0., 0., 0., 0., 0., 0., 0., 0., 0., 0.,
        0., 0., 0., 0., 0., 0., 0., 0., 0., 0., 0., 0., 0., 0., 0., 0., 0., 0., 0., 0., 0., 0., 0., 0.,
        0., 0., 0., 0., 0., 0., 0., 0., 0., 0., 0., 0., 0., 0., 0., 0., 0., 0., 0., 0., 0., 0., 0., 0.,
        0., 0., 0., 0., 0., 0., 0., 0., 0., 0., 0., 0., 0., 0., 0., 0., 0., 0., 0., 0., 0., 0., 0., 0.,
        0., 0., 0., 0., 0., 0., 0., 0., 0., 0., 0., 0., 0., 0., 0., 0., 0., 0., 0., 0., 0., 0., 0., 0.,
        0., 0., 0., 0., 0., 0., 0., 0., 0., 0., 0., 0., 0., 0., 0., 0., 0., 0., 0., 0., 0., 0., 0., 0.,
        0., 0., 0., 0., 0., 0., 0., 0., 0., 0., 0., 0., 0., 0., 0., 0., 0., 0., 0., 0., 0., 0., 0., 0.,
        0., 0., 0., 0., 0., 0., 0., 0., 0., 0., 0., 0., 0., 0., 0., 0., 0., 0., 0., 0., 0., 0., 0., 0.,
        0., 0., 0., 0., 0., 0., 0., 0., 0., 0., 0., 0., 0., 0., 0., 0., 0., 0., 0., 0., 0., 0., 0., 0.,
        0., 0., 0., 0., 0., 0., 0., 0., 0., 0., 0., 0., 0., 0., 0., 0., 0., 0., 0., 0., 0., 0., 0., 0.,
        0., 0., 0., 0., 0., 0., 0., 0., 0., 0., 0., 0., 0., 0., 0., 0., 0., 0., 0., 0., 0., 0., 0., 0.,
        0., 0., 0., 0., 0., 0., 0., 0., 0., 0., 0., 0., 0., 0., 0., 0., 0., 0., 0., 0., 0., 0., 0., 0.,
        0., 0., 0., 0., 0., 0., 0., 0., 0., 0., 0., 0., 0., 0., 0., 0., 0., 0., 0., 0., 0., 0., 0., 0.,
        0., 0., 0., 0., 0., 0., 0., 0., 0., 0., 0., 0., 0., 0., 0., 0., 0., 0., 0., 0., 0., 0., 0., 0.,
        0., 0., 0., 0., 0., 0., 0., 0., 0., 0., 0., 0., 0., 0., 0., 0., 0., 0., 0., 0., 0., 0., 0., 0.,
        0., 0., 0., 0., 0., 0., 0., 0., 0., 0., 0., 0., 0., 0., 0., 0., 0., 0., 0., 0., 0., 0., 0., 0.,
        0., 0., 0., 0., 0., 0., 0., 0., 0., 0., 0., 0., 0., 0., 0., 0., 0., 0., 0., 0., 0., 0., 0., 0.,
        0., 0., 0., 0., 0., 0., 0., 0., 0., 0., 0., 0., 0., 0., 0., 0., 0., 0., 0., 0., 0., 0., 0., 0.,
        0., 0., 0., 0., 0., 0., 0., 0., 0., 0., 0., 0., 0., 0., 0., 0., 0., 0., 0., 0., 0., 0., 0., 0.,
        0.], device='cuda:0', requires_grad=True)), ('out2prob.bias', Parameter containing:
tensor([0.], device='cuda:0', requires_grad=True)), ('lin_class.weight', Parameter containing:
tensor([[1.0060]], device='cuda:0', requires_grad=True))]
mumu
[('emb.weight', Parameter containing:
tensor([[ 0.0853,  0.0220,  0.0140,  ...,  0.0141,  0.0670, -0.0868],
        [ 0.0010, -0.0030, -0.0193,  ...,  0.0622,  0.0461,  0.0485]],
       device='cuda:0', requires_grad=True)), ('dec0.weight_ih', Parameter containing:
tensor([[ 2.4101e-02, -4.0411e-02,  1.7830e-02,  ..., -1.4024e-02,
          7.0200e-02,  7.9117e-02],
        [ 1.7625e-02, -5.7204e-02, -5.5842e-02,  ...,  6.3566e-03,
          9.5655e-02, -1.6197e-02],
        [-5.1560e-02, -4.7940e-02, -2.0405e-02,  ...,  1.2010e-02,
          1.6573e-02,  7.2737e-02],
        ...,
        [ 2.4501e-02, -2.8748e-02,  1.2144e-02,  ..., -3.8332e-02,
          3.3712e-02, -2.8769e-02],
        [ 4.1991e-02, -4.5785e-02, -1.4849e-02,  ..., -4.0938e-02,
         -4.9932e-02, -4.7137e-03],
        [-6.0347e-02, -9.1258e-02,  2.4258e-02,  ...,  6.9681e-02,
          3.2281e-03, -1.5036e-05]], device='cuda:0', requires_grad=True)), ('dec0.weight_hh', Parameter containing:
tensor([[-0.0413,  0.0595,  0.0060,  ..., -0.0491,  0.1662, -0.0271],
        [ 0.0814,  0.0667,  0.0868,  ...,  0.0183, -0.1026,  0.0561],
        [-0.0595, -0.0746,  0.0101,  ..., -0.1276,  0.0384, -0.0827],
        ...,
        [ 0.0141, -0.0308,  0.0142,  ...,  0.1039,  0.0873,  0.1704],
        [ 0.1040,  0.0939, -0.0296,  ...,  0.1380, -0.2704,  0.0390],
        [ 0.0596,  0.0292,  0.0066,  ...,  0.0612, -0.0427,  0.0557]],
       device='cuda:0', requires_grad=True)), ('dec0.bias_ih', Parameter containing:
tensor([-5.2283e-02, -5.6607e-03, -5.3785e-02, -5.1860e-02, -2.2060e-02,
         4.1567e-02, -4.1984e-02, -2.5672e-02,  4.9613e-02,  2.6168e-02,
        -3.7717e-02, -5.4947e-02,  4.9519e-02,  3.2764e-02, -3.4418e-02,
         3.5187e-02,  2.9207e-02,  2.7446e-02, -2.9566e-02, -5.0079e-02,
        -3.1513e-02, -8.8698e-03, -2.1642e-02, -2.9432e-02,  3.6678e-02,
        -1.6361e-02, -6.9488e-03, -2.0935e-02, -3.9860e-02,  8.4629e-03,
         2.4620e-02, -5.0296e-02, -3.4459e-02, -1.5589e-02,  1.8249e-02,
         2.1242e-02,  3.8317e-02, -3.6424e-02,  8.3528e-05,  2.4522e-02,
        -2.1153e-02, -2.0792e-02, -4.2112e-02,  5.1987e-02, -5.5608e-02,
        -4.7979e-02,  2.4160e-02, -2.7409e-02, -2.6251e-02,  4.5476e-02,
        -3.6041e-02, -7.5557e-03,  3.3354e-02, -2.6037e-02,  3.5426e-02,
         1.0664e-02,  1.5955e-02,  5.2310e-03,  4.6906e-02,  2.9987e-02,
        -3.7974e-02,  5.5733e-02,  4.3586e-02, -1.2492e-02, -3.4857e-02,
        -4.6047e-02,  5.2756e-02, -1.3259e-02,  3.4114e-02, -2.8865e-02,
         3.4472e-02, -3.3952e-02, -1.9722e-02,  4.2756e-02, -3.5404e-02,
        -1.6373e-02, -3.3425e-02, -5.5265e-02,  1.1270e-02, -1.7226e-03,
        -5.3375e-02, -1.6177e-02,  7.0951e-03, -5.5137e-02, -5.0452e-02,
         4.4629e-03, -1.2860e-02,  2.6249e-02, -3.9296e-02, -5.4692e-02,
         4.3314e-02, -1.8595e-02, -1.3204e-04,  4.7129e-02,  4.0421e-02,
        -1.8909e-02,  3.5331e-02,  1.8886e-02, -2.4142e-02, -3.8552e-02,
        -5.4088e-02,  4.4545e-02, -9.0816e-03, -4.3767e-02,  1.5033e-03,
        -4.0726e-02, -2.3313e-02, -4.2718e-02, -6.5952e-03,  2.2198e-02,
         5.4513e-02,  1.0493e-02, -2.9899e-02,  4.1435e-02, -3.2510e-02,
        -4.0619e-02,  1.1965e-02, -2.0135e-02,  4.8818e-02,  6.6353e-03,
        -4.2069e-02, -2.2078e-03, -5.2047e-03,  2.5421e-02,  1.1507e-02,
         2.3404e-03,  5.4317e-02,  4.5067e-02,  1.3043e-02,  3.6904e-02,
         5.3706e-02,  2.1693e-02, -2.9278e-02, -3.3314e-03, -2.6436e-02,
        -3.1342e-02,  4.6301e-02,  4.4055e-02, -2.2565e-02,  2.1332e-02,
         5.3846e-02,  1.3473e-02,  3.7755e-02, -2.8713e-04, -4.2683e-02,
        -5.3676e-02, -4.0324e-02, -5.9574e-03, -2.8011e-03, -3.7643e-02,
         2.8101e-02, -7.6669e-03,  4.8024e-02,  3.5161e-02, -4.2811e-02,
         2.3839e-02, -4.7645e-03, -1.2936e-02, -1.7820e-02,  2.2355e-02,
         4.8360e-02,  2.0176e-02, -1.0619e-02, -3.3896e-02,  1.2765e-02,
        -2.3314e-03, -3.1567e-02,  4.0107e-02, -2.2648e-02,  8.6217e-03,
        -4.5325e-02,  1.6538e-02,  2.6171e-02, -5.4118e-02, -4.5315e-02,
        -3.0479e-02, -2.5343e-02,  7.0885e-03, -3.0040e-02,  1.8653e-02,
        -5.5637e-02,  4.4091e-02,  4.9502e-03, -5.4817e-02, -1.1087e-02,
         1.5148e-03,  5.3985e-02,  9.4376e-03,  4.3529e-02,  3.5361e-02,
         2.3375e-02,  3.9934e-02, -3.1861e-02,  3.5236e-03,  1.5005e-02,
         1.7935e-03,  3.9492e-02, -3.3182e-02,  1.6727e-02, -5.2824e-02,
        -4.8518e-02,  2.8027e-02,  3.0714e-02, -2.2936e-02, -2.0070e-02,
         5.2933e-03, -3.5296e-02, -5.4319e-02,  1.4777e-02, -4.1840e-02,
         3.9878e-02,  4.6427e-02,  4.4964e-02,  3.6175e-02, -5.2678e-02,
        -1.6437e-02, -4.2307e-02, -2.5580e-02,  1.3496e-02,  2.9184e-02,
         3.3253e-02,  4.5730e-02, -4.1141e-02,  2.4029e-02, -1.0291e-02,
         3.7224e-02,  4.6327e-02, -2.4831e-02,  1.4275e-02,  5.1967e-02,
         3.6627e-02, -3.1403e-02, -2.4861e-03,  5.2053e-03, -4.9001e-02,
        -2.0735e-02, -3.4335e-02,  3.8049e-03,  3.1643e-02,  5.2687e-02,
        -3.0151e-02,  4.2416e-02,  2.6211e-02, -3.6081e-02, -1.3541e-02,
         1.2925e-02, -6.1679e-03,  5.0836e-02,  5.2072e-02,  8.9891e-03,
         4.5856e-02, -1.1204e-02, -2.2065e-03,  1.5743e-02, -4.3128e-03,
        -4.1990e-02,  4.1196e-02,  4.2717e-02, -5.4978e-02, -3.3004e-02,
         2.3683e-02,  2.2637e-02,  5.3170e-02,  2.3558e-02,  4.1291e-02,
        -6.4468e-03,  2.7906e-02,  4.9565e-02,  5.5037e-02,  4.7035e-03,
        -5.4953e-02,  4.5131e-02, -5.4466e-02,  4.1434e-02,  1.7882e-02,
        -3.2624e-02,  3.6403e-02,  4.2255e-02,  3.8881e-02, -5.0140e-02,
        -1.2105e-02, -9.0028e-03,  3.5175e-02, -2.6249e-02,  2.9157e-02,
         6.3816e-03, -4.1626e-02,  9.9205e-03, -1.6325e-02, -2.7454e-02,
         1.4429e-02,  3.1476e-02, -5.5422e-02, -1.2993e-02, -4.6845e-02,
        -4.5902e-02, -3.6451e-02,  4.5475e-02,  1.2336e-02,  1.5500e-02,
        -1.1983e-02,  4.4326e-02, -1.1912e-02, -4.2825e-02, -3.9096e-02,
         9.9965e-03, -4.7846e-02,  1.9496e-02,  7.6185e-03,  2.5575e-02,
        -8.2890e-03,  4.0982e-02,  5.3159e-02,  4.0789e-02,  3.4293e-02,
         3.2844e-02, -2.4484e-02,  3.2855e-02, -1.3779e-02,  3.9627e-02,
         1.1604e-02,  3.2555e-02, -3.9597e-02,  4.9767e-02,  5.3450e-03,
        -5.5586e-02, -3.6660e-02,  2.7586e-02, -2.3761e-02, -2.8892e-02,
         7.5109e-03, -2.6933e-02,  4.0895e-02, -2.5990e-02, -3.5210e-02,
         1.0938e-02,  3.1014e-02,  2.8460e-02,  1.2698e-02, -3.2987e-02,
        -3.5300e-02,  1.4512e-03,  5.5388e-02, -4.8812e-02,  2.0204e-04,
        -4.1259e-02, -4.7134e-02,  4.0345e-02,  3.9696e-02, -2.0180e-02,
        -8.4502e-03, -2.4144e-02,  1.9104e-02, -4.7254e-02,  1.6109e-02,
         9.9549e-03, -3.9283e-02,  4.2946e-02,  1.9250e-02,  1.9479e-02,
        -1.8287e-02, -1.6175e-02, -4.8016e-02, -1.6927e-02,  3.1481e-02,
         3.1139e-03,  5.3738e-02,  4.6073e-02, -2.9073e-03, -2.0976e-02,
         8.5643e-03, -3.1671e-03,  4.6250e-02, -2.3310e-02,  4.1080e-02,
         9.3963e-03, -3.6215e-02,  3.8647e-02,  4.6129e-02, -5.1008e-02,
        -5.4096e-02,  1.0551e-02,  3.3586e-02,  6.9540e-03, -2.8624e-02,
         3.6619e-02, -4.3877e-02,  4.0997e-03, -4.0747e-02,  5.1503e-02,
         3.6596e-02,  5.4902e-02,  4.7427e-03, -1.8398e-02, -3.8499e-02,
        -1.2727e-02,  4.5176e-02,  5.4233e-02, -3.9485e-03, -2.2627e-02,
         2.3659e-02, -4.5843e-02, -1.4868e-03, -5.0434e-02, -2.4900e-02,
        -1.0268e-02,  8.8647e-03, -4.4606e-02,  3.7775e-02,  4.3938e-02,
        -6.3706e-03,  1.0918e-02, -3.0490e-02,  4.6975e-02, -2.7000e-02,
         2.7680e-02,  2.7029e-02, -3.9971e-02,  1.3266e-02,  4.2545e-02,
         1.7157e-02,  9.5309e-03,  1.6300e-02,  4.7820e-02, -4.0613e-02,
         5.0399e-02, -3.7977e-02,  5.2930e-02,  4.3652e-02, -3.3169e-02,
         5.5441e-02, -4.1846e-02, -7.9160e-03,  4.7186e-03, -2.3954e-02,
         4.7817e-02, -1.7922e-02,  5.0468e-02, -1.7705e-02,  1.0397e-02,
         4.4487e-02, -1.7536e-04,  1.6818e-02, -3.9508e-02, -1.2268e-02,
         2.0350e-02,  4.4749e-02, -4.0398e-02, -2.4805e-02,  4.5449e-02,
         4.1783e-03, -3.7122e-02,  2.8984e-02,  3.0859e-02,  8.6373e-03,
         4.7554e-02, -3.8607e-02, -1.8159e-02,  1.7435e-02,  3.5328e-02,
        -7.3723e-03, -4.6901e-02,  3.7492e-02, -2.2564e-02, -7.8593e-03,
         8.5210e-03, -4.2803e-03, -1.9320e-02, -8.2836e-03,  1.4127e-02,
         1.7846e-02, -4.0814e-02, -9.3380e-03,  4.4656e-02,  6.0424e-03,
        -3.4075e-02,  2.3454e-02,  4.3006e-02, -5.0307e-02,  3.1744e-02,
         1.8977e-02, -3.6102e-03, -6.5681e-04,  2.8592e-02, -4.8064e-02,
         4.2490e-02,  5.5226e-02, -3.9266e-02,  2.3656e-02, -2.9662e-02,
        -1.7167e-02, -5.2985e-02, -1.1090e-02, -1.4997e-02, -3.3204e-02,
        -5.5290e-02,  2.2426e-02, -5.1569e-02,  3.8853e-02,  1.9340e-03,
        -4.4020e-02,  2.8069e-02,  1.5166e-02,  1.4528e-02, -5.8552e-03,
        -5.0464e-03, -6.9475e-03,  2.9288e-02, -2.6697e-02,  2.3904e-02,
         1.3418e-02,  2.2727e-02, -1.6553e-02,  5.2817e-02, -1.0004e-02,
         1.2943e-02,  2.5113e-02,  3.8839e-03,  3.9037e-05,  4.7693e-02,
        -2.1250e-03, -4.8651e-02,  3.0160e-02, -3.2069e-02,  2.4228e-02,
        -2.9809e-02,  4.3273e-02,  1.0321e-02,  1.1581e-02,  3.6156e-02,
        -2.8164e-02, -5.2051e-02, -2.4747e-02, -2.4049e-02,  3.0497e-02,
         2.8010e-02,  1.7100e-02, -1.3229e-02,  5.2376e-02, -2.8818e-02,
        -1.7105e-02,  4.5389e-02,  3.2875e-02, -4.1883e-02,  1.7519e-02,
        -2.9533e-02, -3.9938e-02, -2.9086e-02, -2.9440e-02,  2.0348e-03,
        -1.4783e-02,  4.8516e-02,  2.3560e-02,  5.5496e-02,  4.7767e-02,
        -1.4898e-02,  4.3458e-02, -4.8059e-02,  1.8333e-03,  1.9607e-02,
        -5.4939e-02, -4.4938e-02,  6.1720e-03, -9.1869e-03, -1.5123e-02,
         3.8449e-02, -1.1352e-02, -3.0062e-02, -1.0515e-02, -3.5200e-02,
         8.8411e-03,  5.2046e-02,  7.0055e-03, -4.8398e-02,  2.5815e-03,
        -1.3179e-02,  1.3878e-02, -4.3704e-02, -4.4387e-02,  3.8863e-02,
         3.2326e-02, -4.3462e-02,  1.2841e-02,  5.3380e-02, -2.2406e-02,
        -1.8128e-02,  3.0783e-02, -4.5943e-02, -3.0135e-02,  1.4991e-02,
         5.0954e-02, -3.7407e-02, -4.5829e-02,  5.2803e-02,  5.9443e-03,
         3.8550e-02,  3.9878e-02, -2.4518e-02,  3.6059e-03, -4.5764e-02,
        -6.9485e-03, -3.4173e-02,  1.4955e-02, -4.8849e-02, -1.8166e-02,
        -4.7100e-02, -3.8727e-02,  2.9996e-02, -4.4661e-02,  8.7326e-03,
         3.8400e-03, -3.2793e-02, -4.9435e-02,  1.6918e-02, -3.5977e-02,
        -1.9699e-02,  1.6266e-02, -5.1273e-02, -2.0670e-02,  1.5232e-02,
         2.9360e-02, -3.4134e-02,  5.4561e-02,  3.6000e-02, -2.5734e-02,
         1.2273e-02, -1.7892e-02, -4.1476e-02,  4.6482e-02, -1.9126e-02,
        -1.8329e-02, -1.5360e-03, -1.4509e-02,  1.2709e-02, -2.4308e-02,
        -2.0219e-02, -3.0922e-02, -5.5141e-02, -2.8785e-02, -5.5758e-02,
         9.1993e-03, -5.2596e-02, -5.2430e-03, -5.4247e-02, -5.0966e-02,
         3.4174e-02,  3.4802e-02,  1.1397e-02,  2.0194e-02,  2.5545e-02,
         1.3874e-02, -5.3419e-02, -2.4168e-03, -2.2852e-02, -3.6946e-02,
        -4.1289e-02,  3.7032e-02,  1.8051e-02,  4.6114e-02,  3.7545e-02,
         6.4814e-03, -2.0236e-02, -3.4342e-02,  6.7715e-03, -2.9910e-02,
         3.3673e-02, -2.8573e-02,  2.6305e-02, -4.2409e-02,  4.9705e-02,
        -5.2773e-02,  1.3781e-02,  3.0093e-03, -4.7330e-02,  4.1500e-02,
         7.3368e-03, -4.1211e-02,  2.7917e-02, -4.2751e-02,  4.9097e-02,
         3.6311e-02,  2.3200e-02, -4.2369e-02, -1.3351e-02,  1.7975e-02,
        -4.1869e-02, -1.4304e-02, -3.4703e-02,  1.9460e-02,  4.0271e-02,
        -1.6775e-03, -4.5226e-02, -5.4509e-02,  2.2739e-02, -2.9902e-02,
        -4.9312e-03,  5.3317e-02,  1.3641e-02,  2.9034e-02,  2.1051e-02,
        -4.5908e-02, -5.8514e-03, -1.5628e-03,  3.6527e-02, -5.1531e-02,
         4.9725e-03, -5.3104e-02, -1.8023e-02, -1.3676e-02,  1.6316e-02,
        -3.9731e-02,  6.4888e-04, -1.5557e-02, -4.0967e-02,  2.8870e-02,
        -3.4603e-02, -5.1809e-03, -4.1767e-02,  4.3688e-02, -2.7844e-02,
        -5.1838e-02, -2.4648e-02,  1.5313e-02,  5.5396e-03,  3.1620e-02,
         5.4279e-02,  5.4857e-02,  5.0270e-02, -2.9836e-02, -3.1347e-02,
         5.3613e-02,  1.5609e-02, -4.3171e-02, -3.5676e-02,  1.9911e-02,
        -4.3092e-03,  4.5189e-04,  3.2660e-02,  2.0024e-02,  3.6800e-03,
        -1.5901e-02,  4.2720e-02,  2.8434e-02, -2.0638e-02,  3.6010e-02,
        -2.4688e-02, -4.5908e-02, -5.0313e-02,  2.9321e-02, -9.8664e-03,
        -3.3832e-02, -4.5984e-02,  3.8385e-02,  3.9302e-02,  5.4721e-02,
        -4.7878e-02, -1.5061e-02, -5.2961e-02,  5.8339e-03,  4.1748e-02,
        -4.0488e-02,  5.4933e-02,  3.4930e-03, -4.4122e-02, -8.3077e-03,
        -1.0397e-02, -3.8655e-02, -1.8275e-02,  2.4001e-03,  1.4924e-02,
        -1.4428e-02, -1.4962e-04,  4.3477e-02, -4.9203e-02, -4.2079e-02,
         2.0257e-02, -2.0113e-02,  1.4206e-02, -4.8473e-02, -4.3410e-02,
         1.6661e-02,  3.4660e-02, -3.6665e-02,  3.2517e-03,  4.6997e-02,
        -5.5437e-02, -2.1865e-02, -5.2640e-02, -3.9795e-02,  2.2405e-02,
         5.0562e-02,  1.6493e-02,  1.9814e-02, -1.0785e-02,  8.3050e-03,
         2.1101e-02, -4.8133e-02,  2.4576e-02, -2.9619e-02,  1.4756e-02,
        -2.1783e-02, -2.5241e-02,  4.6627e-02, -2.0898e-02,  1.6665e-02,
        -3.0772e-02,  1.5024e-02,  4.3136e-02, -8.0110e-03, -5.5900e-02,
         5.5058e-02,  2.7184e-02,  5.0941e-02, -1.0275e-02, -5.1167e-02,
        -4.5827e-02, -5.2026e-02, -2.7726e-03, -3.8436e-02, -1.3364e-02,
         3.9752e-02,  3.6247e-05, -3.4227e-03, -5.3740e-02,  2.7380e-02,
        -3.7573e-02, -4.0445e-02,  4.3191e-02, -4.5225e-02,  9.5753e-03,
         1.5632e-02, -1.3085e-02, -1.0308e-02,  3.3090e-02,  1.0836e-02,
        -7.6055e-03,  4.6752e-02, -1.7875e-02, -5.1847e-02, -9.8606e-03,
         5.1769e-03,  4.4996e-02,  3.8505e-02,  5.5564e-02, -2.5756e-03,
        -3.5649e-02, -2.1838e-02,  3.7558e-02, -5.3639e-03,  4.3736e-02,
        -2.3078e-02,  2.6216e-02, -4.1637e-02,  1.4938e-02,  1.9536e-02,
        -3.6828e-02, -7.2233e-03,  2.2058e-02, -1.4243e-02,  2.7090e-02,
        -2.3422e-02, -4.3337e-02,  4.9300e-02, -4.5514e-02, -1.3335e-02,
        -4.6874e-02,  2.7664e-02, -1.5348e-02, -3.4142e-02, -4.9178e-02,
         2.5862e-02, -1.1280e-02,  2.2592e-03, -3.2671e-02,  4.2479e-02,
         2.5943e-02,  7.3018e-03,  3.9445e-02,  5.5221e-02, -2.9659e-03,
        -2.6578e-03, -5.5163e-02, -3.4455e-03, -2.7493e-03,  3.4257e-02,
        -3.6877e-02, -3.0952e-03,  4.1041e-02, -2.4238e-02,  5.9386e-03,
        -8.2863e-03,  2.6518e-02,  5.3979e-02, -3.7357e-02, -5.4169e-02,
         2.7500e-02,  5.1148e-02, -1.1974e-02,  4.2650e-02, -1.1266e-02,
        -2.2580e-02, -1.4971e-02,  1.6987e-02, -9.5310e-03, -1.1358e-02,
         2.7454e-02, -1.6554e-02, -1.0602e-02, -3.2275e-02,  2.3491e-02,
        -3.5299e-02, -4.0159e-03,  2.5928e-02,  2.8062e-02,  1.4961e-02,
         5.4533e-02,  3.5552e-02,  1.8009e-02,  2.7892e-02,  2.6162e-02,
        -4.7620e-02, -3.1103e-02, -5.1624e-02,  9.2374e-03,  1.3431e-02,
        -3.7863e-02, -2.9382e-02, -3.9603e-02,  1.3528e-02,  2.2457e-02,
        -5.2049e-02, -1.9203e-02, -2.4375e-02, -3.3794e-02,  3.9549e-02,
         2.7126e-02,  2.6950e-02,  7.9958e-03,  2.3677e-02, -1.5932e-02,
         6.7616e-04,  4.1536e-02, -1.1892e-02,  1.1115e-02, -4.1166e-02,
         5.2041e-02,  2.8500e-02, -3.1633e-02, -1.0993e-02,  4.5178e-02,
         4.9907e-02,  3.4914e-02,  6.0987e-03,  2.4309e-03,  4.9243e-02,
        -5.2210e-02,  1.4468e-02,  4.5815e-02, -3.6964e-02,  1.6238e-02],
       device='cuda:0', requires_grad=True)), ('dec0.bias_hh', Parameter containing:
tensor([-0.0420,  0.0365, -0.0338,  0.0177, -0.0289, -0.0209,  0.0013, -0.0221,
         0.0279, -0.0218,  0.0121,  0.0219,  0.0119,  0.0223, -0.0389,  0.0386,
        -0.0304,  0.0131,  0.0021,  0.0104, -0.0046,  0.0056,  0.0126, -0.0491,
        -0.0418, -0.0397,  0.0086,  0.0364, -0.0282,  0.0049,  0.0294,  0.0165,
        -0.0111,  0.0449,  0.0248,  0.0152, -0.0523, -0.0314,  0.0195, -0.0141,
         0.0268, -0.0287,  0.0296,  0.0339, -0.0357,  0.0084,  0.0216, -0.0009,
         0.0190,  0.0211, -0.0522, -0.0315,  0.0508,  0.0199,  0.0200, -0.0260,
        -0.0317, -0.0113, -0.0046,  0.0367, -0.0229, -0.0506,  0.0372,  0.0174,
        -0.0137, -0.0325, -0.0185, -0.0056,  0.0251,  0.0258, -0.0544,  0.0151,
        -0.0528, -0.0437, -0.0376, -0.0178, -0.0453,  0.0501,  0.0158,  0.0364,
         0.0535,  0.0413, -0.0317,  0.0355,  0.0547,  0.0442, -0.0114,  0.0520,
         0.0073, -0.0392,  0.0455, -0.0448, -0.0059, -0.0443, -0.0034, -0.0372,
         0.0037, -0.0222,  0.0409,  0.0282,  0.0050, -0.0383, -0.0234, -0.0210,
         0.0388,  0.0483,  0.0361,  0.0425,  0.0317,  0.0427,  0.0362,  0.0427,
        -0.0273, -0.0485, -0.0383, -0.0074,  0.0545, -0.0534,  0.0367,  0.0388,
        -0.0147, -0.0424,  0.0376,  0.0232, -0.0430, -0.0501,  0.0559,  0.0158,
         0.0161,  0.0543,  0.0271, -0.0427, -0.0542, -0.0063,  0.0004,  0.0364,
        -0.0478,  0.0099,  0.0131, -0.0387, -0.0535,  0.0544,  0.0261,  0.0117,
        -0.0522,  0.0545, -0.0433,  0.0209,  0.0111,  0.0117, -0.0428,  0.0476,
         0.0022,  0.0379, -0.0074, -0.0075, -0.0129,  0.0183, -0.0445, -0.0143,
         0.0048,  0.0249,  0.0351, -0.0123,  0.0184, -0.0372,  0.0347, -0.0087,
        -0.0408,  0.0175,  0.0450,  0.0004,  0.0504, -0.0488,  0.0338, -0.0255,
        -0.0453, -0.0123, -0.0326,  0.0489,  0.0329,  0.0060, -0.0524,  0.0309,
         0.0048, -0.0116,  0.0004,  0.0289, -0.0480, -0.0228, -0.0416, -0.0381,
        -0.0210, -0.0435, -0.0399,  0.0028,  0.0030,  0.0003, -0.0039, -0.0498,
        -0.0257,  0.0119,  0.0369, -0.0165, -0.0225, -0.0170, -0.0469, -0.0067,
        -0.0277,  0.0056, -0.0231,  0.0434,  0.0257, -0.0457, -0.0077,  0.0377,
         0.0111,  0.0355,  0.0353,  0.0272,  0.0368,  0.0032,  0.0227,  0.0421,
        -0.0116, -0.0426, -0.0460, -0.0126,  0.0364, -0.0082,  0.0525,  0.0467,
         0.0207, -0.0358, -0.0042,  0.0104,  0.0280, -0.0323,  0.0549, -0.0005,
        -0.0135, -0.0424, -0.0470,  0.0346,  0.0514, -0.0362, -0.0352, -0.0073,
         0.0131, -0.0070,  0.0292,  0.0393, -0.0447, -0.0385,  0.0354,  0.0334,
         0.0556,  0.0154,  0.0543,  0.0100, -0.0267,  0.0150,  0.0502, -0.0279,
         0.0514,  0.0438,  0.0372,  0.0095,  0.0182,  0.0018,  0.0289, -0.0351,
         0.0331,  0.0188, -0.0055, -0.0529,  0.0397,  0.0187,  0.0181,  0.0077,
        -0.0081,  0.0095, -0.0060, -0.0081,  0.0483,  0.0449,  0.0537, -0.0230,
        -0.0517, -0.0429, -0.0089,  0.0011, -0.0039, -0.0530, -0.0135,  0.0260,
        -0.0178, -0.0515,  0.0030,  0.0480, -0.0304, -0.0041, -0.0449,  0.0048,
        -0.0078, -0.0245, -0.0289, -0.0365, -0.0255, -0.0223,  0.0380, -0.0395,
        -0.0138, -0.0340,  0.0275,  0.0107,  0.0067, -0.0212,  0.0357,  0.0130,
        -0.0274, -0.0368,  0.0500,  0.0143, -0.0200,  0.0033,  0.0400,  0.0002,
        -0.0084,  0.0335,  0.0514, -0.0071,  0.0449,  0.0367,  0.0539, -0.0065,
        -0.0183, -0.0105, -0.0290,  0.0508, -0.0400, -0.0371,  0.0456, -0.0261,
        -0.0335, -0.0017, -0.0304, -0.0287,  0.0484,  0.0505, -0.0042,  0.0040,
        -0.0059,  0.0394,  0.0021, -0.0263,  0.0445, -0.0007, -0.0472, -0.0246,
        -0.0015, -0.0456,  0.0105,  0.0480, -0.0077,  0.0436,  0.0328, -0.0299,
         0.0097,  0.0365, -0.0125,  0.0424, -0.0475, -0.0316, -0.0413,  0.0472,
         0.0079,  0.0305, -0.0013,  0.0083,  0.0028,  0.0513, -0.0537, -0.0020,
        -0.0015, -0.0275,  0.0289,  0.0049,  0.0531,  0.0056,  0.0154,  0.0429,
         0.0049,  0.0200,  0.0460, -0.0127, -0.0491,  0.0069, -0.0548, -0.0076,
        -0.0375, -0.0318, -0.0161,  0.0385, -0.0368, -0.0392, -0.0280, -0.0137,
         0.0070,  0.0420, -0.0440,  0.0240,  0.0431, -0.0346,  0.0068, -0.0167,
         0.0159,  0.0017,  0.0102, -0.0431, -0.0240,  0.0503,  0.0320, -0.0319,
        -0.0557,  0.0526,  0.0177,  0.0019,  0.0344, -0.0103,  0.0095,  0.0193,
        -0.0242,  0.0463, -0.0475, -0.0055, -0.0127, -0.0281, -0.0139, -0.0178,
        -0.0477,  0.0248,  0.0263, -0.0047, -0.0252, -0.0007,  0.0146, -0.0468,
         0.0532, -0.0141, -0.0557, -0.0370,  0.0336, -0.0498,  0.0076, -0.0427,
         0.0403, -0.0547, -0.0217, -0.0478,  0.0257, -0.0479,  0.0398,  0.0204,
        -0.0178,  0.0479, -0.0143,  0.0353,  0.0038,  0.0342,  0.0255, -0.0384,
         0.0132,  0.0555,  0.0367, -0.0310, -0.0383, -0.0466,  0.0235, -0.0537,
        -0.0136, -0.0117, -0.0139,  0.0145,  0.0227,  0.0469,  0.0055,  0.0484,
        -0.0501, -0.0353,  0.0501,  0.0003,  0.0195,  0.0188, -0.0127,  0.0125,
        -0.0269, -0.0525,  0.0143,  0.0215,  0.0464, -0.0298,  0.0029,  0.0229,
         0.0369, -0.0147, -0.0161,  0.0493, -0.0436,  0.0405,  0.0308, -0.0438,
        -0.0041, -0.0145, -0.0234, -0.0189,  0.0465,  0.0492,  0.0297,  0.0474,
        -0.0141, -0.0541, -0.0119,  0.0069,  0.0452, -0.0544,  0.0040,  0.0203,
        -0.0261, -0.0331, -0.0214,  0.0176, -0.0317,  0.0388, -0.0506,  0.0142,
        -0.0351, -0.0133,  0.0498,  0.0276,  0.0236,  0.0054, -0.0528, -0.0022,
         0.0295, -0.0100,  0.0274, -0.0119,  0.0333,  0.0325, -0.0534,  0.0508,
        -0.0212,  0.0046,  0.0444, -0.0311, -0.0108, -0.0369,  0.0179, -0.0256,
         0.0381,  0.0094,  0.0437, -0.0220,  0.0135,  0.0031, -0.0271,  0.0434,
         0.0090,  0.0010, -0.0415,  0.0415,  0.0480,  0.0178, -0.0211, -0.0255,
        -0.0337,  0.0204, -0.0279, -0.0377, -0.0171,  0.0025,  0.0232,  0.0531,
         0.0424,  0.0490,  0.0514,  0.0133,  0.0193,  0.0104, -0.0213, -0.0302,
        -0.0230,  0.0057, -0.0260, -0.0509, -0.0339,  0.0209,  0.0466, -0.0216,
         0.0483,  0.0347, -0.0385,  0.0415,  0.0296,  0.0189, -0.0120,  0.0222,
         0.0413, -0.0373, -0.0353, -0.0049,  0.0161, -0.0413, -0.0217,  0.0422,
         0.0087, -0.0450, -0.0107,  0.0257, -0.0060,  0.0092, -0.0058,  0.0538,
        -0.0317,  0.0300,  0.0383,  0.0008, -0.0085, -0.0453, -0.0209, -0.0328,
        -0.0374,  0.0406,  0.0197, -0.0383, -0.0228, -0.0101,  0.0381,  0.0252,
         0.0020,  0.0466,  0.0322,  0.0213, -0.0394, -0.0295, -0.0488,  0.0118,
         0.0135,  0.0506, -0.0082, -0.0479,  0.0115, -0.0456, -0.0371,  0.0294,
        -0.0347, -0.0136,  0.0176,  0.0534, -0.0529, -0.0450,  0.0301,  0.0437,
        -0.0399,  0.0312, -0.0162, -0.0530, -0.0394,  0.0090,  0.0235, -0.0449,
        -0.0338, -0.0532,  0.0410, -0.0233,  0.0117, -0.0438,  0.0515,  0.0014,
        -0.0118,  0.0546, -0.0351,  0.0200, -0.0449, -0.0433,  0.0224,  0.0207,
        -0.0169,  0.0417,  0.0427, -0.0008,  0.0508, -0.0273,  0.0328, -0.0141,
         0.0161,  0.0060, -0.0183, -0.0507,  0.0158, -0.0221,  0.0388,  0.0399,
        -0.0287, -0.0305, -0.0034,  0.0510, -0.0497,  0.0307,  0.0352,  0.0446,
        -0.0390, -0.0195,  0.0108, -0.0162, -0.0513,  0.0518, -0.0202,  0.0307,
         0.0098,  0.0063, -0.0101, -0.0051, -0.0258,  0.0526,  0.0020, -0.0209,
        -0.0211,  0.0223,  0.0104,  0.0522,  0.0487,  0.0077, -0.0305, -0.0426,
        -0.0224, -0.0452,  0.0391,  0.0397, -0.0390, -0.0039,  0.0484, -0.0408,
        -0.0340, -0.0167,  0.0169, -0.0280,  0.0076,  0.0029,  0.0514, -0.0033,
         0.0225,  0.0078,  0.0016,  0.0169,  0.0213,  0.0199, -0.0397,  0.0099,
        -0.0258, -0.0344, -0.0259, -0.0421, -0.0256,  0.0337,  0.0307,  0.0518,
         0.0208,  0.0453, -0.0449,  0.0181, -0.0436,  0.0535,  0.0530,  0.0194,
        -0.0364,  0.0427, -0.0539,  0.0282, -0.0025,  0.0447, -0.0041,  0.0176,
        -0.0007, -0.0491, -0.0088,  0.0427,  0.0106, -0.0011,  0.0279,  0.0237,
        -0.0047,  0.0434, -0.0211, -0.0454, -0.0376, -0.0146, -0.0102,  0.0248,
         0.0178,  0.0330, -0.0279,  0.0230, -0.0042,  0.0539, -0.0078, -0.0212,
        -0.0228, -0.0086, -0.0169,  0.0034, -0.0451,  0.0057, -0.0213,  0.0073,
        -0.0037, -0.0029, -0.0456,  0.0367, -0.0195, -0.0183, -0.0312,  0.0057,
        -0.0010,  0.0487, -0.0141,  0.0170,  0.0141, -0.0297,  0.0251, -0.0419,
         0.0056,  0.0050,  0.0025, -0.0221,  0.0111, -0.0194, -0.0477,  0.0334,
        -0.0067, -0.0477, -0.0080,  0.0555,  0.0032, -0.0343, -0.0408,  0.0122,
         0.0401,  0.0468, -0.0483, -0.0151, -0.0134, -0.0435,  0.0013,  0.0250,
         0.0308, -0.0436,  0.0145, -0.0540,  0.0030, -0.0372,  0.0357,  0.0148,
         0.0379,  0.0425, -0.0345, -0.0409, -0.0327, -0.0330,  0.0066, -0.0462,
        -0.0227, -0.0191,  0.0441,  0.0302, -0.0302,  0.0556,  0.0184, -0.0071,
        -0.0244, -0.0372,  0.0168,  0.0213,  0.0343, -0.0412,  0.0382,  0.0436,
         0.0120,  0.0483,  0.0485, -0.0047,  0.0498,  0.0428, -0.0091,  0.0552,
         0.0186,  0.0523,  0.0022,  0.0498, -0.0467, -0.0513,  0.0085, -0.0009,
         0.0241,  0.0502, -0.0233, -0.0224,  0.0064,  0.0049, -0.0268, -0.0395,
         0.0366, -0.0280, -0.0522,  0.0369, -0.0207, -0.0406, -0.0401, -0.0158,
         0.0235,  0.0167, -0.0167, -0.0504,  0.0001,  0.0070, -0.0213, -0.0112,
         0.0059,  0.0272,  0.0338, -0.0426,  0.0042,  0.0370,  0.0214,  0.0101,
        -0.0061,  0.0426, -0.0475, -0.0046, -0.0286, -0.0283, -0.0309,  0.0439,
         0.0249, -0.0269, -0.0237,  0.0272,  0.0516,  0.0486, -0.0054,  0.0033,
         0.0557, -0.0040,  0.0119,  0.0449, -0.0097,  0.0009, -0.0211,  0.0230],
       device='cuda:0', requires_grad=True)), ('hid2out.weight', Parameter containing:
tensor([[-7.5248e-02, -1.1757e-01,  2.0896e-05,  ...,  6.8468e-02,
         -7.5235e-02,  1.0492e-01],
        [ 2.1792e-02, -4.9610e-02, -2.5114e-03,  ..., -1.1555e-01,
          5.1785e-02,  5.5744e-02],
        [ 5.9067e-02, -7.6128e-02,  1.9598e-01,  ..., -1.2297e-03,
         -8.2770e-02, -4.8452e-03],
        ...,
        [ 1.2941e-02, -1.6288e-01, -7.5199e-03,  ..., -1.3760e-02,
          3.3878e-02,  5.8180e-02],
        [ 1.1978e-02,  2.9285e-02,  1.3156e-01,  ...,  8.9703e-02,
          4.7315e-02,  5.2788e-02],
        [-3.2924e-02,  4.9901e-02,  8.6047e-02,  ...,  3.7096e-02,
          7.1994e-02,  3.1776e-02]], device='cuda:0', requires_grad=True)), ('hid2out.bias', Parameter containing:
tensor([0., 0., 0., 0., 0., 0., 0., 0., 0., 0., 0., 0., 0., 0., 0., 0., 0., 0., 0., 0., 0., 0., 0., 0.,
        0., 0., 0., 0., 0., 0., 0., 0., 0., 0., 0., 0., 0., 0., 0., 0., 0., 0., 0., 0., 0., 0., 0., 0.,
        0., 0., 0., 0., 0., 0., 0., 0., 0., 0., 0., 0., 0., 0., 0., 0., 0., 0., 0., 0., 0., 0., 0., 0.,
        0., 0., 0., 0., 0., 0., 0., 0., 0., 0., 0., 0., 0., 0., 0., 0., 0., 0., 0., 0., 0., 0., 0., 0.,
        0., 0., 0., 0., 0., 0., 0., 0., 0., 0., 0., 0., 0., 0., 0., 0., 0., 0., 0., 0., 0., 0., 0., 0.,
        0., 0., 0., 0., 0., 0., 0., 0., 0., 0., 0., 0., 0., 0., 0., 0., 0., 0., 0., 0., 0., 0., 0., 0.,
        0., 0., 0., 0., 0., 0., 0., 0., 0., 0., 0., 0., 0., 0., 0., 0., 0., 0., 0., 0., 0., 0., 0., 0.,
        0., 0., 0., 0., 0., 0., 0., 0., 0., 0., 0., 0., 0., 0., 0., 0., 0., 0., 0., 0., 0., 0., 0., 0.,
        0., 0., 0., 0., 0., 0., 0., 0., 0., 0., 0., 0., 0., 0., 0., 0., 0., 0., 0., 0., 0., 0., 0., 0.,
        0., 0., 0., 0., 0., 0., 0., 0., 0., 0., 0., 0., 0., 0., 0., 0., 0., 0., 0., 0., 0., 0., 0., 0.,
        0., 0., 0., 0., 0., 0., 0., 0., 0., 0., 0., 0., 0., 0., 0., 0., 0., 0., 0., 0., 0., 0., 0., 0.,
        0., 0., 0., 0., 0., 0., 0., 0., 0., 0., 0., 0., 0., 0., 0., 0., 0., 0., 0., 0., 0., 0., 0., 0.,
        0., 0., 0., 0., 0., 0., 0., 0., 0., 0., 0., 0., 0., 0., 0., 0., 0., 0., 0., 0., 0., 0., 0., 0.,
        0., 0., 0., 0., 0., 0., 0., 0., 0., 0., 0., 0., 0., 0., 0., 0., 0., 0., 0., 0., 0., 0., 0., 0.,
        0., 0., 0., 0., 0., 0., 0., 0., 0., 0., 0., 0., 0., 0., 0., 0., 0., 0., 0., 0., 0., 0., 0., 0.,
        0., 0., 0., 0., 0., 0., 0., 0., 0., 0., 0., 0., 0., 0., 0., 0., 0., 0., 0., 0., 0., 0., 0., 0.,
        0., 0., 0., 0., 0., 0., 0., 0., 0., 0., 0., 0., 0., 0., 0., 0., 0., 0., 0., 0., 0., 0., 0., 0.,
        0., 0., 0., 0., 0., 0., 0., 0., 0., 0., 0., 0., 0., 0., 0., 0., 0., 0., 0., 0., 0., 0., 0., 0.,
        0., 0., 0., 0., 0., 0., 0., 0., 0., 0., 0., 0., 0., 0., 0., 0., 0., 0., 0., 0., 0., 0., 0., 0.,
        0., 0., 0., 0., 0., 0., 0., 0., 0., 0., 0., 0., 0., 0., 0., 0., 0., 0., 0., 0., 0., 0., 0., 0.,
        0., 0., 0., 0., 0., 0., 0., 0., 0., 0., 0., 0., 0., 0., 0., 0., 0., 0., 0., 0., 0., 0., 0., 0.,
        0., 0., 0., 0., 0., 0., 0., 0., 0., 0., 0., 0., 0., 0., 0., 0., 0., 0., 0., 0., 0., 0., 0., 0.,
        0., 0., 0., 0., 0., 0., 0., 0., 0., 0., 0., 0., 0., 0., 0., 0., 0., 0., 0., 0., 0., 0., 0., 0.,
        0., 0., 0., 0., 0., 0., 0., 0., 0., 0., 0., 0., 0., 0., 0., 0., 0., 0., 0., 0., 0., 0., 0., 0.,
        0., 0., 0., 0., 0., 0., 0., 0., 0., 0., 0., 0., 0., 0., 0., 0., 0., 0., 0., 0., 0., 0., 0., 0.,
        0., 0., 0., 0., 0., 0., 0., 0., 0., 0., 0., 0., 0., 0., 0., 0., 0., 0., 0., 0., 0., 0., 0., 0.,
        0., 0., 0., 0., 0., 0., 0., 0., 0., 0., 0., 0., 0., 0., 0., 0., 0., 0., 0., 0., 0., 0., 0., 0.,
        0., 0., 0., 0., 0., 0., 0., 0., 0., 0., 0., 0., 0., 0., 0., 0., 0., 0., 0., 0., 0., 0., 0., 0.,
        0., 0., 0., 0., 0., 0., 0., 0., 0., 0., 0., 0., 0., 0., 0., 0., 0., 0., 0., 0., 0., 0., 0., 0.,
        0., 0., 0., 0., 0., 0., 0., 0., 0., 0., 0., 0., 0., 0., 0., 0., 0., 0., 0., 0., 0., 0., 0., 0.,
        0., 0., 0., 0., 0., 0., 0., 0., 0., 0., 0., 0., 0., 0., 0., 0., 0., 0., 0., 0., 0., 0., 0., 0.,
        0., 0., 0., 0., 0., 0., 0., 0., 0., 0., 0., 0., 0., 0., 0., 0., 0., 0., 0., 0., 0., 0., 0., 0.,
        0., 0., 0., 0., 0., 0., 0., 0., 0., 0., 0., 0., 0., 0., 0., 0., 0., 0., 0., 0., 0., 0., 0., 0.,
        0., 0., 0., 0., 0., 0., 0., 0., 0., 0., 0., 0., 0., 0., 0., 0., 0., 0., 0., 0., 0., 0., 0., 0.,
        0., 0., 0., 0., 0., 0., 0., 0., 0., 0., 0., 0., 0., 0., 0., 0., 0., 0., 0., 0., 0., 0., 0., 0.,
        0.], device='cuda:0', requires_grad=True)), ('out2prob.bias', Parameter containing:
tensor([0., 0.], device='cuda:0', requires_grad=True)), ('lin_class.weight', Parameter containing:
tensor([[0.4529]], device='cuda:0', requires_grad=True))]
Mon Jun  8 23:09:40 2020       
+-----------------------------------------------------------------------------+
| NVIDIA-SMI 440.64.00    Driver Version: 440.64.00    CUDA Version: 10.2     |
|-------------------------------+----------------------+----------------------+
| GPU  Name        Persistence-M| Bus-Id        Disp.A | Volatile Uncorr. ECC |
| Fan  Temp  Perf  Pwr:Usage/Cap|         Memory-Usage | GPU-Util  Compute M. |
|===============================+======================+======================|
|   0  TITAN X (Pascal)    On   | 00000000:01:00.0 Off |                  N/A |
| 37%   63C    P0    66W / 250W |      1MiB / 12194MiB |      3%      Default |
+-------------------------------+----------------------+----------------------+
|   1  TITAN X (Pascal)    On   | 00000000:02:00.0 Off |                  N/A |
| 23%   39C    P8     8W / 250W |      1MiB / 12196MiB |      0%      Default |
+-------------------------------+----------------------+----------------------+
                                                                               
+-----------------------------------------------------------------------------+
| Processes:                                                       GPU Memory |
|  GPU       PID   Type   Process name                             Usage      |
|=============================================================================|
|  No running processes found                                                 |
+-----------------------------------------------------------------------------+
 23:09:41 up 7 days,  3:03,  9 users,  load average: 1.00, 1.01, 1.00
