Traceback (most recent call last):
  File "/vol/bitbucket/al4616/miniconda3/envs/simnmt-ozan/bin/nmtpy", line 7, in <module>
    exec(compile(f.read(), __file__, 'exec'))
  File "/vol/bitbucket/al4616/simmt/bin/nmtpy", line 85, in <module>
    opts = Options(args.config, args.overrides)
  File "/vol/bitbucket/al4616/simmt/nmtpytorch/config.py", line 127, in __init__
    with open(self.filename) as fhandle:
FileNotFoundError: [Errno 2] No such file or directory: '../simultaneousMMT/custom_configs/en-fr-cgru-simrl-unidir.conf'
Mon Jun  1 03:48:35 2020       
+-----------------------------------------------------------------------------+
| NVIDIA-SMI 435.21       Driver Version: 435.21       CUDA Version: 10.1     |
|-------------------------------+----------------------+----------------------+
| GPU  Name        Persistence-M| Bus-Id        Disp.A | Volatile Uncorr. ECC |
| Fan  Temp  Perf  Pwr:Usage/Cap|         Memory-Usage | GPU-Util  Compute M. |
|===============================+======================+======================|
|   0  Tesla T4            On   | 00000000:00:09.0 Off |                    0 |
| N/A   36C    P8     9W /  70W |      0MiB / 15109MiB |      0%      Default |
+-------------------------------+----------------------+----------------------+
                                                                               
+-----------------------------------------------------------------------------+
| Processes:                                                       GPU Memory |
|  GPU       PID   Type   Process name                             Usage      |
|=============================================================================|
|  No running processes found                                                 |
+-----------------------------------------------------------------------------+
 03:48:35 up 44 days, 15:52,  1 user,  load average: 8.46, 9.44, 10.27
