Traceback (most recent call last):
  File "/vol/bitbucket/al4616/miniconda3/envs/simnmt/bin/nmtpy", line 7, in <module>
    exec(compile(f.read(), __file__, 'exec'))
  File "/vol/bitbucket/al4616/simmt/bin/nmtpy", line 109, in <module>
    from nmtpytorch import models
  File "/vol/bitbucket/al4616/simmt/nmtpytorch/models/__init__.py", line 1, in <module>
    from .simmmtrl import SIMRL
  File "/vol/bitbucket/al4616/simmt/nmtpytorch/models/simmmtrl.py", line 21, in <module>
    from nltk.translate.bleu_score import sentence_bleu
ModuleNotFoundError: No module named 'nltk'
Mon Jun  1 02:11:13 2020       
+-----------------------------------------------------------------------------+
| NVIDIA-SMI 435.21       Driver Version: 435.21       CUDA Version: 10.1     |
|-------------------------------+----------------------+----------------------+
| GPU  Name        Persistence-M| Bus-Id        Disp.A | Volatile Uncorr. ECC |
| Fan  Temp  Perf  Pwr:Usage/Cap|         Memory-Usage | GPU-Util  Compute M. |
|===============================+======================+======================|
|   0  Tesla T4            On   | 00000000:00:09.0 Off |                    0 |
| N/A   36C    P8     9W /  70W |      0MiB / 15109MiB |      0%      Default |
+-------------------------------+----------------------+----------------------+
                                                                               
+-----------------------------------------------------------------------------+
| Processes:                                                       GPU Memory |
|  GPU       PID   Type   Process name                             Usage      |
|=============================================================================|
|  No running processes found                                                 |
+-----------------------------------------------------------------------------+
 02:11:13 up 44 days, 14:14,  1 user,  load average: 8.74, 9.19, 9.77
