-------
[train]
-------
         num_workers:0
          pin_memory:False
                seed:1590979782
               gclip:1
              l2_reg:1e-05
            patience:30
           optimizer:adam
                  lr:0.0004
            lr_decay:plateau
     lr_decay_revert:False
     lr_decay_factor:0.5
   lr_decay_patience:2
        lr_decay_min:1e-06
          model_type:SIMRL
            momentum:0.0
            nesterov:False
           disp_freq:30
          batch_size:6
          max_epochs:100
      max_iterations:1000000
        eval_metrics:bleu,loss
        eval_filters:
             de-hyphen
     eval_batch_size:32
           eval_freq:0
        eval_max_len:100
          eval_start:1
           eval_zero:False
   save_best_metrics:True
           save_path:/homes/al4616/experiments/simnmt/nmtpy/w2w_models/en-fr
    save_optim_state:False
     checkpoint_freq:5000
       n_checkpoints:0
     tensorboard_dir:/homes/al4616/experiments/simnmt/nmtpy/w2w_models/en-fr/tb_dir
     pretrained_file:
   pretrained_layers:
       freeze_layers:
          handle_oom:False
           subfolder:en-fr-cgru-simrl-unidir
              exp_id:simrl-r6e0f3
------
[vars]
------
                  sl:en
                  tl:fr
-------
[model]
-------
            att_type:mlp
      att_bottleneck:hid
             enc_dim:320
   enc_bidirectional:False
             dec_dim:320
             emb_dim:200
         dropout_emb:0.4
         dropout_ctx:0.5
         dropout_out:0.5
          n_encoders:2
            tied_emb:2way
             max_len:None
      sched_sampling:0
            dec_init:zero
            bos_type:emb
           out_logic:deep
           direction:src:Text -> trg:Text
        sampler_type:bucket
           bucket_by:src
              splits:val,test
------
[data]
------
            txt_root:/vol/bitbucket/al4616/simmt/data/multi30k/en-fr
           train_set:
                   src:/vol/bitbucket/al4616/simmt/data/multi30k/en-fr/val.lc.norm.tok.en
                   trg:/vol/bitbucket/al4616/simmt/data/multi30k/en-fr/val.lc.norm.tok.fr
             val_set:
                   src:/vol/bitbucket/al4616/simmt/data/multi30k/en-fr/val.lc.norm.tok.en
                   trg:/vol/bitbucket/al4616/simmt/data/multi30k/en-fr/val.lc.norm.tok.fr
test_2016_flickr_set:
                   src:/vol/bitbucket/al4616/simmt/data/multi30k/en-fr/test_2016_flickr.lc.norm.tok.en
                   trg:/vol/bitbucket/al4616/simmt/data/multi30k/en-fr/test_2016_flickr.lc.norm.tok.fr
test_2017_flickr_set:
                   src:/vol/bitbucket/al4616/simmt/data/multi30k/en-fr/test_2017_flickr.lc.norm.tok.en
                   trg:/vol/bitbucket/al4616/simmt/data/multi30k/en-fr/test_2017_flickr.lc.norm.tok.fr
------------
[vocabulary]
------------
                 src:/vol/bitbucket/al4616/simmt/data/multi30k/en-fr/train.lc.norm.tok.vocab.en
                 trg:/vol/bitbucket/al4616/simmt/data/multi30k/en-fr/train.lc.norm.tok.vocab.fr
----------------------------------------------------------------------

Warning: unused model option: splits
Python 3.7.7 -- torch 1.4.0 with CUDA 10.1 (on machine 'cloud-vm-40-190.doc.ic.ac.uk')
nmtpytorch 4.1.0
DeviceManager(cuda:0, n_gpu=1)
Seed for further reproducibility: 1590979782
SLURM Job ID: 7044
Loading dataset(s)
Initializing dataset for 'src'...
0sents [00:00, ?sents/s]1014sents [00:00, 153927.77sents/s]
Initializing dataset for 'trg'...
0sents [00:00, ?sents/s]1014sents [00:00, 121608.79sents/s]
MultimodalDataset - (1 source(s) / 1 target(s))
  Sampler type: bucket, bucket_by: src
  Sources:
    --> TextDataset 'val.lc.norm.tok.en' (1014 sentences)
  Targets:
    --> TextDataset 'val.lc.norm.tok.fr' (1014 sentences)

Initializing dataset for 'src'...
0sents [00:00, ?sents/s]1014sents [00:00, 154301.94sents/s]
Initializing dataset for 'trg'...
0sents [00:00, ?sents/s]1014sents [00:00, 131758.24sents/s]
MultimodalDataset - (1 source(s) / 1 target(s))
  Sampler type: bucket, bucket_by: src
  Sources:
    --> TextDataset 'val.lc.norm.tok.en' (1014 sentences)
  Targets:
    --> TextDataset 'val.lc.norm.tok.fr' (1014 sentences)

Initializing dataset for 'src'...
0sents [00:00, ?sents/s]1014sents [00:00, 140220.38sents/s]
Skipping 'trg' as target
MultimodalDataset - (1 source(s) / 0 target(s))
  Sampler type: bucket, bucket_by: src
  Sources:
    --> TextDataset 'val.lc.norm.tok.en' (1014 sentences)

Ignoring batch_size 32 for simultaneous greedy search
Initializing dataset for 'src'...
0sents [00:00, ?sents/s]9372sents [00:00, 66947.48sents/s]21742sents [00:00, 90591.48sents/s]29000sents [00:00, 95026.31sents/s]
Skipping 'trg' as target
MultimodalDataset - (1 source(s) / 0 target(s))
  Sampler type: bucket, bucket_by: src
  Sources:
    --> TextDataset 'train.lc.norm.tok.en' (29000 sentences)

Traceback (most recent call last):
  File "/vol/bitbucket/al4616/miniconda3/envs/simnmt-ozan/bin/nmtpy", line 7, in <module>
    exec(compile(f.read(), __file__, 'exec'))
  File "/vol/bitbucket/al4616/simmt/bin/nmtpy", line 134, in <module>
    loop = MainLoop(model, opts.train, dev_mgr)
  File "/vol/bitbucket/al4616/simmt/nmtpytorch/mainloop.py", line 68, in __init__
    self.model.init_trans_model()
  File "/vol/bitbucket/al4616/simmt/nmtpytorch/models/simmmtrl.py", line 197, in init_trans_model
    data = load_pt_file('/data2/ozan/experiments/simnmt/nmtpy/word2word/en-fr/snmt-rnn-unimodal/simultaneousnmt-r2048f-val046.best.bleu_56.430.ckpt')
  File "/vol/bitbucket/al4616/simmt/nmtpytorch/utils/misc.py", line 72, in load_pt_file
    data = torch.load(fname, map_location=device)
  File "/vol/bitbucket/al4616/miniconda3/envs/simnmt-ozan/lib/python3.7/site-packages/torch/serialization.py", line 525, in load
    with _open_file_like(f, 'rb') as opened_file:
  File "/vol/bitbucket/al4616/miniconda3/envs/simnmt-ozan/lib/python3.7/site-packages/torch/serialization.py", line 212, in _open_file_like
    return _open_file(name_or_buffer, mode)
  File "/vol/bitbucket/al4616/miniconda3/envs/simnmt-ozan/lib/python3.7/site-packages/torch/serialization.py", line 193, in __init__
    super(_open_file, self).__init__(open(name, mode))
FileNotFoundError: [Errno 2] No such file or directory: '/data2/ozan/experiments/simnmt/nmtpy/word2word/en-fr/snmt-rnn-unimodal/simultaneousnmt-r2048f-val046.best.bleu_56.430.ckpt'

Mon Jun  1 03:49:49 2020       
+-----------------------------------------------------------------------------+
| NVIDIA-SMI 435.21       Driver Version: 435.21       CUDA Version: 10.1     |
|-------------------------------+----------------------+----------------------+
| GPU  Name        Persistence-M| Bus-Id        Disp.A | Volatile Uncorr. ECC |
| Fan  Temp  Perf  Pwr:Usage/Cap|         Memory-Usage | GPU-Util  Compute M. |
|===============================+======================+======================|
|   0  Tesla T4            On   | 00000000:00:09.0 Off |                    0 |
| N/A   38C    P0    28W /  70W |      0MiB / 15109MiB |     18%      Default |
+-------------------------------+----------------------+----------------------+
                                                                               
+-----------------------------------------------------------------------------+
| Processes:                                                       GPU Memory |
|  GPU       PID   Type   Process name                             Usage      |
|=============================================================================|
|  No running processes found                                                 |
+-----------------------------------------------------------------------------+
 03:49:49 up 44 days, 15:53,  1 user,  load average: 8.69, 9.27, 10.14
