-- disable_filters -> False
-- batch_size -> 16
-- max_len -> 100
-- device_id -> gpu
-- override -> []
-- stochastic -> False
-- splits -> test_2016_flickr
-- source -> None
-- output -> wait2_multimodal_decoding_results
-- func -> wk
-- delta -> 
-- n_init_tokens -> 1,2,3,5,7
-- criteria -> 
-- model -> /homes/al4616/experiments/simnnmt/nmtpy/w2w_models/en-de/wait2-rnn-multimodal/simultaneouswaitknmt-rc85df.best.bleu.ckpt
STranslator: setting batch_size=1 for 'wk' decoding
Traceback (most recent call last):
  File "/vol/bitbucket/al4616/miniconda3/envs/simnmt/bin/nmtpy", line 7, in <module>
    exec(compile(f.read(), __file__, 'exec'))
  File "/vol/bitbucket/al4616/simmt/bin/nmtpy", line 99, in <module>
    stranslator = STranslator(**args.__dict__)
  File "/vol/bitbucket/al4616/simmt/nmtpytorch/stranslator.py", line 41, in __init__
    data = load_pt_file(self.model)
  File "/vol/bitbucket/al4616/simmt/nmtpytorch/utils/misc.py", line 72, in load_pt_file
    data = torch.load(fname, map_location=device)
  File "/vol/bitbucket/al4616/miniconda3/envs/simnmt/lib/python3.7/site-packages/torch/serialization.py", line 525, in load
    with _open_file_like(f, 'rb') as opened_file:
  File "/vol/bitbucket/al4616/miniconda3/envs/simnmt/lib/python3.7/site-packages/torch/serialization.py", line 212, in _open_file_like
    return _open_file(name_or_buffer, mode)
  File "/vol/bitbucket/al4616/miniconda3/envs/simnmt/lib/python3.7/site-packages/torch/serialization.py", line 193, in __init__
    super(_open_file, self).__init__(open(name, mode))
FileNotFoundError: [Errno 2] No such file or directory: '/homes/al4616/experiments/simnnmt/nmtpy/w2w_models/en-de/wait2-rnn-multimodal/simultaneouswaitknmt-rc85df.best.bleu.ckpt'

Sun May  3 16:49:39 2020       
+-----------------------------------------------------------------------------+
| NVIDIA-SMI 435.21       Driver Version: 435.21       CUDA Version: 10.1     |
|-------------------------------+----------------------+----------------------+
| GPU  Name        Persistence-M| Bus-Id        Disp.A | Volatile Uncorr. ECC |
| Fan  Temp  Perf  Pwr:Usage/Cap|         Memory-Usage | GPU-Util  Compute M. |
|===============================+======================+======================|
|   0  TITAN Xp            On   | 00000000:1E:00.0 Off |                  N/A |
| 23%   32C    P8     9W / 250W |      0MiB / 12196MiB |      0%      Default |
+-------------------------------+----------------------+----------------------+
                                                                               
+-----------------------------------------------------------------------------+
| Processes:                                                       GPU Memory |
|  GPU       PID   Type   Process name                             Usage      |
|=============================================================================|
|  No running processes found                                                 |
+-----------------------------------------------------------------------------+
 16:49:39 up 122 days,  2:03,  4 users,  load average: 25.95, 21.15, 17.79
