usage: nmtpy stranslate [-h] [-n] [-b BATCH_SIZE] [-m MAX_LEN] [-d DEVICE_ID]
                        [-x [OVERRIDE [OVERRIDE ...]]] [-r] -s SPLITS
                        [-S SOURCE] -o OUTPUT [-f {gs,sgs,wk}] [--delta DELTA]
                        [--n-init-tokens N_INIT_TOKENS] [--criteria CRITERIA]
                        model
nmtpy stranslate: error: argument -f/--func: invalid choice: 'vwk' (choose from 'gs', 'sgs', 'wk')
Sun May  3 17:34:08 2020       
+-----------------------------------------------------------------------------+
| NVIDIA-SMI 435.21       Driver Version: 435.21       CUDA Version: 10.1     |
|-------------------------------+----------------------+----------------------+
| GPU  Name        Persistence-M| Bus-Id        Disp.A | Volatile Uncorr. ECC |
| Fan  Temp  Perf  Pwr:Usage/Cap|         Memory-Usage | GPU-Util  Compute M. |
|===============================+======================+======================|
|   0  TITAN Xp            On   | 00000000:1E:00.0 Off |                  N/A |
| 23%   32C    P8     9W / 250W |      0MiB / 12196MiB |      0%      Default |
+-------------------------------+----------------------+----------------------+
                                                                               
+-----------------------------------------------------------------------------+
| Processes:                                                       GPU Memory |
|  GPU       PID   Type   Process name                             Usage      |
|=============================================================================|
|  No running processes found                                                 |
+-----------------------------------------------------------------------------+
 17:34:09 up 122 days,  2:48,  4 users,  load average: 14.18, 15.39, 14.73
