Traceback (most recent call last):
  File "/vol/bitbucket/al4616/miniconda3/envs/simnmt/bin/nmtpy", line 7, in <module>
    exec(compile(f.read(), __file__, 'exec'))
  File "/vol/bitbucket/al4616/simmt/bin/nmtpy", line 109, in <module>
    from nmtpytorch import models
  File "/vol/bitbucket/al4616/simmt/nmtpytorch/models/__init__.py", line 1, in <module>
    from .simmmtrl import SIMRL
  File "/vol/bitbucket/al4616/simmt/nmtpytorch/models/simmmtrl.py", line 21, in <module>
    from nltk.translate.bleu_score import sentence_bleu
ModuleNotFoundError: No module named 'nltk'
Tue Jun  2 20:32:40 2020       
+-----------------------------------------------------------------------------+
| NVIDIA-SMI 435.21       Driver Version: 435.21       CUDA Version: 10.1     |
|-------------------------------+----------------------+----------------------+
| GPU  Name        Persistence-M| Bus-Id        Disp.A | Volatile Uncorr. ECC |
| Fan  Temp  Perf  Pwr:Usage/Cap|         Memory-Usage | GPU-Util  Compute M. |
|===============================+======================+======================|
|   0  TITAN Xp            On   | 00000000:1B:00.0 Off |                  N/A |
| 24%   32C    P8     8W / 250W |      0MiB / 12196MiB |      0%      Default |
+-------------------------------+----------------------+----------------------+
                                                                               
+-----------------------------------------------------------------------------+
| Processes:                                                       GPU Memory |
|  GPU       PID   Type   Process name                             Usage      |
|=============================================================================|
|  No running processes found                                                 |
+-----------------------------------------------------------------------------+
Traceback (most recent call last):
  File "/vol/bitbucket/al4616/miniconda3/envs/simnmt/bin/nmtpy", line 7, in <module>
    exec(compile(f.read(), __file__, 'exec'))
  File "/vol/bitbucket/al4616/simmt/bin/nmtpy", line 109, in <module>
    from nmtpytorch import models
  File "/vol/bitbucket/al4616/simmt/nmtpytorch/models/__init__.py", line 1, in <module>
    from .simmmtrl import SIMRL
  File "/vol/bitbucket/al4616/simmt/nmtpytorch/models/simmmtrl.py", line 21, in <module>
    from nltk.translate.bleu_score import sentence_bleu
ModuleNotFoundError: No module named 'nltk'
Tue Jun  2 20:32:41 2020       
+-----------------------------------------------------------------------------+
| NVIDIA-SMI 435.21       Driver Version: 435.21       CUDA Version: 10.1     |
|-------------------------------+----------------------+----------------------+
| GPU  Name        Persistence-M| Bus-Id        Disp.A | Volatile Uncorr. ECC |
| Fan  Temp  Perf  Pwr:Usage/Cap|         Memory-Usage | GPU-Util  Compute M. |
|===============================+======================+======================|
|   0  TITAN Xp            On   | 00000000:1B:00.0 Off |                  N/A |
| 24%   32C    P8     8W / 250W |      0MiB / 12196MiB |      0%      Default |
+-------------------------------+----------------------+----------------------+
                                                                               
+-----------------------------------------------------------------------------+
| Processes:                                                       GPU Memory |
|  GPU       PID   Type   Process name                             Usage      |
|=============================================================================|
|  No running processes found                                                 |
+-----------------------------------------------------------------------------+
Traceback (most recent call last):
  File "/vol/bitbucket/al4616/miniconda3/envs/simnmt/bin/nmtpy", line 7, in <module>
    exec(compile(f.read(), __file__, 'exec'))
  File "/vol/bitbucket/al4616/simmt/bin/nmtpy", line 109, in <module>
    from nmtpytorch import models
  File "/vol/bitbucket/al4616/simmt/nmtpytorch/models/__init__.py", line 1, in <module>
    from .simmmtrl import SIMRL
  File "/vol/bitbucket/al4616/simmt/nmtpytorch/models/simmmtrl.py", line 21, in <module>
    from nltk.translate.bleu_score import sentence_bleu
ModuleNotFoundError: No module named 'nltk'
Tue Jun  2 20:32:42 2020       
+-----------------------------------------------------------------------------+
| NVIDIA-SMI 435.21       Driver Version: 435.21       CUDA Version: 10.1     |
|-------------------------------+----------------------+----------------------+
| GPU  Name        Persistence-M| Bus-Id        Disp.A | Volatile Uncorr. ECC |
| Fan  Temp  Perf  Pwr:Usage/Cap|         Memory-Usage | GPU-Util  Compute M. |
|===============================+======================+======================|
|   0  TITAN Xp            On   | 00000000:1B:00.0 Off |                  N/A |
| 24%   32C    P8     8W / 250W |      0MiB / 12196MiB |      0%      Default |
+-------------------------------+----------------------+----------------------+
                                                                               
+-----------------------------------------------------------------------------+
| Processes:                                                       GPU Memory |
|  GPU       PID   Type   Process name                             Usage      |
|=============================================================================|
|  No running processes found                                                 |
+-----------------------------------------------------------------------------+
Traceback (most recent call last):
  File "/vol/bitbucket/al4616/miniconda3/envs/simnmt/bin/nmtpy", line 7, in <module>
    exec(compile(f.read(), __file__, 'exec'))
  File "/vol/bitbucket/al4616/simmt/bin/nmtpy", line 109, in <module>
    from nmtpytorch import models
  File "/vol/bitbucket/al4616/simmt/nmtpytorch/models/__init__.py", line 1, in <module>
    from .simmmtrl import SIMRL
  File "/vol/bitbucket/al4616/simmt/nmtpytorch/models/simmmtrl.py", line 21, in <module>
    from nltk.translate.bleu_score import sentence_bleu
ModuleNotFoundError: No module named 'nltk'
Tue Jun  2 20:32:43 2020       
+-----------------------------------------------------------------------------+
| NVIDIA-SMI 435.21       Driver Version: 435.21       CUDA Version: 10.1     |
|-------------------------------+----------------------+----------------------+
| GPU  Name        Persistence-M| Bus-Id        Disp.A | Volatile Uncorr. ECC |
| Fan  Temp  Perf  Pwr:Usage/Cap|         Memory-Usage | GPU-Util  Compute M. |
|===============================+======================+======================|
|   0  TITAN Xp            On   | 00000000:1B:00.0 Off |                  N/A |
| 24%   32C    P8     8W / 250W |      0MiB / 12196MiB |      0%      Default |
+-------------------------------+----------------------+----------------------+
                                                                               
+-----------------------------------------------------------------------------+
| Processes:                                                       GPU Memory |
|  GPU       PID   Type   Process name                             Usage      |
|=============================================================================|
|  No running processes found                                                 |
+-----------------------------------------------------------------------------+
Traceback (most recent call last):
  File "/vol/bitbucket/al4616/miniconda3/envs/simnmt/bin/nmtpy", line 7, in <module>
    exec(compile(f.read(), __file__, 'exec'))
  File "/vol/bitbucket/al4616/simmt/bin/nmtpy", line 109, in <module>
    from nmtpytorch import models
  File "/vol/bitbucket/al4616/simmt/nmtpytorch/models/__init__.py", line 1, in <module>
    from .simmmtrl import SIMRL
  File "/vol/bitbucket/al4616/simmt/nmtpytorch/models/simmmtrl.py", line 21, in <module>
    from nltk.translate.bleu_score import sentence_bleu
ModuleNotFoundError: No module named 'nltk'
Tue Jun  2 20:32:44 2020       
+-----------------------------------------------------------------------------+
| NVIDIA-SMI 435.21       Driver Version: 435.21       CUDA Version: 10.1     |
|-------------------------------+----------------------+----------------------+
| GPU  Name        Persistence-M| Bus-Id        Disp.A | Volatile Uncorr. ECC |
| Fan  Temp  Perf  Pwr:Usage/Cap|         Memory-Usage | GPU-Util  Compute M. |
|===============================+======================+======================|
|   0  TITAN Xp            On   | 00000000:1B:00.0 Off |                  N/A |
| 23%   32C    P8     8W / 250W |      0MiB / 12196MiB |      0%      Default |
+-------------------------------+----------------------+----------------------+
                                                                               
+-----------------------------------------------------------------------------+
| Processes:                                                       GPU Memory |
|  GPU       PID   Type   Process name                             Usage      |
|=============================================================================|
|  No running processes found                                                 |
+-----------------------------------------------------------------------------+
 20:32:44 up 14 days, 11:22,  2 users,  load average: 8.51, 8.66, 8.48
